<?xml version="1.0" encoding="UTF-8"?>
<testsuites>
  <testsuite name="/app/phpunit.xml.dist" tests="60" assertions="1656" errors="0" failures="0" skipped="0" time="5.782289">
    <testsuite name="Unit" tests="30" assertions="251" errors="0" failures="0" skipped="0" time="0.705640">
      <testsuite name="Tests\Unit\GammaMatrix\Playground\Matrix\Backlog\ModelTest" file="/app/tests/Unit/Backlog/ModelTest.php" tests="2" assertions="19" errors="0" failures="0" skipped="0" time="0.500586">
        <testcase name="test_model_instance" file="/app/vendor/gammamatrix/playground-test/src/Unit/Models/ModelCase.php" line="100" class="Tests\Unit\GammaMatrix\Playground\Matrix\Backlog\ModelTest" classname="Tests.Unit.GammaMatrix.Playground.Matrix.Backlog.ModelTest" assertions="1" time="0.163747"/>
        <testcase name="test_verify_model_relationships" file="/app/vendor/gammamatrix/playground-test/src/Unit/Models/ModelCase.php" line="268" class="Tests\Unit\GammaMatrix\Playground\Matrix\Backlog\ModelTest" classname="Tests.Unit.GammaMatrix.Playground.Matrix.Backlog.ModelTest" assertions="18" time="0.336839"/>
      </testsuite>
      <testsuite name="Tests\Unit\GammaMatrix\Playground\Matrix\Board\ModelTest" file="/app/tests/Unit/Board/ModelTest.php" tests="2" assertions="18" errors="0" failures="0" skipped="0" time="0.014928">
        <testcase name="test_model_instance" file="/app/vendor/gammamatrix/playground-test/src/Unit/Models/ModelCase.php" line="100" class="Tests\Unit\GammaMatrix\Playground\Matrix\Board\ModelTest" classname="Tests.Unit.GammaMatrix.Playground.Matrix.Board.ModelTest" assertions="1" time="0.003971"/>
        <testcase name="test_verify_model_relationships" file="/app/vendor/gammamatrix/playground-test/src/Unit/Models/ModelCase.php" line="268" class="Tests\Unit\GammaMatrix\Playground\Matrix\Board\ModelTest" classname="Tests.Unit.GammaMatrix.Playground.Matrix.Board.ModelTest" assertions="17" time="0.010957"/>
      </testsuite>
      <testsuite name="Tests\Unit\GammaMatrix\Playground\Matrix\Epic\ModelTest" file="/app/tests/Unit/Epic/ModelTest.php" tests="2" assertions="18" errors="0" failures="0" skipped="0" time="0.014803">
        <testcase name="test_model_instance" file="/app/vendor/gammamatrix/playground-test/src/Unit/Models/ModelCase.php" line="100" class="Tests\Unit\GammaMatrix\Playground\Matrix\Epic\ModelTest" classname="Tests.Unit.GammaMatrix.Playground.Matrix.Epic.ModelTest" assertions="1" time="0.003880"/>
        <testcase name="test_verify_model_relationships" file="/app/vendor/gammamatrix/playground-test/src/Unit/Models/ModelCase.php" line="268" class="Tests\Unit\GammaMatrix\Playground\Matrix\Epic\ModelTest" classname="Tests.Unit.GammaMatrix.Playground.Matrix.Epic.ModelTest" assertions="17" time="0.010923"/>
      </testsuite>
      <testsuite name="Tests\Unit\GammaMatrix\Playground\Matrix\Flow\ModelTest" file="/app/tests/Unit/Flow/ModelTest.php" tests="2" assertions="8" errors="0" failures="0" skipped="0" time="0.010531">
        <testcase name="test_model_instance" file="/app/vendor/gammamatrix/playground-test/src/Unit/Models/ModelCase.php" line="100" class="Tests\Unit\GammaMatrix\Playground\Matrix\Flow\ModelTest" classname="Tests.Unit.GammaMatrix.Playground.Matrix.Flow.ModelTest" assertions="1" time="0.003854"/>
        <testcase name="test_verify_model_relationships" file="/app/vendor/gammamatrix/playground-test/src/Unit/Models/ModelCase.php" line="268" class="Tests\Unit\GammaMatrix\Playground\Matrix\Flow\ModelTest" classname="Tests.Unit.GammaMatrix.Playground.Matrix.Flow.ModelTest" assertions="7" time="0.006676"/>
      </testsuite>
      <testsuite name="Tests\Unit\GammaMatrix\Playground\Matrix\Milestone\ModelTest" file="/app/tests/Unit/Milestone/ModelTest.php" tests="2" assertions="18" errors="0" failures="0" skipped="0" time="0.015730">
        <testcase name="test_model_instance" file="/app/vendor/gammamatrix/playground-test/src/Unit/Models/ModelCase.php" line="100" class="Tests\Unit\GammaMatrix\Playground\Matrix\Milestone\ModelTest" classname="Tests.Unit.GammaMatrix.Playground.Matrix.Milestone.ModelTest" assertions="1" time="0.003895"/>
        <testcase name="test_verify_model_relationships" file="/app/vendor/gammamatrix/playground-test/src/Unit/Models/ModelCase.php" line="268" class="Tests\Unit\GammaMatrix\Playground\Matrix\Milestone\ModelTest" classname="Tests.Unit.GammaMatrix.Playground.Matrix.Milestone.ModelTest" assertions="17" time="0.011835"/>
      </testsuite>
      <testsuite name="Tests\Unit\GammaMatrix\Playground\Matrix\Note\ModelTest" file="/app/tests/Unit/Note/ModelTest.php" tests="2" assertions="6" errors="0" failures="0" skipped="0" time="0.009182">
        <testcase name="test_model_instance" file="/app/vendor/gammamatrix/playground-test/src/Unit/Models/ModelCase.php" line="100" class="Tests\Unit\GammaMatrix\Playground\Matrix\Note\ModelTest" classname="Tests.Unit.GammaMatrix.Playground.Matrix.Note.ModelTest" assertions="1" time="0.004443"/>
        <testcase name="test_verify_model_relationships" file="/app/vendor/gammamatrix/playground-test/src/Unit/Models/ModelCase.php" line="268" class="Tests\Unit\GammaMatrix\Playground\Matrix\Note\ModelTest" classname="Tests.Unit.GammaMatrix.Playground.Matrix.Note.ModelTest" assertions="5" time="0.004739"/>
      </testsuite>
      <testsuite name="Tests\Unit\GammaMatrix\Playground\Matrix\Project\ModelTest" file="/app/tests/Unit/Project/ModelTest.php" tests="2" assertions="18" errors="0" failures="0" skipped="0" time="0.015180">
        <testcase name="test_model_instance" file="/app/vendor/gammamatrix/playground-test/src/Unit/Models/ModelCase.php" line="100" class="Tests\Unit\GammaMatrix\Playground\Matrix\Project\ModelTest" classname="Tests.Unit.GammaMatrix.Playground.Matrix.Project.ModelTest" assertions="1" time="0.004020"/>
        <testcase name="test_verify_model_relationships" file="/app/vendor/gammamatrix/playground-test/src/Unit/Models/ModelCase.php" line="268" class="Tests\Unit\GammaMatrix\Playground\Matrix\Project\ModelTest" classname="Tests.Unit.GammaMatrix.Playground.Matrix.Project.ModelTest" assertions="17" time="0.011161"/>
      </testsuite>
      <testsuite name="Tests\Unit\GammaMatrix\Playground\Matrix\Release\ModelTest" file="/app/tests/Unit/Release/ModelTest.php" tests="2" assertions="18" errors="0" failures="0" skipped="0" time="0.015434">
        <testcase name="test_model_instance" file="/app/vendor/gammamatrix/playground-test/src/Unit/Models/ModelCase.php" line="100" class="Tests\Unit\GammaMatrix\Playground\Matrix\Release\ModelTest" classname="Tests.Unit.GammaMatrix.Playground.Matrix.Release.ModelTest" assertions="1" time="0.004182"/>
        <testcase name="test_verify_model_relationships" file="/app/vendor/gammamatrix/playground-test/src/Unit/Models/ModelCase.php" line="268" class="Tests\Unit\GammaMatrix\Playground\Matrix\Release\ModelTest" classname="Tests.Unit.GammaMatrix.Playground.Matrix.Release.ModelTest" assertions="17" time="0.011252"/>
      </testsuite>
      <testsuite name="Tests\Unit\GammaMatrix\Playground\Matrix\Roadmap\ModelTest" file="/app/tests/Unit/Roadmap/ModelTest.php" tests="2" assertions="18" errors="0" failures="0" skipped="0" time="0.016970">
        <testcase name="test_model_instance" file="/app/vendor/gammamatrix/playground-test/src/Unit/Models/ModelCase.php" line="100" class="Tests\Unit\GammaMatrix\Playground\Matrix\Roadmap\ModelTest" classname="Tests.Unit.GammaMatrix.Playground.Matrix.Roadmap.ModelTest" assertions="1" time="0.004007"/>
        <testcase name="test_verify_model_relationships" file="/app/vendor/gammamatrix/playground-test/src/Unit/Models/ModelCase.php" line="268" class="Tests\Unit\GammaMatrix\Playground\Matrix\Roadmap\ModelTest" classname="Tests.Unit.GammaMatrix.Playground.Matrix.Roadmap.ModelTest" assertions="17" time="0.012963"/>
      </testsuite>
      <testsuite name="Tests\Unit\GammaMatrix\Playground\Matrix\Source\ModelTest" file="/app/tests/Unit/Source/ModelTest.php" tests="2" assertions="18" errors="0" failures="0" skipped="0" time="0.015170">
        <testcase name="test_model_instance" file="/app/vendor/gammamatrix/playground-test/src/Unit/Models/ModelCase.php" line="100" class="Tests\Unit\GammaMatrix\Playground\Matrix\Source\ModelTest" classname="Tests.Unit.GammaMatrix.Playground.Matrix.Source.ModelTest" assertions="1" time="0.004064"/>
        <testcase name="test_verify_model_relationships" file="/app/vendor/gammamatrix/playground-test/src/Unit/Models/ModelCase.php" line="268" class="Tests\Unit\GammaMatrix\Playground\Matrix\Source\ModelTest" classname="Tests.Unit.GammaMatrix.Playground.Matrix.Source.ModelTest" assertions="17" time="0.011106"/>
      </testsuite>
      <testsuite name="Tests\Unit\GammaMatrix\Playground\Matrix\Sprint\ModelTest" file="/app/tests/Unit/Sprint/ModelTest.php" tests="2" assertions="18" errors="0" failures="0" skipped="0" time="0.014903">
        <testcase name="test_model_instance" file="/app/vendor/gammamatrix/playground-test/src/Unit/Models/ModelCase.php" line="100" class="Tests\Unit\GammaMatrix\Playground\Matrix\Sprint\ModelTest" classname="Tests.Unit.GammaMatrix.Playground.Matrix.Sprint.ModelTest" assertions="1" time="0.003942"/>
        <testcase name="test_verify_model_relationships" file="/app/vendor/gammamatrix/playground-test/src/Unit/Models/ModelCase.php" line="268" class="Tests\Unit\GammaMatrix\Playground\Matrix\Sprint\ModelTest" classname="Tests.Unit.GammaMatrix.Playground.Matrix.Sprint.ModelTest" assertions="17" time="0.010961"/>
      </testsuite>
      <testsuite name="Tests\Unit\GammaMatrix\Playground\Matrix\Tag\ModelTest" file="/app/tests/Unit/Tag/ModelTest.php" tests="2" assertions="18" errors="0" failures="0" skipped="0" time="0.015120">
        <testcase name="test_model_instance" file="/app/vendor/gammamatrix/playground-test/src/Unit/Models/ModelCase.php" line="100" class="Tests\Unit\GammaMatrix\Playground\Matrix\Tag\ModelTest" classname="Tests.Unit.GammaMatrix.Playground.Matrix.Tag.ModelTest" assertions="1" time="0.004009"/>
        <testcase name="test_verify_model_relationships" file="/app/vendor/gammamatrix/playground-test/src/Unit/Models/ModelCase.php" line="268" class="Tests\Unit\GammaMatrix\Playground\Matrix\Tag\ModelTest" classname="Tests.Unit.GammaMatrix.Playground.Matrix.Tag.ModelTest" assertions="17" time="0.011111"/>
      </testsuite>
      <testsuite name="Tests\Unit\GammaMatrix\Playground\Matrix\Team\ModelTest" file="/app/tests/Unit/Team/ModelTest.php" tests="2" assertions="18" errors="0" failures="0" skipped="0" time="0.015406">
        <testcase name="test_model_instance" file="/app/vendor/gammamatrix/playground-test/src/Unit/Models/ModelCase.php" line="100" class="Tests\Unit\GammaMatrix\Playground\Matrix\Team\ModelTest" classname="Tests.Unit.GammaMatrix.Playground.Matrix.Team.ModelTest" assertions="1" time="0.004035"/>
        <testcase name="test_verify_model_relationships" file="/app/vendor/gammamatrix/playground-test/src/Unit/Models/ModelCase.php" line="268" class="Tests\Unit\GammaMatrix\Playground\Matrix\Team\ModelTest" classname="Tests.Unit.GammaMatrix.Playground.Matrix.Team.ModelTest" assertions="17" time="0.011371"/>
      </testsuite>
      <testsuite name="Tests\Unit\GammaMatrix\Playground\Matrix\Ticket\ModelTest" file="/app/tests/Unit/Ticket/ModelTest.php" tests="2" assertions="20" errors="0" failures="0" skipped="0" time="0.016826">
        <testcase name="test_model_instance" file="/app/vendor/gammamatrix/playground-test/src/Unit/Models/ModelCase.php" line="100" class="Tests\Unit\GammaMatrix\Playground\Matrix\Ticket\ModelTest" classname="Tests.Unit.GammaMatrix.Playground.Matrix.Ticket.ModelTest" assertions="1" time="0.004039"/>
        <testcase name="test_verify_model_relationships" file="/app/vendor/gammamatrix/playground-test/src/Unit/Models/ModelCase.php" line="268" class="Tests\Unit\GammaMatrix\Playground\Matrix\Ticket\ModelTest" classname="Tests.Unit.GammaMatrix.Playground.Matrix.Ticket.ModelTest" assertions="19" time="0.012786"/>
      </testsuite>
      <testsuite name="Tests\Unit\GammaMatrix\Playground\Matrix\Version\ModelTest" file="/app/tests/Unit/Version/ModelTest.php" tests="2" assertions="18" errors="0" failures="0" skipped="0" time="0.014871">
        <testcase name="test_model_instance" file="/app/vendor/gammamatrix/playground-test/src/Unit/Models/ModelCase.php" line="100" class="Tests\Unit\GammaMatrix\Playground\Matrix\Version\ModelTest" classname="Tests.Unit.GammaMatrix.Playground.Matrix.Version.ModelTest" assertions="1" time="0.003951"/>
        <testcase name="test_verify_model_relationships" file="/app/vendor/gammamatrix/playground-test/src/Unit/Models/ModelCase.php" line="268" class="Tests\Unit\GammaMatrix\Playground\Matrix\Version\ModelTest" classname="Tests.Unit.GammaMatrix.Playground.Matrix.Version.ModelTest" assertions="17" time="0.010919"/>
      </testsuite>
    </testsuite>
    <testsuite name="Feature" tests="30" assertions="1405" errors="0" failures="0" skipped="0" time="5.076649">
      <testsuite name="Tests\Feature\GammaMatrix\Playground\Matrix\Backlog\ModelTest" file="/app/tests/Feature/Backlog/ModelTest.php" tests="2" assertions="109" errors="0" failures="0" skipped="0" time="0.426024">
        <testcase name="test_model_instance" file="/app/vendor/gammamatrix/playground-test/src/Feature/Models/ModelCase.php" line="102" class="Tests\Feature\GammaMatrix\Playground\Matrix\Backlog\ModelTest" classname="Tests.Feature.GammaMatrix.Playground.Matrix.Backlog.ModelTest" assertions="1" time="0.071315"/>
        <testcase name="testVerifyRelationships" file="/app/vendor/gammamatrix/playground-test/src/Feature/Models/ModelCase.php" line="483" class="Tests\Feature\GammaMatrix\Playground\Matrix\Backlog\ModelTest" classname="Tests.Feature.GammaMatrix.Playground.Matrix.Backlog.ModelTest" assertions="108" time="0.354709"/>
      </testsuite>
      <testsuite name="Tests\Feature\GammaMatrix\Playground\Matrix\Board\ModelTest" file="/app/tests/Feature/Board/ModelTest.php" tests="2" assertions="103" errors="0" failures="0" skipped="0" time="0.350133">
        <testcase name="test_model_instance" file="/app/vendor/gammamatrix/playground-test/src/Feature/Models/ModelCase.php" line="102" class="Tests\Feature\GammaMatrix\Playground\Matrix\Board\ModelTest" classname="Tests.Feature.GammaMatrix.Playground.Matrix.Board.ModelTest" assertions="1" time="0.074709"/>
        <testcase name="testVerifyRelationships" file="/app/vendor/gammamatrix/playground-test/src/Feature/Models/ModelCase.php" line="483" class="Tests\Feature\GammaMatrix\Playground\Matrix\Board\ModelTest" classname="Tests.Feature.GammaMatrix.Playground.Matrix.Board.ModelTest" assertions="102" time="0.275424"/>
      </testsuite>
      <testsuite name="Tests\Feature\GammaMatrix\Playground\Matrix\Epic\ModelTest" file="/app/tests/Feature/Epic/ModelTest.php" tests="2" assertions="103" errors="0" failures="0" skipped="0" time="0.339969">
        <testcase name="test_model_instance" file="/app/vendor/gammamatrix/playground-test/src/Feature/Models/ModelCase.php" line="102" class="Tests\Feature\GammaMatrix\Playground\Matrix\Epic\ModelTest" classname="Tests.Feature.GammaMatrix.Playground.Matrix.Epic.ModelTest" assertions="1" time="0.070997"/>
        <testcase name="testVerifyRelationships" file="/app/vendor/gammamatrix/playground-test/src/Feature/Models/ModelCase.php" line="483" class="Tests\Feature\GammaMatrix\Playground\Matrix\Epic\ModelTest" classname="Tests.Feature.GammaMatrix.Playground.Matrix.Epic.ModelTest" assertions="102" time="0.268972"/>
      </testsuite>
      <testsuite name="Tests\Feature\GammaMatrix\Playground\Matrix\Flow\ModelTest" file="/app/tests/Feature/Flow/ModelTest.php" tests="2" assertions="43" errors="0" failures="0" skipped="0" time="0.237557">
        <testcase name="test_model_instance" file="/app/vendor/gammamatrix/playground-test/src/Feature/Models/ModelCase.php" line="102" class="Tests\Feature\GammaMatrix\Playground\Matrix\Flow\ModelTest" classname="Tests.Feature.GammaMatrix.Playground.Matrix.Flow.ModelTest" assertions="1" time="0.070618"/>
        <testcase name="testVerifyRelationships" file="/app/vendor/gammamatrix/playground-test/src/Feature/Models/ModelCase.php" line="483" class="Tests\Feature\GammaMatrix\Playground\Matrix\Flow\ModelTest" classname="Tests.Feature.GammaMatrix.Playground.Matrix.Flow.ModelTest" assertions="42" time="0.166939"/>
      </testsuite>
      <testsuite name="Tests\Feature\GammaMatrix\Playground\Matrix\Milestone\ModelTest" file="/app/tests/Feature/Milestone/ModelTest.php" tests="2" assertions="103" errors="0" failures="0" skipped="0" time="0.340401">
        <testcase name="test_model_instance" file="/app/vendor/gammamatrix/playground-test/src/Feature/Models/ModelCase.php" line="102" class="Tests\Feature\GammaMatrix\Playground\Matrix\Milestone\ModelTest" classname="Tests.Feature.GammaMatrix.Playground.Matrix.Milestone.ModelTest" assertions="1" time="0.070901"/>
        <testcase name="testVerifyRelationships" file="/app/vendor/gammamatrix/playground-test/src/Feature/Models/ModelCase.php" line="483" class="Tests\Feature\GammaMatrix\Playground\Matrix\Milestone\ModelTest" classname="Tests.Feature.GammaMatrix.Playground.Matrix.Milestone.ModelTest" assertions="102" time="0.269500"/>
      </testsuite>
      <testsuite name="Tests\Feature\GammaMatrix\Playground\Matrix\Note\ModelTest" file="/app/tests/Feature/Note/ModelTest.php" tests="2" assertions="5" errors="0" failures="0" skipped="0" time="0.142712">
        <testcase name="test_model_instance" file="/app/vendor/gammamatrix/playground-test/src/Feature/Models/ModelCase.php" line="102" class="Tests\Feature\GammaMatrix\Playground\Matrix\Note\ModelTest" classname="Tests.Feature.GammaMatrix.Playground.Matrix.Note.ModelTest" assertions="1" time="0.073091"/>
        <testcase name="testVerifyRelationships" file="/app/vendor/gammamatrix/playground-test/src/Feature/Models/ModelCase.php" line="483" class="Tests\Feature\GammaMatrix\Playground\Matrix\Note\ModelTest" classname="Tests.Feature.GammaMatrix.Playground.Matrix.Note.ModelTest" assertions="4" time="0.069622"/>
      </testsuite>
      <testsuite name="Tests\Feature\GammaMatrix\Playground\Matrix\Project\ModelTest" file="/app/tests/Feature/Project/ModelTest.php" tests="2" assertions="103" errors="0" failures="0" skipped="0" time="0.338953">
        <testcase name="test_model_instance" file="/app/vendor/gammamatrix/playground-test/src/Feature/Models/ModelCase.php" line="102" class="Tests\Feature\GammaMatrix\Playground\Matrix\Project\ModelTest" classname="Tests.Feature.GammaMatrix.Playground.Matrix.Project.ModelTest" assertions="1" time="0.070533"/>
        <testcase name="testVerifyRelationships" file="/app/vendor/gammamatrix/playground-test/src/Feature/Models/ModelCase.php" line="483" class="Tests\Feature\GammaMatrix\Playground\Matrix\Project\ModelTest" classname="Tests.Feature.GammaMatrix.Playground.Matrix.Project.ModelTest" assertions="102" time="0.268420"/>
      </testsuite>
      <testsuite name="Tests\Feature\GammaMatrix\Playground\Matrix\Release\ModelTest" file="/app/tests/Feature/Release/ModelTest.php" tests="2" assertions="103" errors="0" failures="0" skipped="0" time="0.335853">
        <testcase name="test_model_instance" file="/app/vendor/gammamatrix/playground-test/src/Feature/Models/ModelCase.php" line="102" class="Tests\Feature\GammaMatrix\Playground\Matrix\Release\ModelTest" classname="Tests.Feature.GammaMatrix.Playground.Matrix.Release.ModelTest" assertions="1" time="0.069664"/>
        <testcase name="testVerifyRelationships" file="/app/vendor/gammamatrix/playground-test/src/Feature/Models/ModelCase.php" line="483" class="Tests\Feature\GammaMatrix\Playground\Matrix\Release\ModelTest" classname="Tests.Feature.GammaMatrix.Playground.Matrix.Release.ModelTest" assertions="102" time="0.266189"/>
      </testsuite>
      <testsuite name="Tests\Feature\GammaMatrix\Playground\Matrix\Roadmap\ModelTest" file="/app/tests/Feature/Roadmap/ModelTest.php" tests="2" assertions="103" errors="0" failures="0" skipped="0" time="0.360506">
        <testcase name="test_model_instance" file="/app/vendor/gammamatrix/playground-test/src/Feature/Models/ModelCase.php" line="102" class="Tests\Feature\GammaMatrix\Playground\Matrix\Roadmap\ModelTest" classname="Tests.Feature.GammaMatrix.Playground.Matrix.Roadmap.ModelTest" assertions="1" time="0.069104"/>
        <testcase name="testVerifyRelationships" file="/app/vendor/gammamatrix/playground-test/src/Feature/Models/ModelCase.php" line="483" class="Tests\Feature\GammaMatrix\Playground\Matrix\Roadmap\ModelTest" classname="Tests.Feature.GammaMatrix.Playground.Matrix.Roadmap.ModelTest" assertions="102" time="0.291402"/>
      </testsuite>
      <testsuite name="Tests\Feature\GammaMatrix\Playground\Matrix\Source\ModelTest" file="/app/tests/Feature/Source/ModelTest.php" tests="2" assertions="103" errors="0" failures="0" skipped="0" time="0.371159">
        <testcase name="test_model_instance" file="/app/vendor/gammamatrix/playground-test/src/Feature/Models/ModelCase.php" line="102" class="Tests\Feature\GammaMatrix\Playground\Matrix\Source\ModelTest" classname="Tests.Feature.GammaMatrix.Playground.Matrix.Source.ModelTest" assertions="1" time="0.071943"/>
        <testcase name="testVerifyRelationships" file="/app/vendor/gammamatrix/playground-test/src/Feature/Models/ModelCase.php" line="483" class="Tests\Feature\GammaMatrix\Playground\Matrix\Source\ModelTest" classname="Tests.Feature.GammaMatrix.Playground.Matrix.Source.ModelTest" assertions="102" time="0.299216"/>
      </testsuite>
      <testsuite name="Tests\Feature\GammaMatrix\Playground\Matrix\Sprint\ModelTest" file="/app/tests/Feature/Sprint/ModelTest.php" tests="2" assertions="103" errors="0" failures="0" skipped="0" time="0.344586">
        <testcase name="test_model_instance" file="/app/vendor/gammamatrix/playground-test/src/Feature/Models/ModelCase.php" line="102" class="Tests\Feature\GammaMatrix\Playground\Matrix\Sprint\ModelTest" classname="Tests.Feature.GammaMatrix.Playground.Matrix.Sprint.ModelTest" assertions="1" time="0.069810"/>
        <testcase name="testVerifyRelationships" file="/app/vendor/gammamatrix/playground-test/src/Feature/Models/ModelCase.php" line="483" class="Tests\Feature\GammaMatrix\Playground\Matrix\Sprint\ModelTest" classname="Tests.Feature.GammaMatrix.Playground.Matrix.Sprint.ModelTest" assertions="102" time="0.274776"/>
      </testsuite>
      <testsuite name="Tests\Feature\GammaMatrix\Playground\Matrix\Tag\ModelTest" file="/app/tests/Feature/Tag/ModelTest.php" tests="2" assertions="103" errors="0" failures="0" skipped="0" time="0.337098">
        <testcase name="test_model_instance" file="/app/vendor/gammamatrix/playground-test/src/Feature/Models/ModelCase.php" line="102" class="Tests\Feature\GammaMatrix\Playground\Matrix\Tag\ModelTest" classname="Tests.Feature.GammaMatrix.Playground.Matrix.Tag.ModelTest" assertions="1" time="0.070468"/>
        <testcase name="testVerifyRelationships" file="/app/vendor/gammamatrix/playground-test/src/Feature/Models/ModelCase.php" line="483" class="Tests\Feature\GammaMatrix\Playground\Matrix\Tag\ModelTest" classname="Tests.Feature.GammaMatrix.Playground.Matrix.Tag.ModelTest" assertions="102" time="0.266630"/>
      </testsuite>
      <testsuite name="Tests\Feature\GammaMatrix\Playground\Matrix\Team\ModelTest" file="/app/tests/Feature/Team/ModelTest.php" tests="2" assertions="103" errors="0" failures="0" skipped="0" time="0.334891">
        <testcase name="test_model_instance" file="/app/vendor/gammamatrix/playground-test/src/Feature/Models/ModelCase.php" line="102" class="Tests\Feature\GammaMatrix\Playground\Matrix\Team\ModelTest" classname="Tests.Feature.GammaMatrix.Playground.Matrix.Team.ModelTest" assertions="1" time="0.069568"/>
        <testcase name="testVerifyRelationships" file="/app/vendor/gammamatrix/playground-test/src/Feature/Models/ModelCase.php" line="483" class="Tests\Feature\GammaMatrix\Playground\Matrix\Team\ModelTest" classname="Tests.Feature.GammaMatrix.Playground.Matrix.Team.ModelTest" assertions="102" time="0.265323"/>
      </testsuite>
      <testsuite name="Tests\Feature\GammaMatrix\Playground\Matrix\Ticket\ModelTest" file="/app/tests/Feature/Ticket/ModelTest.php" tests="2" assertions="115" errors="0" failures="0" skipped="0" time="0.427300">
        <testcase name="test_model_instance" file="/app/vendor/gammamatrix/playground-test/src/Feature/Models/ModelCase.php" line="102" class="Tests\Feature\GammaMatrix\Playground\Matrix\Ticket\ModelTest" classname="Tests.Feature.GammaMatrix.Playground.Matrix.Ticket.ModelTest" assertions="1" time="0.070861"/>
        <testcase name="testVerifyRelationships" file="/app/vendor/gammamatrix/playground-test/src/Feature/Models/ModelCase.php" line="483" class="Tests\Feature\GammaMatrix\Playground\Matrix\Ticket\ModelTest" classname="Tests.Feature.GammaMatrix.Playground.Matrix.Ticket.ModelTest" assertions="114" time="0.356439"/>
      </testsuite>
      <testsuite name="Tests\Feature\GammaMatrix\Playground\Matrix\Version\ModelTest" file="/app/tests/Feature/Version/ModelTest.php" tests="2" assertions="103" errors="0" failures="0" skipped="0" time="0.389507">
        <testcase name="test_model_instance" file="/app/vendor/gammamatrix/playground-test/src/Feature/Models/ModelCase.php" line="102" class="Tests\Feature\GammaMatrix\Playground\Matrix\Version\ModelTest" classname="Tests.Feature.GammaMatrix.Playground.Matrix.Version.ModelTest" assertions="1" time="0.068887"/>
        <testcase name="testVerifyRelationships" file="/app/vendor/gammamatrix/playground-test/src/Feature/Models/ModelCase.php" line="483" class="Tests\Feature\GammaMatrix\Playground\Matrix\Version\ModelTest" classname="Tests.Feature.GammaMatrix.Playground.Matrix.Version.ModelTest" assertions="102" time="0.320620"/>
      </testsuite>
    </testsuite>
  </testsuite>
</testsuites>
