<?xml version="1.0" encoding="UTF-8"?>
<testsuites>
  <testsuite name="" tests="60" assertions="1656" errors="0" failures="0" skipped="0" time="6.355330">
    <testsuite name="Unit" tests="30" assertions="251" errors="0" failures="0" skipped="0" time="0.753064">
      <testsuite name="Tests\Unit\GammaMatrix\Playground\Matrix\Backlog\ModelTest" file="/app/tests/Unit/Backlog/ModelTest.php" tests="2" assertions="19" errors="0" failures="0" skipped="0" time="0.554239">
        <testcase name="test_model_instance" file="/app/vendor/gammamatrix/playground-test/src/Unit/Models/ModelCase.php" line="100" class="Tests\Unit\GammaMatrix\Playground\Matrix\Backlog\ModelTest" classname="Tests.Unit.GammaMatrix.Playground.Matrix.Backlog.ModelTest" assertions="1" time="0.169589"/>
        <testcase name="test_verify_model_relationships" file="/app/vendor/gammamatrix/playground-test/src/Unit/Models/ModelCase.php" line="268" class="Tests\Unit\GammaMatrix\Playground\Matrix\Backlog\ModelTest" classname="Tests.Unit.GammaMatrix.Playground.Matrix.Backlog.ModelTest" assertions="18" time="0.384650"/>
      </testsuite>
      <testsuite name="Tests\Unit\GammaMatrix\Playground\Matrix\Board\ModelTest" file="/app/tests/Unit/Board/ModelTest.php" tests="2" assertions="18" errors="0" failures="0" skipped="0" time="0.015162">
        <testcase name="test_model_instance" file="/app/vendor/gammamatrix/playground-test/src/Unit/Models/ModelCase.php" line="100" class="Tests\Unit\GammaMatrix\Playground\Matrix\Board\ModelTest" classname="Tests.Unit.GammaMatrix.Playground.Matrix.Board.ModelTest" assertions="1" time="0.004205"/>
        <testcase name="test_verify_model_relationships" file="/app/vendor/gammamatrix/playground-test/src/Unit/Models/ModelCase.php" line="268" class="Tests\Unit\GammaMatrix\Playground\Matrix\Board\ModelTest" classname="Tests.Unit.GammaMatrix.Playground.Matrix.Board.ModelTest" assertions="17" time="0.010957"/>
      </testsuite>
      <testsuite name="Tests\Unit\GammaMatrix\Playground\Matrix\Epic\ModelTest" file="/app/tests/Unit/Epic/ModelTest.php" tests="2" assertions="18" errors="0" failures="0" skipped="0" time="0.014838">
        <testcase name="test_model_instance" file="/app/vendor/gammamatrix/playground-test/src/Unit/Models/ModelCase.php" line="100" class="Tests\Unit\GammaMatrix\Playground\Matrix\Epic\ModelTest" classname="Tests.Unit.GammaMatrix.Playground.Matrix.Epic.ModelTest" assertions="1" time="0.004241"/>
        <testcase name="test_verify_model_relationships" file="/app/vendor/gammamatrix/playground-test/src/Unit/Models/ModelCase.php" line="268" class="Tests\Unit\GammaMatrix\Playground\Matrix\Epic\ModelTest" classname="Tests.Unit.GammaMatrix.Playground.Matrix.Epic.ModelTest" assertions="17" time="0.010597"/>
      </testsuite>
      <testsuite name="Tests\Unit\GammaMatrix\Playground\Matrix\Flow\ModelTest" file="/app/tests/Unit/Flow/ModelTest.php" tests="2" assertions="8" errors="0" failures="0" skipped="0" time="0.010745">
        <testcase name="test_model_instance" file="/app/vendor/gammamatrix/playground-test/src/Unit/Models/ModelCase.php" line="100" class="Tests\Unit\GammaMatrix\Playground\Matrix\Flow\ModelTest" classname="Tests.Unit.GammaMatrix.Playground.Matrix.Flow.ModelTest" assertions="1" time="0.004246"/>
        <testcase name="test_verify_model_relationships" file="/app/vendor/gammamatrix/playground-test/src/Unit/Models/ModelCase.php" line="268" class="Tests\Unit\GammaMatrix\Playground\Matrix\Flow\ModelTest" classname="Tests.Unit.GammaMatrix.Playground.Matrix.Flow.ModelTest" assertions="7" time="0.006499"/>
      </testsuite>
      <testsuite name="Tests\Unit\GammaMatrix\Playground\Matrix\Milestone\ModelTest" file="/app/tests/Unit/Milestone/ModelTest.php" tests="2" assertions="18" errors="0" failures="0" skipped="0" time="0.014920">
        <testcase name="test_model_instance" file="/app/vendor/gammamatrix/playground-test/src/Unit/Models/ModelCase.php" line="100" class="Tests\Unit\GammaMatrix\Playground\Matrix\Milestone\ModelTest" classname="Tests.Unit.GammaMatrix.Playground.Matrix.Milestone.ModelTest" assertions="1" time="0.004145"/>
        <testcase name="test_verify_model_relationships" file="/app/vendor/gammamatrix/playground-test/src/Unit/Models/ModelCase.php" line="268" class="Tests\Unit\GammaMatrix\Playground\Matrix\Milestone\ModelTest" classname="Tests.Unit.GammaMatrix.Playground.Matrix.Milestone.ModelTest" assertions="17" time="0.010775"/>
      </testsuite>
      <testsuite name="Tests\Unit\GammaMatrix\Playground\Matrix\Note\ModelTest" file="/app/tests/Unit/Note/ModelTest.php" tests="2" assertions="6" errors="0" failures="0" skipped="0" time="0.008180">
        <testcase name="test_model_instance" file="/app/vendor/gammamatrix/playground-test/src/Unit/Models/ModelCase.php" line="100" class="Tests\Unit\GammaMatrix\Playground\Matrix\Note\ModelTest" classname="Tests.Unit.GammaMatrix.Playground.Matrix.Note.ModelTest" assertions="1" time="0.004243"/>
        <testcase name="test_verify_model_relationships" file="/app/vendor/gammamatrix/playground-test/src/Unit/Models/ModelCase.php" line="268" class="Tests\Unit\GammaMatrix\Playground\Matrix\Note\ModelTest" classname="Tests.Unit.GammaMatrix.Playground.Matrix.Note.ModelTest" assertions="5" time="0.003937"/>
      </testsuite>
      <testsuite name="Tests\Unit\GammaMatrix\Playground\Matrix\Project\ModelTest" file="/app/tests/Unit/Project/ModelTest.php" tests="2" assertions="18" errors="0" failures="0" skipped="0" time="0.015033">
        <testcase name="test_model_instance" file="/app/vendor/gammamatrix/playground-test/src/Unit/Models/ModelCase.php" line="100" class="Tests\Unit\GammaMatrix\Playground\Matrix\Project\ModelTest" classname="Tests.Unit.GammaMatrix.Playground.Matrix.Project.ModelTest" assertions="1" time="0.004174"/>
        <testcase name="test_verify_model_relationships" file="/app/vendor/gammamatrix/playground-test/src/Unit/Models/ModelCase.php" line="268" class="Tests\Unit\GammaMatrix\Playground\Matrix\Project\ModelTest" classname="Tests.Unit.GammaMatrix.Playground.Matrix.Project.ModelTest" assertions="17" time="0.010859"/>
      </testsuite>
      <testsuite name="Tests\Unit\GammaMatrix\Playground\Matrix\Release\ModelTest" file="/app/tests/Unit/Release/ModelTest.php" tests="2" assertions="18" errors="0" failures="0" skipped="0" time="0.014683">
        <testcase name="test_model_instance" file="/app/vendor/gammamatrix/playground-test/src/Unit/Models/ModelCase.php" line="100" class="Tests\Unit\GammaMatrix\Playground\Matrix\Release\ModelTest" classname="Tests.Unit.GammaMatrix.Playground.Matrix.Release.ModelTest" assertions="1" time="0.004107"/>
        <testcase name="test_verify_model_relationships" file="/app/vendor/gammamatrix/playground-test/src/Unit/Models/ModelCase.php" line="268" class="Tests\Unit\GammaMatrix\Playground\Matrix\Release\ModelTest" classname="Tests.Unit.GammaMatrix.Playground.Matrix.Release.ModelTest" assertions="17" time="0.010576"/>
      </testsuite>
      <testsuite name="Tests\Unit\GammaMatrix\Playground\Matrix\Roadmap\ModelTest" file="/app/tests/Unit/Roadmap/ModelTest.php" tests="2" assertions="18" errors="0" failures="0" skipped="0" time="0.014686">
        <testcase name="test_model_instance" file="/app/vendor/gammamatrix/playground-test/src/Unit/Models/ModelCase.php" line="100" class="Tests\Unit\GammaMatrix\Playground\Matrix\Roadmap\ModelTest" classname="Tests.Unit.GammaMatrix.Playground.Matrix.Roadmap.ModelTest" assertions="1" time="0.004322"/>
        <testcase name="test_verify_model_relationships" file="/app/vendor/gammamatrix/playground-test/src/Unit/Models/ModelCase.php" line="268" class="Tests\Unit\GammaMatrix\Playground\Matrix\Roadmap\ModelTest" classname="Tests.Unit.GammaMatrix.Playground.Matrix.Roadmap.ModelTest" assertions="17" time="0.010364"/>
      </testsuite>
      <testsuite name="Tests\Unit\GammaMatrix\Playground\Matrix\Source\ModelTest" file="/app/tests/Unit/Source/ModelTest.php" tests="2" assertions="18" errors="0" failures="0" skipped="0" time="0.014624">
        <testcase name="test_model_instance" file="/app/vendor/gammamatrix/playground-test/src/Unit/Models/ModelCase.php" line="100" class="Tests\Unit\GammaMatrix\Playground\Matrix\Source\ModelTest" classname="Tests.Unit.GammaMatrix.Playground.Matrix.Source.ModelTest" assertions="1" time="0.004072"/>
        <testcase name="test_verify_model_relationships" file="/app/vendor/gammamatrix/playground-test/src/Unit/Models/ModelCase.php" line="268" class="Tests\Unit\GammaMatrix\Playground\Matrix\Source\ModelTest" classname="Tests.Unit.GammaMatrix.Playground.Matrix.Source.ModelTest" assertions="17" time="0.010551"/>
      </testsuite>
      <testsuite name="Tests\Unit\GammaMatrix\Playground\Matrix\Sprint\ModelTest" file="/app/tests/Unit/Sprint/ModelTest.php" tests="2" assertions="18" errors="0" failures="0" skipped="0" time="0.015364">
        <testcase name="test_model_instance" file="/app/vendor/gammamatrix/playground-test/src/Unit/Models/ModelCase.php" line="100" class="Tests\Unit\GammaMatrix\Playground\Matrix\Sprint\ModelTest" classname="Tests.Unit.GammaMatrix.Playground.Matrix.Sprint.ModelTest" assertions="1" time="0.004352"/>
        <testcase name="test_verify_model_relationships" file="/app/vendor/gammamatrix/playground-test/src/Unit/Models/ModelCase.php" line="268" class="Tests\Unit\GammaMatrix\Playground\Matrix\Sprint\ModelTest" classname="Tests.Unit.GammaMatrix.Playground.Matrix.Sprint.ModelTest" assertions="17" time="0.011012"/>
      </testsuite>
      <testsuite name="Tests\Unit\GammaMatrix\Playground\Matrix\Tag\ModelTest" file="/app/tests/Unit/Tag/ModelTest.php" tests="2" assertions="18" errors="0" failures="0" skipped="0" time="0.015614">
        <testcase name="test_model_instance" file="/app/vendor/gammamatrix/playground-test/src/Unit/Models/ModelCase.php" line="100" class="Tests\Unit\GammaMatrix\Playground\Matrix\Tag\ModelTest" classname="Tests.Unit.GammaMatrix.Playground.Matrix.Tag.ModelTest" assertions="1" time="0.004406"/>
        <testcase name="test_verify_model_relationships" file="/app/vendor/gammamatrix/playground-test/src/Unit/Models/ModelCase.php" line="268" class="Tests\Unit\GammaMatrix\Playground\Matrix\Tag\ModelTest" classname="Tests.Unit.GammaMatrix.Playground.Matrix.Tag.ModelTest" assertions="17" time="0.011208"/>
      </testsuite>
      <testsuite name="Tests\Unit\GammaMatrix\Playground\Matrix\Team\ModelTest" file="/app/tests/Unit/Team/ModelTest.php" tests="2" assertions="18" errors="0" failures="0" skipped="0" time="0.014791">
        <testcase name="test_model_instance" file="/app/vendor/gammamatrix/playground-test/src/Unit/Models/ModelCase.php" line="100" class="Tests\Unit\GammaMatrix\Playground\Matrix\Team\ModelTest" classname="Tests.Unit.GammaMatrix.Playground.Matrix.Team.ModelTest" assertions="1" time="0.004151"/>
        <testcase name="test_verify_model_relationships" file="/app/vendor/gammamatrix/playground-test/src/Unit/Models/ModelCase.php" line="268" class="Tests\Unit\GammaMatrix\Playground\Matrix\Team\ModelTest" classname="Tests.Unit.GammaMatrix.Playground.Matrix.Team.ModelTest" assertions="17" time="0.010640"/>
      </testsuite>
      <testsuite name="Tests\Unit\GammaMatrix\Playground\Matrix\Ticket\ModelTest" file="/app/tests/Unit/Ticket/ModelTest.php" tests="2" assertions="20" errors="0" failures="0" skipped="0" time="0.015341">
        <testcase name="test_model_instance" file="/app/vendor/gammamatrix/playground-test/src/Unit/Models/ModelCase.php" line="100" class="Tests\Unit\GammaMatrix\Playground\Matrix\Ticket\ModelTest" classname="Tests.Unit.GammaMatrix.Playground.Matrix.Ticket.ModelTest" assertions="1" time="0.004162"/>
        <testcase name="test_verify_model_relationships" file="/app/vendor/gammamatrix/playground-test/src/Unit/Models/ModelCase.php" line="268" class="Tests\Unit\GammaMatrix\Playground\Matrix\Ticket\ModelTest" classname="Tests.Unit.GammaMatrix.Playground.Matrix.Ticket.ModelTest" assertions="19" time="0.011179"/>
      </testsuite>
      <testsuite name="Tests\Unit\GammaMatrix\Playground\Matrix\Version\ModelTest" file="/app/tests/Unit/Version/ModelTest.php" tests="2" assertions="18" errors="0" failures="0" skipped="0" time="0.014844">
        <testcase name="test_model_instance" file="/app/vendor/gammamatrix/playground-test/src/Unit/Models/ModelCase.php" line="100" class="Tests\Unit\GammaMatrix\Playground\Matrix\Version\ModelTest" classname="Tests.Unit.GammaMatrix.Playground.Matrix.Version.ModelTest" assertions="1" time="0.004289"/>
        <testcase name="test_verify_model_relationships" file="/app/vendor/gammamatrix/playground-test/src/Unit/Models/ModelCase.php" line="268" class="Tests\Unit\GammaMatrix\Playground\Matrix\Version\ModelTest" classname="Tests.Unit.GammaMatrix.Playground.Matrix.Version.ModelTest" assertions="17" time="0.010555"/>
      </testsuite>
    </testsuite>
    <testsuite name="Feature" tests="30" assertions="1405" errors="0" failures="0" skipped="0" time="5.602267">
      <testsuite name="Tests\Feature\GammaMatrix\Playground\Matrix\Backlog\ModelTest" file="/app/tests/Feature/Backlog/ModelTest.php" tests="2" assertions="109" errors="0" failures="0" skipped="0" time="0.476734">
        <testcase name="test_model_instance" file="/app/vendor/gammamatrix/playground-test/src/Feature/Models/ModelCase.php" line="102" class="Tests\Feature\GammaMatrix\Playground\Matrix\Backlog\ModelTest" classname="Tests.Feature.GammaMatrix.Playground.Matrix.Backlog.ModelTest" assertions="1" time="0.076461"/>
        <testcase name="testVerifyRelationships" file="/app/vendor/gammamatrix/playground-test/src/Feature/Models/ModelCase.php" line="483" class="Tests\Feature\GammaMatrix\Playground\Matrix\Backlog\ModelTest" classname="Tests.Feature.GammaMatrix.Playground.Matrix.Backlog.ModelTest" assertions="108" time="0.400273"/>
      </testsuite>
      <testsuite name="Tests\Feature\GammaMatrix\Playground\Matrix\Board\ModelTest" file="/app/tests/Feature/Board/ModelTest.php" tests="2" assertions="103" errors="0" failures="0" skipped="0" time="0.386201">
        <testcase name="test_model_instance" file="/app/vendor/gammamatrix/playground-test/src/Feature/Models/ModelCase.php" line="102" class="Tests\Feature\GammaMatrix\Playground\Matrix\Board\ModelTest" classname="Tests.Feature.GammaMatrix.Playground.Matrix.Board.ModelTest" assertions="1" time="0.078829"/>
        <testcase name="testVerifyRelationships" file="/app/vendor/gammamatrix/playground-test/src/Feature/Models/ModelCase.php" line="483" class="Tests\Feature\GammaMatrix\Playground\Matrix\Board\ModelTest" classname="Tests.Feature.GammaMatrix.Playground.Matrix.Board.ModelTest" assertions="102" time="0.307372"/>
      </testsuite>
      <testsuite name="Tests\Feature\GammaMatrix\Playground\Matrix\Epic\ModelTest" file="/app/tests/Feature/Epic/ModelTest.php" tests="2" assertions="103" errors="0" failures="0" skipped="0" time="0.420512">
        <testcase name="test_model_instance" file="/app/vendor/gammamatrix/playground-test/src/Feature/Models/ModelCase.php" line="102" class="Tests\Feature\GammaMatrix\Playground\Matrix\Epic\ModelTest" classname="Tests.Feature.GammaMatrix.Playground.Matrix.Epic.ModelTest" assertions="1" time="0.075361"/>
        <testcase name="testVerifyRelationships" file="/app/vendor/gammamatrix/playground-test/src/Feature/Models/ModelCase.php" line="483" class="Tests\Feature\GammaMatrix\Playground\Matrix\Epic\ModelTest" classname="Tests.Feature.GammaMatrix.Playground.Matrix.Epic.ModelTest" assertions="102" time="0.345151"/>
      </testsuite>
      <testsuite name="Tests\Feature\GammaMatrix\Playground\Matrix\Flow\ModelTest" file="/app/tests/Feature/Flow/ModelTest.php" tests="2" assertions="43" errors="0" failures="0" skipped="0" time="0.224801">
        <testcase name="test_model_instance" file="/app/vendor/gammamatrix/playground-test/src/Feature/Models/ModelCase.php" line="102" class="Tests\Feature\GammaMatrix\Playground\Matrix\Flow\ModelTest" classname="Tests.Feature.GammaMatrix.Playground.Matrix.Flow.ModelTest" assertions="1" time="0.073703"/>
        <testcase name="testVerifyRelationships" file="/app/vendor/gammamatrix/playground-test/src/Feature/Models/ModelCase.php" line="483" class="Tests\Feature\GammaMatrix\Playground\Matrix\Flow\ModelTest" classname="Tests.Feature.GammaMatrix.Playground.Matrix.Flow.ModelTest" assertions="42" time="0.151098"/>
      </testsuite>
      <testsuite name="Tests\Feature\GammaMatrix\Playground\Matrix\Milestone\ModelTest" file="/app/tests/Feature/Milestone/ModelTest.php" tests="2" assertions="103" errors="0" failures="0" skipped="0" time="0.370069">
        <testcase name="test_model_instance" file="/app/vendor/gammamatrix/playground-test/src/Feature/Models/ModelCase.php" line="102" class="Tests\Feature\GammaMatrix\Playground\Matrix\Milestone\ModelTest" classname="Tests.Feature.GammaMatrix.Playground.Matrix.Milestone.ModelTest" assertions="1" time="0.073678"/>
        <testcase name="testVerifyRelationships" file="/app/vendor/gammamatrix/playground-test/src/Feature/Models/ModelCase.php" line="483" class="Tests\Feature\GammaMatrix\Playground\Matrix\Milestone\ModelTest" classname="Tests.Feature.GammaMatrix.Playground.Matrix.Milestone.ModelTest" assertions="102" time="0.296391"/>
      </testsuite>
      <testsuite name="Tests\Feature\GammaMatrix\Playground\Matrix\Note\ModelTest" file="/app/tests/Feature/Note/ModelTest.php" tests="2" assertions="5" errors="0" failures="0" skipped="0" time="0.149234">
        <testcase name="test_model_instance" file="/app/vendor/gammamatrix/playground-test/src/Feature/Models/ModelCase.php" line="102" class="Tests\Feature\GammaMatrix\Playground\Matrix\Note\ModelTest" classname="Tests.Feature.GammaMatrix.Playground.Matrix.Note.ModelTest" assertions="1" time="0.074820"/>
        <testcase name="testVerifyRelationships" file="/app/vendor/gammamatrix/playground-test/src/Feature/Models/ModelCase.php" line="483" class="Tests\Feature\GammaMatrix\Playground\Matrix\Note\ModelTest" classname="Tests.Feature.GammaMatrix.Playground.Matrix.Note.ModelTest" assertions="4" time="0.074414"/>
      </testsuite>
      <testsuite name="Tests\Feature\GammaMatrix\Playground\Matrix\Project\ModelTest" file="/app/tests/Feature/Project/ModelTest.php" tests="2" assertions="103" errors="0" failures="0" skipped="0" time="0.368487">
        <testcase name="test_model_instance" file="/app/vendor/gammamatrix/playground-test/src/Feature/Models/ModelCase.php" line="102" class="Tests\Feature\GammaMatrix\Playground\Matrix\Project\ModelTest" classname="Tests.Feature.GammaMatrix.Playground.Matrix.Project.ModelTest" assertions="1" time="0.074045"/>
        <testcase name="testVerifyRelationships" file="/app/vendor/gammamatrix/playground-test/src/Feature/Models/ModelCase.php" line="483" class="Tests\Feature\GammaMatrix\Playground\Matrix\Project\ModelTest" classname="Tests.Feature.GammaMatrix.Playground.Matrix.Project.ModelTest" assertions="102" time="0.294442"/>
      </testsuite>
      <testsuite name="Tests\Feature\GammaMatrix\Playground\Matrix\Release\ModelTest" file="/app/tests/Feature/Release/ModelTest.php" tests="2" assertions="103" errors="0" failures="0" skipped="0" time="0.427888">
        <testcase name="test_model_instance" file="/app/vendor/gammamatrix/playground-test/src/Feature/Models/ModelCase.php" line="102" class="Tests\Feature\GammaMatrix\Playground\Matrix\Release\ModelTest" classname="Tests.Feature.GammaMatrix.Playground.Matrix.Release.ModelTest" assertions="1" time="0.073489"/>
        <testcase name="testVerifyRelationships" file="/app/vendor/gammamatrix/playground-test/src/Feature/Models/ModelCase.php" line="483" class="Tests\Feature\GammaMatrix\Playground\Matrix\Release\ModelTest" classname="Tests.Feature.GammaMatrix.Playground.Matrix.Release.ModelTest" assertions="102" time="0.354398"/>
      </testsuite>
      <testsuite name="Tests\Feature\GammaMatrix\Playground\Matrix\Roadmap\ModelTest" file="/app/tests/Feature/Roadmap/ModelTest.php" tests="2" assertions="103" errors="0" failures="0" skipped="0" time="0.371153">
        <testcase name="test_model_instance" file="/app/vendor/gammamatrix/playground-test/src/Feature/Models/ModelCase.php" line="102" class="Tests\Feature\GammaMatrix\Playground\Matrix\Roadmap\ModelTest" classname="Tests.Feature.GammaMatrix.Playground.Matrix.Roadmap.ModelTest" assertions="1" time="0.073965"/>
        <testcase name="testVerifyRelationships" file="/app/vendor/gammamatrix/playground-test/src/Feature/Models/ModelCase.php" line="483" class="Tests\Feature\GammaMatrix\Playground\Matrix\Roadmap\ModelTest" classname="Tests.Feature.GammaMatrix.Playground.Matrix.Roadmap.ModelTest" assertions="102" time="0.297188"/>
      </testsuite>
      <testsuite name="Tests\Feature\GammaMatrix\Playground\Matrix\Source\ModelTest" file="/app/tests/Feature/Source/ModelTest.php" tests="2" assertions="103" errors="0" failures="0" skipped="0" time="0.369620">
        <testcase name="test_model_instance" file="/app/vendor/gammamatrix/playground-test/src/Feature/Models/ModelCase.php" line="102" class="Tests\Feature\GammaMatrix\Playground\Matrix\Source\ModelTest" classname="Tests.Feature.GammaMatrix.Playground.Matrix.Source.ModelTest" assertions="1" time="0.073125"/>
        <testcase name="testVerifyRelationships" file="/app/vendor/gammamatrix/playground-test/src/Feature/Models/ModelCase.php" line="483" class="Tests\Feature\GammaMatrix\Playground\Matrix\Source\ModelTest" classname="Tests.Feature.GammaMatrix.Playground.Matrix.Source.ModelTest" assertions="102" time="0.296496"/>
      </testsuite>
      <testsuite name="Tests\Feature\GammaMatrix\Playground\Matrix\Sprint\ModelTest" file="/app/tests/Feature/Sprint/ModelTest.php" tests="2" assertions="103" errors="0" failures="0" skipped="0" time="0.367666">
        <testcase name="test_model_instance" file="/app/vendor/gammamatrix/playground-test/src/Feature/Models/ModelCase.php" line="102" class="Tests\Feature\GammaMatrix\Playground\Matrix\Sprint\ModelTest" classname="Tests.Feature.GammaMatrix.Playground.Matrix.Sprint.ModelTest" assertions="1" time="0.073576"/>
        <testcase name="testVerifyRelationships" file="/app/vendor/gammamatrix/playground-test/src/Feature/Models/ModelCase.php" line="483" class="Tests\Feature\GammaMatrix\Playground\Matrix\Sprint\ModelTest" classname="Tests.Feature.GammaMatrix.Playground.Matrix.Sprint.ModelTest" assertions="102" time="0.294090"/>
      </testsuite>
      <testsuite name="Tests\Feature\GammaMatrix\Playground\Matrix\Tag\ModelTest" file="/app/tests/Feature/Tag/ModelTest.php" tests="2" assertions="103" errors="0" failures="0" skipped="0" time="0.364819">
        <testcase name="test_model_instance" file="/app/vendor/gammamatrix/playground-test/src/Feature/Models/ModelCase.php" line="102" class="Tests\Feature\GammaMatrix\Playground\Matrix\Tag\ModelTest" classname="Tests.Feature.GammaMatrix.Playground.Matrix.Tag.ModelTest" assertions="1" time="0.072321"/>
        <testcase name="testVerifyRelationships" file="/app/vendor/gammamatrix/playground-test/src/Feature/Models/ModelCase.php" line="483" class="Tests\Feature\GammaMatrix\Playground\Matrix\Tag\ModelTest" classname="Tests.Feature.GammaMatrix.Playground.Matrix.Tag.ModelTest" assertions="102" time="0.292498"/>
      </testsuite>
      <testsuite name="Tests\Feature\GammaMatrix\Playground\Matrix\Team\ModelTest" file="/app/tests/Feature/Team/ModelTest.php" tests="2" assertions="103" errors="0" failures="0" skipped="0" time="0.450206">
        <testcase name="test_model_instance" file="/app/vendor/gammamatrix/playground-test/src/Feature/Models/ModelCase.php" line="102" class="Tests\Feature\GammaMatrix\Playground\Matrix\Team\ModelTest" classname="Tests.Feature.GammaMatrix.Playground.Matrix.Team.ModelTest" assertions="1" time="0.072689"/>
        <testcase name="testVerifyRelationships" file="/app/vendor/gammamatrix/playground-test/src/Feature/Models/ModelCase.php" line="483" class="Tests\Feature\GammaMatrix\Playground\Matrix\Team\ModelTest" classname="Tests.Feature.GammaMatrix.Playground.Matrix.Team.ModelTest" assertions="102" time="0.377517"/>
      </testsuite>
      <testsuite name="Tests\Feature\GammaMatrix\Playground\Matrix\Ticket\ModelTest" file="/app/tests/Feature/Ticket/ModelTest.php" tests="2" assertions="115" errors="0" failures="0" skipped="0" time="0.482116">
        <testcase name="test_model_instance" file="/app/vendor/gammamatrix/playground-test/src/Feature/Models/ModelCase.php" line="102" class="Tests\Feature\GammaMatrix\Playground\Matrix\Ticket\ModelTest" classname="Tests.Feature.GammaMatrix.Playground.Matrix.Ticket.ModelTest" assertions="1" time="0.073229"/>
        <testcase name="testVerifyRelationships" file="/app/vendor/gammamatrix/playground-test/src/Feature/Models/ModelCase.php" line="483" class="Tests\Feature\GammaMatrix\Playground\Matrix\Ticket\ModelTest" classname="Tests.Feature.GammaMatrix.Playground.Matrix.Ticket.ModelTest" assertions="114" time="0.408888"/>
      </testsuite>
      <testsuite name="Tests\Feature\GammaMatrix\Playground\Matrix\Version\ModelTest" file="/app/tests/Feature/Version/ModelTest.php" tests="2" assertions="103" errors="0" failures="0" skipped="0" time="0.372761">
        <testcase name="test_model_instance" file="/app/vendor/gammamatrix/playground-test/src/Feature/Models/ModelCase.php" line="102" class="Tests\Feature\GammaMatrix\Playground\Matrix\Version\ModelTest" classname="Tests.Feature.GammaMatrix.Playground.Matrix.Version.ModelTest" assertions="1" time="0.072686"/>
        <testcase name="testVerifyRelationships" file="/app/vendor/gammamatrix/playground-test/src/Feature/Models/ModelCase.php" line="483" class="Tests\Feature\GammaMatrix\Playground\Matrix\Version\ModelTest" classname="Tests.Feature.GammaMatrix.Playground.Matrix.Version.ModelTest" assertions="102" time="0.300076"/>
      </testsuite>
    </testsuite>
  </testsuite>
</testsuites>
