<?xml version="1.0" encoding="UTF-8"?>
<testsuites>
  <testsuite name="/app/phpunit.xml.dist" tests="90" assertions="1746" errors="0" failures="0" skipped="0" time="23.832985">
    <testsuite name="Unit" tests="45" assertions="296" errors="0" failures="0" skipped="0" time="1.765055">
      <testsuite name="Tests\Unit\Playground\Matrix\Models\Backlog\ModelTest" file="/app/tests/Unit/Models/Backlog/ModelTest.php" tests="3" assertions="22" errors="0" failures="0" skipped="0" time="0.752029">
        <testcase name="test_model_instance" file="/app/vendor/gammamatrix/playground-test/src/Unit/Models/ModelCase.php" line="114" class="Tests\Unit\Playground\Matrix\Models\Backlog\ModelTest" classname="Tests.Unit.Playground.Matrix.Models.Backlog.ModelTest" assertions="1" time="0.240501"/>
        <testcase name="test_verify_model_relationships" file="/app/vendor/gammamatrix/playground-test/src/Unit/Models/ModelCase.php" line="275" class="Tests\Unit\Playground\Matrix\Models\Backlog\ModelTest" classname="Tests.Unit.Playground.Matrix.Models.Backlog.ModelTest" assertions="18" time="0.480289"/>
        <testcase name="test_model_factory_make" file="/app/vendor/gammamatrix/playground-test/src/Unit/Models/ModelCase.php" line="291" class="Tests\Unit\Playground\Matrix\Models\Backlog\ModelTest" classname="Tests.Unit.Playground.Matrix.Models.Backlog.ModelTest" assertions="3" time="0.031239"/>
      </testsuite>
      <testsuite name="Tests\Unit\Playground\Matrix\Models\Board\ModelTest" file="/app/tests/Unit/Models/Board/ModelTest.php" tests="3" assertions="21" errors="0" failures="0" skipped="0" time="0.070922">
        <testcase name="test_model_instance" file="/app/vendor/gammamatrix/playground-test/src/Unit/Models/ModelCase.php" line="114" class="Tests\Unit\Playground\Matrix\Models\Board\ModelTest" classname="Tests.Unit.Playground.Matrix.Models.Board.ModelTest" assertions="1" time="0.020566"/>
        <testcase name="test_verify_model_relationships" file="/app/vendor/gammamatrix/playground-test/src/Unit/Models/ModelCase.php" line="275" class="Tests\Unit\Playground\Matrix\Models\Board\ModelTest" classname="Tests.Unit.Playground.Matrix.Models.Board.ModelTest" assertions="17" time="0.028706"/>
        <testcase name="test_model_factory_make" file="/app/vendor/gammamatrix/playground-test/src/Unit/Models/ModelCase.php" line="291" class="Tests\Unit\Playground\Matrix\Models\Board\ModelTest" classname="Tests.Unit.Playground.Matrix.Models.Board.ModelTest" assertions="3" time="0.021650"/>
      </testsuite>
      <testsuite name="Tests\Unit\Playground\Matrix\Models\Epic\ModelTest" file="/app/tests/Unit/Models/Epic/ModelTest.php" tests="3" assertions="21" errors="0" failures="0" skipped="0" time="0.075679">
        <testcase name="test_model_instance" file="/app/vendor/gammamatrix/playground-test/src/Unit/Models/ModelCase.php" line="114" class="Tests\Unit\Playground\Matrix\Models\Epic\ModelTest" classname="Tests.Unit.Playground.Matrix.Models.Epic.ModelTest" assertions="1" time="0.020286"/>
        <testcase name="test_verify_model_relationships" file="/app/vendor/gammamatrix/playground-test/src/Unit/Models/ModelCase.php" line="275" class="Tests\Unit\Playground\Matrix\Models\Epic\ModelTest" classname="Tests.Unit.Playground.Matrix.Models.Epic.ModelTest" assertions="17" time="0.030409"/>
        <testcase name="test_model_factory_make" file="/app/vendor/gammamatrix/playground-test/src/Unit/Models/ModelCase.php" line="291" class="Tests\Unit\Playground\Matrix\Models\Epic\ModelTest" classname="Tests.Unit.Playground.Matrix.Models.Epic.ModelTest" assertions="3" time="0.024984"/>
      </testsuite>
      <testsuite name="Tests\Unit\Playground\Matrix\Models\Flow\ModelTest" file="/app/tests/Unit/Models/Flow/ModelTest.php" tests="3" assertions="11" errors="0" failures="0" skipped="0" time="0.070573">
        <testcase name="test_model_instance" file="/app/vendor/gammamatrix/playground-test/src/Unit/Models/ModelCase.php" line="114" class="Tests\Unit\Playground\Matrix\Models\Flow\ModelTest" classname="Tests.Unit.Playground.Matrix.Models.Flow.ModelTest" assertions="1" time="0.021290"/>
        <testcase name="test_verify_model_relationships" file="/app/vendor/gammamatrix/playground-test/src/Unit/Models/ModelCase.php" line="275" class="Tests\Unit\Playground\Matrix\Models\Flow\ModelTest" classname="Tests.Unit.Playground.Matrix.Models.Flow.ModelTest" assertions="7" time="0.024128"/>
        <testcase name="test_model_factory_make" file="/app/vendor/gammamatrix/playground-test/src/Unit/Models/ModelCase.php" line="291" class="Tests\Unit\Playground\Matrix\Models\Flow\ModelTest" classname="Tests.Unit.Playground.Matrix.Models.Flow.ModelTest" assertions="3" time="0.025156"/>
      </testsuite>
      <testsuite name="Tests\Unit\Playground\Matrix\Models\Milestone\ModelTest" file="/app/tests/Unit/Models/Milestone/ModelTest.php" tests="3" assertions="21" errors="0" failures="0" skipped="0" time="0.071736">
        <testcase name="test_model_instance" file="/app/vendor/gammamatrix/playground-test/src/Unit/Models/ModelCase.php" line="114" class="Tests\Unit\Playground\Matrix\Models\Milestone\ModelTest" classname="Tests.Unit.Playground.Matrix.Models.Milestone.ModelTest" assertions="1" time="0.021136"/>
        <testcase name="test_verify_model_relationships" file="/app/vendor/gammamatrix/playground-test/src/Unit/Models/ModelCase.php" line="275" class="Tests\Unit\Playground\Matrix\Models\Milestone\ModelTest" classname="Tests.Unit.Playground.Matrix.Models.Milestone.ModelTest" assertions="17" time="0.028887"/>
        <testcase name="test_model_factory_make" file="/app/vendor/gammamatrix/playground-test/src/Unit/Models/ModelCase.php" line="291" class="Tests\Unit\Playground\Matrix\Models\Milestone\ModelTest" classname="Tests.Unit.Playground.Matrix.Models.Milestone.ModelTest" assertions="3" time="0.021712"/>
      </testsuite>
      <testsuite name="Tests\Unit\Playground\Matrix\Models\Note\ModelTest" file="/app/tests/Unit/Models/Note/ModelTest.php" tests="3" assertions="9" errors="0" failures="0" skipped="0" time="0.061941">
        <testcase name="test_model_instance" file="/app/vendor/gammamatrix/playground-test/src/Unit/Models/ModelCase.php" line="114" class="Tests\Unit\Playground\Matrix\Models\Note\ModelTest" classname="Tests.Unit.Playground.Matrix.Models.Note.ModelTest" assertions="1" time="0.020311"/>
        <testcase name="test_verify_model_relationships" file="/app/vendor/gammamatrix/playground-test/src/Unit/Models/ModelCase.php" line="275" class="Tests\Unit\Playground\Matrix\Models\Note\ModelTest" classname="Tests.Unit.Playground.Matrix.Models.Note.ModelTest" assertions="5" time="0.020095"/>
        <testcase name="test_model_factory_make" file="/app/vendor/gammamatrix/playground-test/src/Unit/Models/ModelCase.php" line="291" class="Tests\Unit\Playground\Matrix\Models\Note\ModelTest" classname="Tests.Unit.Playground.Matrix.Models.Note.ModelTest" assertions="3" time="0.021535"/>
      </testsuite>
      <testsuite name="Tests\Unit\Playground\Matrix\Models\Project\ModelTest" file="/app/tests/Unit/Models/Project/ModelTest.php" tests="3" assertions="21" errors="0" failures="0" skipped="0" time="0.073154">
        <testcase name="test_model_instance" file="/app/vendor/gammamatrix/playground-test/src/Unit/Models/ModelCase.php" line="114" class="Tests\Unit\Playground\Matrix\Models\Project\ModelTest" classname="Tests.Unit.Playground.Matrix.Models.Project.ModelTest" assertions="1" time="0.020278"/>
        <testcase name="test_verify_model_relationships" file="/app/vendor/gammamatrix/playground-test/src/Unit/Models/ModelCase.php" line="275" class="Tests\Unit\Playground\Matrix\Models\Project\ModelTest" classname="Tests.Unit.Playground.Matrix.Models.Project.ModelTest" assertions="17" time="0.030587"/>
        <testcase name="test_model_factory_make" file="/app/vendor/gammamatrix/playground-test/src/Unit/Models/ModelCase.php" line="291" class="Tests\Unit\Playground\Matrix\Models\Project\ModelTest" classname="Tests.Unit.Playground.Matrix.Models.Project.ModelTest" assertions="3" time="0.022289"/>
      </testsuite>
      <testsuite name="Tests\Unit\Playground\Matrix\Models\Release\ModelTest" file="/app/tests/Unit/Models/Release/ModelTest.php" tests="3" assertions="21" errors="0" failures="0" skipped="0" time="0.076913">
        <testcase name="test_model_instance" file="/app/vendor/gammamatrix/playground-test/src/Unit/Models/ModelCase.php" line="114" class="Tests\Unit\Playground\Matrix\Models\Release\ModelTest" classname="Tests.Unit.Playground.Matrix.Models.Release.ModelTest" assertions="1" time="0.021669"/>
        <testcase name="test_verify_model_relationships" file="/app/vendor/gammamatrix/playground-test/src/Unit/Models/ModelCase.php" line="275" class="Tests\Unit\Playground\Matrix\Models\Release\ModelTest" classname="Tests.Unit.Playground.Matrix.Models.Release.ModelTest" assertions="17" time="0.033217"/>
        <testcase name="test_model_factory_make" file="/app/vendor/gammamatrix/playground-test/src/Unit/Models/ModelCase.php" line="291" class="Tests\Unit\Playground\Matrix\Models\Release\ModelTest" classname="Tests.Unit.Playground.Matrix.Models.Release.ModelTest" assertions="3" time="0.022026"/>
      </testsuite>
      <testsuite name="Tests\Unit\Playground\Matrix\Models\Roadmap\ModelTest" file="/app/tests/Unit/Models/Roadmap/ModelTest.php" tests="3" assertions="21" errors="0" failures="0" skipped="0" time="0.074663">
        <testcase name="test_model_instance" file="/app/vendor/gammamatrix/playground-test/src/Unit/Models/ModelCase.php" line="114" class="Tests\Unit\Playground\Matrix\Models\Roadmap\ModelTest" classname="Tests.Unit.Playground.Matrix.Models.Roadmap.ModelTest" assertions="1" time="0.020530"/>
        <testcase name="test_verify_model_relationships" file="/app/vendor/gammamatrix/playground-test/src/Unit/Models/ModelCase.php" line="275" class="Tests\Unit\Playground\Matrix\Models\Roadmap\ModelTest" classname="Tests.Unit.Playground.Matrix.Models.Roadmap.ModelTest" assertions="17" time="0.032364"/>
        <testcase name="test_model_factory_make" file="/app/vendor/gammamatrix/playground-test/src/Unit/Models/ModelCase.php" line="291" class="Tests\Unit\Playground\Matrix\Models\Roadmap\ModelTest" classname="Tests.Unit.Playground.Matrix.Models.Roadmap.ModelTest" assertions="3" time="0.021770"/>
      </testsuite>
      <testsuite name="Tests\Unit\Playground\Matrix\Models\Source\ModelTest" file="/app/tests/Unit/Models/Source/ModelTest.php" tests="3" assertions="21" errors="0" failures="0" skipped="0" time="0.070792">
        <testcase name="test_model_instance" file="/app/vendor/gammamatrix/playground-test/src/Unit/Models/ModelCase.php" line="114" class="Tests\Unit\Playground\Matrix\Models\Source\ModelTest" classname="Tests.Unit.Playground.Matrix.Models.Source.ModelTest" assertions="1" time="0.020567"/>
        <testcase name="test_verify_model_relationships" file="/app/vendor/gammamatrix/playground-test/src/Unit/Models/ModelCase.php" line="275" class="Tests\Unit\Playground\Matrix\Models\Source\ModelTest" classname="Tests.Unit.Playground.Matrix.Models.Source.ModelTest" assertions="17" time="0.028726"/>
        <testcase name="test_model_factory_make" file="/app/vendor/gammamatrix/playground-test/src/Unit/Models/ModelCase.php" line="291" class="Tests\Unit\Playground\Matrix\Models\Source\ModelTest" classname="Tests.Unit.Playground.Matrix.Models.Source.ModelTest" assertions="3" time="0.021499"/>
      </testsuite>
      <testsuite name="Tests\Unit\Playground\Matrix\Models\Sprint\ModelTest" file="/app/tests/Unit/Models/Sprint/ModelTest.php" tests="3" assertions="21" errors="0" failures="0" skipped="0" time="0.073750">
        <testcase name="test_model_instance" file="/app/vendor/gammamatrix/playground-test/src/Unit/Models/ModelCase.php" line="114" class="Tests\Unit\Playground\Matrix\Models\Sprint\ModelTest" classname="Tests.Unit.Playground.Matrix.Models.Sprint.ModelTest" assertions="1" time="0.021503"/>
        <testcase name="test_verify_model_relationships" file="/app/vendor/gammamatrix/playground-test/src/Unit/Models/ModelCase.php" line="275" class="Tests\Unit\Playground\Matrix\Models\Sprint\ModelTest" classname="Tests.Unit.Playground.Matrix.Models.Sprint.ModelTest" assertions="17" time="0.030760"/>
        <testcase name="test_model_factory_make" file="/app/vendor/gammamatrix/playground-test/src/Unit/Models/ModelCase.php" line="291" class="Tests\Unit\Playground\Matrix\Models\Sprint\ModelTest" classname="Tests.Unit.Playground.Matrix.Models.Sprint.ModelTest" assertions="3" time="0.021487"/>
      </testsuite>
      <testsuite name="Tests\Unit\Playground\Matrix\Models\Tag\ModelTest" file="/app/tests/Unit/Models/Tag/ModelTest.php" tests="3" assertions="21" errors="0" failures="0" skipped="0" time="0.072898">
        <testcase name="test_model_instance" file="/app/vendor/gammamatrix/playground-test/src/Unit/Models/ModelCase.php" line="114" class="Tests\Unit\Playground\Matrix\Models\Tag\ModelTest" classname="Tests.Unit.Playground.Matrix.Models.Tag.ModelTest" assertions="1" time="0.022521"/>
        <testcase name="test_verify_model_relationships" file="/app/vendor/gammamatrix/playground-test/src/Unit/Models/ModelCase.php" line="275" class="Tests\Unit\Playground\Matrix\Models\Tag\ModelTest" classname="Tests.Unit.Playground.Matrix.Models.Tag.ModelTest" assertions="17" time="0.028773"/>
        <testcase name="test_model_factory_make" file="/app/vendor/gammamatrix/playground-test/src/Unit/Models/ModelCase.php" line="291" class="Tests\Unit\Playground\Matrix\Models\Tag\ModelTest" classname="Tests.Unit.Playground.Matrix.Models.Tag.ModelTest" assertions="3" time="0.021605"/>
      </testsuite>
      <testsuite name="Tests\Unit\Playground\Matrix\Models\Team\ModelTest" file="/app/tests/Unit/Models/Team/ModelTest.php" tests="3" assertions="21" errors="0" failures="0" skipped="0" time="0.072147">
        <testcase name="test_model_instance" file="/app/vendor/gammamatrix/playground-test/src/Unit/Models/ModelCase.php" line="114" class="Tests\Unit\Playground\Matrix\Models\Team\ModelTest" classname="Tests.Unit.Playground.Matrix.Models.Team.ModelTest" assertions="1" time="0.020419"/>
        <testcase name="test_verify_model_relationships" file="/app/vendor/gammamatrix/playground-test/src/Unit/Models/ModelCase.php" line="275" class="Tests\Unit\Playground\Matrix\Models\Team\ModelTest" classname="Tests.Unit.Playground.Matrix.Models.Team.ModelTest" assertions="17" time="0.029251"/>
        <testcase name="test_model_factory_make" file="/app/vendor/gammamatrix/playground-test/src/Unit/Models/ModelCase.php" line="291" class="Tests\Unit\Playground\Matrix\Models\Team\ModelTest" classname="Tests.Unit.Playground.Matrix.Models.Team.ModelTest" assertions="3" time="0.022477"/>
      </testsuite>
      <testsuite name="Tests\Unit\Playground\Matrix\Models\Ticket\ModelTest" file="/app/tests/Unit/Models/Ticket/ModelTest.php" tests="3" assertions="23" errors="0" failures="0" skipped="0" time="0.074419">
        <testcase name="test_model_instance" file="/app/vendor/gammamatrix/playground-test/src/Unit/Models/ModelCase.php" line="114" class="Tests\Unit\Playground\Matrix\Models\Ticket\ModelTest" classname="Tests.Unit.Playground.Matrix.Models.Ticket.ModelTest" assertions="1" time="0.021036"/>
        <testcase name="test_verify_model_relationships" file="/app/vendor/gammamatrix/playground-test/src/Unit/Models/ModelCase.php" line="275" class="Tests\Unit\Playground\Matrix\Models\Ticket\ModelTest" classname="Tests.Unit.Playground.Matrix.Models.Ticket.ModelTest" assertions="19" time="0.030321"/>
        <testcase name="test_model_factory_make" file="/app/vendor/gammamatrix/playground-test/src/Unit/Models/ModelCase.php" line="291" class="Tests\Unit\Playground\Matrix\Models\Ticket\ModelTest" classname="Tests.Unit.Playground.Matrix.Models.Ticket.ModelTest" assertions="3" time="0.023062"/>
      </testsuite>
      <testsuite name="Tests\Unit\Playground\Matrix\Models\Version\ModelTest" file="/app/tests/Unit/Models/Version/ModelTest.php" tests="3" assertions="21" errors="0" failures="0" skipped="0" time="0.073440">
        <testcase name="test_model_instance" file="/app/vendor/gammamatrix/playground-test/src/Unit/Models/ModelCase.php" line="114" class="Tests\Unit\Playground\Matrix\Models\Version\ModelTest" classname="Tests.Unit.Playground.Matrix.Models.Version.ModelTest" assertions="1" time="0.021150"/>
        <testcase name="test_verify_model_relationships" file="/app/vendor/gammamatrix/playground-test/src/Unit/Models/ModelCase.php" line="275" class="Tests\Unit\Playground\Matrix\Models\Version\ModelTest" classname="Tests.Unit.Playground.Matrix.Models.Version.ModelTest" assertions="17" time="0.029324"/>
        <testcase name="test_model_factory_make" file="/app/vendor/gammamatrix/playground-test/src/Unit/Models/ModelCase.php" line="291" class="Tests\Unit\Playground\Matrix\Models\Version\ModelTest" classname="Tests.Unit.Playground.Matrix.Models.Version.ModelTest" assertions="3" time="0.022966"/>
      </testsuite>
    </testsuite>
    <testsuite name="Feature" tests="45" assertions="1450" errors="0" failures="0" skipped="0" time="22.067930">
      <testsuite name="Tests\Feature\Playground\Matrix\Models\Backlog\ModelTest" file="/app/tests/Feature/Models/Backlog/ModelTest.php" tests="3" assertions="112" errors="0" failures="0" skipped="0" time="1.586664">
        <testcase name="test_model_instance" file="/app/vendor/gammamatrix/playground-test/src/Feature/Models/ModelCase.php" line="108" class="Tests\Feature\Playground\Matrix\Models\Backlog\ModelTest" classname="Tests.Feature.Playground.Matrix.Models.Backlog.ModelTest" assertions="1" time="0.439556"/>
        <testcase name="test_verify_model_relationships" file="/app/vendor/gammamatrix/playground-test/src/Feature/Models/ModelCase.php" line="527" class="Tests\Feature\Playground\Matrix\Models\Backlog\ModelTest" classname="Tests.Feature.Playground.Matrix.Models.Backlog.ModelTest" assertions="108" time="0.766613"/>
        <testcase name="test_factory_create" file="/app/vendor/gammamatrix/playground-test/src/Feature/Models/ModelCase.php" line="543" class="Tests\Feature\Playground\Matrix\Models\Backlog\ModelTest" classname="Tests.Feature.Playground.Matrix.Models.Backlog.ModelTest" assertions="3" time="0.380495"/>
      </testsuite>
      <testsuite name="Tests\Feature\Playground\Matrix\Models\Board\ModelTest" file="/app/tests/Feature/Models/Board/ModelTest.php" tests="3" assertions="106" errors="0" failures="0" skipped="0" time="1.472602">
        <testcase name="test_model_instance" file="/app/vendor/gammamatrix/playground-test/src/Feature/Models/ModelCase.php" line="108" class="Tests\Feature\Playground\Matrix\Models\Board\ModelTest" classname="Tests.Feature.Playground.Matrix.Models.Board.ModelTest" assertions="1" time="0.366016"/>
        <testcase name="test_verify_model_relationships" file="/app/vendor/gammamatrix/playground-test/src/Feature/Models/ModelCase.php" line="527" class="Tests\Feature\Playground\Matrix\Models\Board\ModelTest" classname="Tests.Feature.Playground.Matrix.Models.Board.ModelTest" assertions="102" time="0.729957"/>
        <testcase name="test_factory_create" file="/app/vendor/gammamatrix/playground-test/src/Feature/Models/ModelCase.php" line="543" class="Tests\Feature\Playground\Matrix\Models\Board\ModelTest" classname="Tests.Feature.Playground.Matrix.Models.Board.ModelTest" assertions="3" time="0.376629"/>
      </testsuite>
      <testsuite name="Tests\Feature\Playground\Matrix\Models\Epic\ModelTest" file="/app/tests/Feature/Models/Epic/ModelTest.php" tests="3" assertions="106" errors="0" failures="0" skipped="0" time="1.474654">
        <testcase name="test_model_instance" file="/app/vendor/gammamatrix/playground-test/src/Feature/Models/ModelCase.php" line="108" class="Tests\Feature\Playground\Matrix\Models\Epic\ModelTest" classname="Tests.Feature.Playground.Matrix.Models.Epic.ModelTest" assertions="1" time="0.366842"/>
        <testcase name="test_verify_model_relationships" file="/app/vendor/gammamatrix/playground-test/src/Feature/Models/ModelCase.php" line="527" class="Tests\Feature\Playground\Matrix\Models\Epic\ModelTest" classname="Tests.Feature.Playground.Matrix.Models.Epic.ModelTest" assertions="102" time="0.732001"/>
        <testcase name="test_factory_create" file="/app/vendor/gammamatrix/playground-test/src/Feature/Models/ModelCase.php" line="543" class="Tests\Feature\Playground\Matrix\Models\Epic\ModelTest" classname="Tests.Feature.Playground.Matrix.Models.Epic.ModelTest" assertions="3" time="0.375811"/>
      </testsuite>
      <testsuite name="Tests\Feature\Playground\Matrix\Models\Flow\ModelTest" file="/app/tests/Feature/Models/Flow/ModelTest.php" tests="3" assertions="46" errors="0" failures="0" skipped="0" time="1.241184">
        <testcase name="test_model_instance" file="/app/vendor/gammamatrix/playground-test/src/Feature/Models/ModelCase.php" line="108" class="Tests\Feature\Playground\Matrix\Models\Flow\ModelTest" classname="Tests.Feature.Playground.Matrix.Models.Flow.ModelTest" assertions="1" time="0.364409"/>
        <testcase name="test_verify_model_relationships" file="/app/vendor/gammamatrix/playground-test/src/Feature/Models/ModelCase.php" line="527" class="Tests\Feature\Playground\Matrix\Models\Flow\ModelTest" classname="Tests.Feature.Playground.Matrix.Models.Flow.ModelTest" assertions="42" time="0.503896"/>
        <testcase name="test_factory_create" file="/app/vendor/gammamatrix/playground-test/src/Feature/Models/ModelCase.php" line="543" class="Tests\Feature\Playground\Matrix\Models\Flow\ModelTest" classname="Tests.Feature.Playground.Matrix.Models.Flow.ModelTest" assertions="3" time="0.372879"/>
      </testsuite>
      <testsuite name="Tests\Feature\Playground\Matrix\Models\Milestone\ModelTest" file="/app/tests/Feature/Models/Milestone/ModelTest.php" tests="3" assertions="106" errors="0" failures="0" skipped="0" time="1.473470">
        <testcase name="test_model_instance" file="/app/vendor/gammamatrix/playground-test/src/Feature/Models/ModelCase.php" line="108" class="Tests\Feature\Playground\Matrix\Models\Milestone\ModelTest" classname="Tests.Feature.Playground.Matrix.Models.Milestone.ModelTest" assertions="1" time="0.367010"/>
        <testcase name="test_verify_model_relationships" file="/app/vendor/gammamatrix/playground-test/src/Feature/Models/ModelCase.php" line="527" class="Tests\Feature\Playground\Matrix\Models\Milestone\ModelTest" classname="Tests.Feature.Playground.Matrix.Models.Milestone.ModelTest" assertions="102" time="0.728570"/>
        <testcase name="test_factory_create" file="/app/vendor/gammamatrix/playground-test/src/Feature/Models/ModelCase.php" line="543" class="Tests\Feature\Playground\Matrix\Models\Milestone\ModelTest" classname="Tests.Feature.Playground.Matrix.Models.Milestone.ModelTest" assertions="3" time="0.377890"/>
      </testsuite>
      <testsuite name="Tests\Feature\Playground\Matrix\Models\Note\ModelTest" file="/app/tests/Feature/Models/Note/ModelTest.php" tests="3" assertions="8" errors="0" failures="0" skipped="0" time="1.106276">
        <testcase name="test_model_instance" file="/app/vendor/gammamatrix/playground-test/src/Feature/Models/ModelCase.php" line="108" class="Tests\Feature\Playground\Matrix\Models\Note\ModelTest" classname="Tests.Feature.Playground.Matrix.Models.Note.ModelTest" assertions="1" time="0.367040"/>
        <testcase name="test_verify_model_relationships" file="/app/vendor/gammamatrix/playground-test/src/Feature/Models/ModelCase.php" line="527" class="Tests\Feature\Playground\Matrix\Models\Note\ModelTest" classname="Tests.Feature.Playground.Matrix.Models.Note.ModelTest" assertions="4" time="0.363236"/>
        <testcase name="test_factory_create" file="/app/vendor/gammamatrix/playground-test/src/Feature/Models/ModelCase.php" line="543" class="Tests\Feature\Playground\Matrix\Models\Note\ModelTest" classname="Tests.Feature.Playground.Matrix.Models.Note.ModelTest" assertions="3" time="0.376000"/>
      </testsuite>
      <testsuite name="Tests\Feature\Playground\Matrix\Models\Project\ModelTest" file="/app/tests/Feature/Models/Project/ModelTest.php" tests="3" assertions="106" errors="0" failures="0" skipped="0" time="1.626114">
        <testcase name="test_model_instance" file="/app/vendor/gammamatrix/playground-test/src/Feature/Models/ModelCase.php" line="108" class="Tests\Feature\Playground\Matrix\Models\Project\ModelTest" classname="Tests.Feature.Playground.Matrix.Models.Project.ModelTest" assertions="1" time="0.364334"/>
        <testcase name="test_verify_model_relationships" file="/app/vendor/gammamatrix/playground-test/src/Feature/Models/ModelCase.php" line="527" class="Tests\Feature\Playground\Matrix\Models\Project\ModelTest" classname="Tests.Feature.Playground.Matrix.Models.Project.ModelTest" assertions="102" time="0.894529"/>
        <testcase name="test_factory_create" file="/app/vendor/gammamatrix/playground-test/src/Feature/Models/ModelCase.php" line="543" class="Tests\Feature\Playground\Matrix\Models\Project\ModelTest" classname="Tests.Feature.Playground.Matrix.Models.Project.ModelTest" assertions="3" time="0.367252"/>
      </testsuite>
      <testsuite name="Tests\Feature\Playground\Matrix\Models\Release\ModelTest" file="/app/tests/Feature/Models/Release/ModelTest.php" tests="3" assertions="106" errors="0" failures="0" skipped="0" time="1.641508">
        <testcase name="test_model_instance" file="/app/vendor/gammamatrix/playground-test/src/Feature/Models/ModelCase.php" line="108" class="Tests\Feature\Playground\Matrix\Models\Release\ModelTest" classname="Tests.Feature.Playground.Matrix.Models.Release.ModelTest" assertions="1" time="0.368286"/>
        <testcase name="test_verify_model_relationships" file="/app/vendor/gammamatrix/playground-test/src/Feature/Models/ModelCase.php" line="527" class="Tests\Feature\Playground\Matrix\Models\Release\ModelTest" classname="Tests.Feature.Playground.Matrix.Models.Release.ModelTest" assertions="102" time="0.903165"/>
        <testcase name="test_factory_create" file="/app/vendor/gammamatrix/playground-test/src/Feature/Models/ModelCase.php" line="543" class="Tests\Feature\Playground\Matrix\Models\Release\ModelTest" classname="Tests.Feature.Playground.Matrix.Models.Release.ModelTest" assertions="3" time="0.370057"/>
      </testsuite>
      <testsuite name="Tests\Feature\Playground\Matrix\Models\Roadmap\ModelTest" file="/app/tests/Feature/Models/Roadmap/ModelTest.php" tests="3" assertions="106" errors="0" failures="0" skipped="0" time="1.557158">
        <testcase name="test_model_instance" file="/app/vendor/gammamatrix/playground-test/src/Feature/Models/ModelCase.php" line="108" class="Tests\Feature\Playground\Matrix\Models\Roadmap\ModelTest" classname="Tests.Feature.Playground.Matrix.Models.Roadmap.ModelTest" assertions="1" time="0.362867"/>
        <testcase name="test_verify_model_relationships" file="/app/vendor/gammamatrix/playground-test/src/Feature/Models/ModelCase.php" line="527" class="Tests\Feature\Playground\Matrix\Models\Roadmap\ModelTest" classname="Tests.Feature.Playground.Matrix.Models.Roadmap.ModelTest" assertions="102" time="0.822906"/>
        <testcase name="test_factory_create" file="/app/vendor/gammamatrix/playground-test/src/Feature/Models/ModelCase.php" line="543" class="Tests\Feature\Playground\Matrix\Models\Roadmap\ModelTest" classname="Tests.Feature.Playground.Matrix.Models.Roadmap.ModelTest" assertions="3" time="0.371385"/>
      </testsuite>
      <testsuite name="Tests\Feature\Playground\Matrix\Models\Source\ModelTest" file="/app/tests/Feature/Models/Source/ModelTest.php" tests="3" assertions="106" errors="0" failures="0" skipped="0" time="1.476952">
        <testcase name="test_model_instance" file="/app/vendor/gammamatrix/playground-test/src/Feature/Models/ModelCase.php" line="108" class="Tests\Feature\Playground\Matrix\Models\Source\ModelTest" classname="Tests.Feature.Playground.Matrix.Models.Source.ModelTest" assertions="1" time="0.362372"/>
        <testcase name="test_verify_model_relationships" file="/app/vendor/gammamatrix/playground-test/src/Feature/Models/ModelCase.php" line="527" class="Tests\Feature\Playground\Matrix\Models\Source\ModelTest" classname="Tests.Feature.Playground.Matrix.Models.Source.ModelTest" assertions="102" time="0.743123"/>
        <testcase name="test_factory_create" file="/app/vendor/gammamatrix/playground-test/src/Feature/Models/ModelCase.php" line="543" class="Tests\Feature\Playground\Matrix\Models\Source\ModelTest" classname="Tests.Feature.Playground.Matrix.Models.Source.ModelTest" assertions="3" time="0.371456"/>
      </testsuite>
      <testsuite name="Tests\Feature\Playground\Matrix\Models\Sprint\ModelTest" file="/app/tests/Feature/Models/Sprint/ModelTest.php" tests="3" assertions="106" errors="0" failures="0" skipped="0" time="1.470700">
        <testcase name="test_model_instance" file="/app/vendor/gammamatrix/playground-test/src/Feature/Models/ModelCase.php" line="108" class="Tests\Feature\Playground\Matrix\Models\Sprint\ModelTest" classname="Tests.Feature.Playground.Matrix.Models.Sprint.ModelTest" assertions="1" time="0.369084"/>
        <testcase name="test_verify_model_relationships" file="/app/vendor/gammamatrix/playground-test/src/Feature/Models/ModelCase.php" line="527" class="Tests\Feature\Playground\Matrix\Models\Sprint\ModelTest" classname="Tests.Feature.Playground.Matrix.Models.Sprint.ModelTest" assertions="102" time="0.724137"/>
        <testcase name="test_factory_create" file="/app/vendor/gammamatrix/playground-test/src/Feature/Models/ModelCase.php" line="543" class="Tests\Feature\Playground\Matrix\Models\Sprint\ModelTest" classname="Tests.Feature.Playground.Matrix.Models.Sprint.ModelTest" assertions="3" time="0.377479"/>
      </testsuite>
      <testsuite name="Tests\Feature\Playground\Matrix\Models\Tag\ModelTest" file="/app/tests/Feature/Models/Tag/ModelTest.php" tests="3" assertions="106" errors="0" failures="0" skipped="0" time="1.462410">
        <testcase name="test_model_instance" file="/app/vendor/gammamatrix/playground-test/src/Feature/Models/ModelCase.php" line="108" class="Tests\Feature\Playground\Matrix\Models\Tag\ModelTest" classname="Tests.Feature.Playground.Matrix.Models.Tag.ModelTest" assertions="1" time="0.361046"/>
        <testcase name="test_verify_model_relationships" file="/app/vendor/gammamatrix/playground-test/src/Feature/Models/ModelCase.php" line="527" class="Tests\Feature\Playground\Matrix\Models\Tag\ModelTest" classname="Tests.Feature.Playground.Matrix.Models.Tag.ModelTest" assertions="102" time="0.728427"/>
        <testcase name="test_factory_create" file="/app/vendor/gammamatrix/playground-test/src/Feature/Models/ModelCase.php" line="543" class="Tests\Feature\Playground\Matrix\Models\Tag\ModelTest" classname="Tests.Feature.Playground.Matrix.Models.Tag.ModelTest" assertions="3" time="0.372937"/>
      </testsuite>
      <testsuite name="Tests\Feature\Playground\Matrix\Models\Team\ModelTest" file="/app/tests/Feature/Models/Team/ModelTest.php" tests="3" assertions="106" errors="0" failures="0" skipped="0" time="1.466847">
        <testcase name="test_model_instance" file="/app/vendor/gammamatrix/playground-test/src/Feature/Models/ModelCase.php" line="108" class="Tests\Feature\Playground\Matrix\Models\Team\ModelTest" classname="Tests.Feature.Playground.Matrix.Models.Team.ModelTest" assertions="1" time="0.364834"/>
        <testcase name="test_verify_model_relationships" file="/app/vendor/gammamatrix/playground-test/src/Feature/Models/ModelCase.php" line="527" class="Tests\Feature\Playground\Matrix\Models\Team\ModelTest" classname="Tests.Feature.Playground.Matrix.Models.Team.ModelTest" assertions="102" time="0.719576"/>
        <testcase name="test_factory_create" file="/app/vendor/gammamatrix/playground-test/src/Feature/Models/ModelCase.php" line="543" class="Tests\Feature\Playground\Matrix\Models\Team\ModelTest" classname="Tests.Feature.Playground.Matrix.Models.Team.ModelTest" assertions="3" time="0.382437"/>
      </testsuite>
      <testsuite name="Tests\Feature\Playground\Matrix\Models\Ticket\ModelTest" file="/app/tests/Feature/Models/Ticket/ModelTest.php" tests="3" assertions="118" errors="0" failures="0" skipped="0" time="1.531818">
        <testcase name="test_model_instance" file="/app/vendor/gammamatrix/playground-test/src/Feature/Models/ModelCase.php" line="108" class="Tests\Feature\Playground\Matrix\Models\Ticket\ModelTest" classname="Tests.Feature.Playground.Matrix.Models.Ticket.ModelTest" assertions="1" time="0.362915"/>
        <testcase name="test_verify_model_relationships" file="/app/vendor/gammamatrix/playground-test/src/Feature/Models/ModelCase.php" line="527" class="Tests\Feature\Playground\Matrix\Models\Ticket\ModelTest" classname="Tests.Feature.Playground.Matrix.Models.Ticket.ModelTest" assertions="114" time="0.794100"/>
        <testcase name="test_factory_create" file="/app/vendor/gammamatrix/playground-test/src/Feature/Models/ModelCase.php" line="543" class="Tests\Feature\Playground\Matrix\Models\Ticket\ModelTest" classname="Tests.Feature.Playground.Matrix.Models.Ticket.ModelTest" assertions="3" time="0.374802"/>
      </testsuite>
      <testsuite name="Tests\Feature\Playground\Matrix\Models\Version\ModelTest" file="/app/tests/Feature/Models/Version/ModelTest.php" tests="3" assertions="106" errors="0" failures="0" skipped="0" time="1.479573">
        <testcase name="test_model_instance" file="/app/vendor/gammamatrix/playground-test/src/Feature/Models/ModelCase.php" line="108" class="Tests\Feature\Playground\Matrix\Models\Version\ModelTest" classname="Tests.Feature.Playground.Matrix.Models.Version.ModelTest" assertions="1" time="0.360764"/>
        <testcase name="test_verify_model_relationships" file="/app/vendor/gammamatrix/playground-test/src/Feature/Models/ModelCase.php" line="527" class="Tests\Feature\Playground\Matrix\Models\Version\ModelTest" classname="Tests.Feature.Playground.Matrix.Models.Version.ModelTest" assertions="102" time="0.735690"/>
        <testcase name="test_factory_create" file="/app/vendor/gammamatrix/playground-test/src/Feature/Models/ModelCase.php" line="543" class="Tests\Feature\Playground\Matrix\Models\Version\ModelTest" classname="Tests.Feature.Playground.Matrix.Models.Version.ModelTest" assertions="3" time="0.383119"/>
      </testsuite>
    </testsuite>
  </testsuite>
</testsuites>
