<?xml version="1.0" encoding="UTF-8"?>
<testsuites>
  <testsuite name="" tests="60" assertions="1656" errors="0" failures="0" skipped="0" time="6.397388">
    <testsuite name="Unit" tests="30" assertions="251" errors="0" failures="0" skipped="0" time="0.755703">
      <testsuite name="Tests\Unit\GammaMatrix\Playground\Matrix\Backlog\ModelTest" file="/app/tests/Unit/Backlog/ModelTest.php" tests="2" assertions="19" errors="0" failures="0" skipped="0" time="0.563880">
        <testcase name="test_model_instance" file="/app/vendor/gammamatrix/playground-test/src/Unit/Models/ModelCase.php" line="100" class="Tests\Unit\GammaMatrix\Playground\Matrix\Backlog\ModelTest" classname="Tests.Unit.GammaMatrix.Playground.Matrix.Backlog.ModelTest" assertions="1" time="0.169181"/>
        <testcase name="test_verify_model_relationships" file="/app/vendor/gammamatrix/playground-test/src/Unit/Models/ModelCase.php" line="268" class="Tests\Unit\GammaMatrix\Playground\Matrix\Backlog\ModelTest" classname="Tests.Unit.GammaMatrix.Playground.Matrix.Backlog.ModelTest" assertions="18" time="0.394699"/>
      </testsuite>
      <testsuite name="Tests\Unit\GammaMatrix\Playground\Matrix\Board\ModelTest" file="/app/tests/Unit/Board/ModelTest.php" tests="2" assertions="18" errors="0" failures="0" skipped="0" time="0.014998">
        <testcase name="test_model_instance" file="/app/vendor/gammamatrix/playground-test/src/Unit/Models/ModelCase.php" line="100" class="Tests\Unit\GammaMatrix\Playground\Matrix\Board\ModelTest" classname="Tests.Unit.GammaMatrix.Playground.Matrix.Board.ModelTest" assertions="1" time="0.004136"/>
        <testcase name="test_verify_model_relationships" file="/app/vendor/gammamatrix/playground-test/src/Unit/Models/ModelCase.php" line="268" class="Tests\Unit\GammaMatrix\Playground\Matrix\Board\ModelTest" classname="Tests.Unit.GammaMatrix.Playground.Matrix.Board.ModelTest" assertions="17" time="0.010862"/>
      </testsuite>
      <testsuite name="Tests\Unit\GammaMatrix\Playground\Matrix\Epic\ModelTest" file="/app/tests/Unit/Epic/ModelTest.php" tests="2" assertions="18" errors="0" failures="0" skipped="0" time="0.014247">
        <testcase name="test_model_instance" file="/app/vendor/gammamatrix/playground-test/src/Unit/Models/ModelCase.php" line="100" class="Tests\Unit\GammaMatrix\Playground\Matrix\Epic\ModelTest" classname="Tests.Unit.GammaMatrix.Playground.Matrix.Epic.ModelTest" assertions="1" time="0.003941"/>
        <testcase name="test_verify_model_relationships" file="/app/vendor/gammamatrix/playground-test/src/Unit/Models/ModelCase.php" line="268" class="Tests\Unit\GammaMatrix\Playground\Matrix\Epic\ModelTest" classname="Tests.Unit.GammaMatrix.Playground.Matrix.Epic.ModelTest" assertions="17" time="0.010307"/>
      </testsuite>
      <testsuite name="Tests\Unit\GammaMatrix\Playground\Matrix\Flow\ModelTest" file="/app/tests/Unit/Flow/ModelTest.php" tests="2" assertions="8" errors="0" failures="0" skipped="0" time="0.010284">
        <testcase name="test_model_instance" file="/app/vendor/gammamatrix/playground-test/src/Unit/Models/ModelCase.php" line="100" class="Tests\Unit\GammaMatrix\Playground\Matrix\Flow\ModelTest" classname="Tests.Unit.GammaMatrix.Playground.Matrix.Flow.ModelTest" assertions="1" time="0.003970"/>
        <testcase name="test_verify_model_relationships" file="/app/vendor/gammamatrix/playground-test/src/Unit/Models/ModelCase.php" line="268" class="Tests\Unit\GammaMatrix\Playground\Matrix\Flow\ModelTest" classname="Tests.Unit.GammaMatrix.Playground.Matrix.Flow.ModelTest" assertions="7" time="0.006314"/>
      </testsuite>
      <testsuite name="Tests\Unit\GammaMatrix\Playground\Matrix\Milestone\ModelTest" file="/app/tests/Unit/Milestone/ModelTest.php" tests="2" assertions="18" errors="0" failures="0" skipped="0" time="0.014740">
        <testcase name="test_model_instance" file="/app/vendor/gammamatrix/playground-test/src/Unit/Models/ModelCase.php" line="100" class="Tests\Unit\GammaMatrix\Playground\Matrix\Milestone\ModelTest" classname="Tests.Unit.GammaMatrix.Playground.Matrix.Milestone.ModelTest" assertions="1" time="0.004146"/>
        <testcase name="test_verify_model_relationships" file="/app/vendor/gammamatrix/playground-test/src/Unit/Models/ModelCase.php" line="268" class="Tests\Unit\GammaMatrix\Playground\Matrix\Milestone\ModelTest" classname="Tests.Unit.GammaMatrix.Playground.Matrix.Milestone.ModelTest" assertions="17" time="0.010594"/>
      </testsuite>
      <testsuite name="Tests\Unit\GammaMatrix\Playground\Matrix\Note\ModelTest" file="/app/tests/Unit/Note/ModelTest.php" tests="2" assertions="6" errors="0" failures="0" skipped="0" time="0.008058">
        <testcase name="test_model_instance" file="/app/vendor/gammamatrix/playground-test/src/Unit/Models/ModelCase.php" line="100" class="Tests\Unit\GammaMatrix\Playground\Matrix\Note\ModelTest" classname="Tests.Unit.GammaMatrix.Playground.Matrix.Note.ModelTest" assertions="1" time="0.004151"/>
        <testcase name="test_verify_model_relationships" file="/app/vendor/gammamatrix/playground-test/src/Unit/Models/ModelCase.php" line="268" class="Tests\Unit\GammaMatrix\Playground\Matrix\Note\ModelTest" classname="Tests.Unit.GammaMatrix.Playground.Matrix.Note.ModelTest" assertions="5" time="0.003907"/>
      </testsuite>
      <testsuite name="Tests\Unit\GammaMatrix\Playground\Matrix\Project\ModelTest" file="/app/tests/Unit/Project/ModelTest.php" tests="2" assertions="18" errors="0" failures="0" skipped="0" time="0.014751">
        <testcase name="test_model_instance" file="/app/vendor/gammamatrix/playground-test/src/Unit/Models/ModelCase.php" line="100" class="Tests\Unit\GammaMatrix\Playground\Matrix\Project\ModelTest" classname="Tests.Unit.GammaMatrix.Playground.Matrix.Project.ModelTest" assertions="1" time="0.003995"/>
        <testcase name="test_verify_model_relationships" file="/app/vendor/gammamatrix/playground-test/src/Unit/Models/ModelCase.php" line="268" class="Tests\Unit\GammaMatrix\Playground\Matrix\Project\ModelTest" classname="Tests.Unit.GammaMatrix.Playground.Matrix.Project.ModelTest" assertions="17" time="0.010757"/>
      </testsuite>
      <testsuite name="Tests\Unit\GammaMatrix\Playground\Matrix\Release\ModelTest" file="/app/tests/Unit/Release/ModelTest.php" tests="2" assertions="18" errors="0" failures="0" skipped="0" time="0.014140">
        <testcase name="test_model_instance" file="/app/vendor/gammamatrix/playground-test/src/Unit/Models/ModelCase.php" line="100" class="Tests\Unit\GammaMatrix\Playground\Matrix\Release\ModelTest" classname="Tests.Unit.GammaMatrix.Playground.Matrix.Release.ModelTest" assertions="1" time="0.003905"/>
        <testcase name="test_verify_model_relationships" file="/app/vendor/gammamatrix/playground-test/src/Unit/Models/ModelCase.php" line="268" class="Tests\Unit\GammaMatrix\Playground\Matrix\Release\ModelTest" classname="Tests.Unit.GammaMatrix.Playground.Matrix.Release.ModelTest" assertions="17" time="0.010235"/>
      </testsuite>
      <testsuite name="Tests\Unit\GammaMatrix\Playground\Matrix\Roadmap\ModelTest" file="/app/tests/Unit/Roadmap/ModelTest.php" tests="2" assertions="18" errors="0" failures="0" skipped="0" time="0.014180">
        <testcase name="test_model_instance" file="/app/vendor/gammamatrix/playground-test/src/Unit/Models/ModelCase.php" line="100" class="Tests\Unit\GammaMatrix\Playground\Matrix\Roadmap\ModelTest" classname="Tests.Unit.GammaMatrix.Playground.Matrix.Roadmap.ModelTest" assertions="1" time="0.003959"/>
        <testcase name="test_verify_model_relationships" file="/app/vendor/gammamatrix/playground-test/src/Unit/Models/ModelCase.php" line="268" class="Tests\Unit\GammaMatrix\Playground\Matrix\Roadmap\ModelTest" classname="Tests.Unit.GammaMatrix.Playground.Matrix.Roadmap.ModelTest" assertions="17" time="0.010221"/>
      </testsuite>
      <testsuite name="Tests\Unit\GammaMatrix\Playground\Matrix\Source\ModelTest" file="/app/tests/Unit/Source/ModelTest.php" tests="2" assertions="18" errors="0" failures="0" skipped="0" time="0.014199">
        <testcase name="test_model_instance" file="/app/vendor/gammamatrix/playground-test/src/Unit/Models/ModelCase.php" line="100" class="Tests\Unit\GammaMatrix\Playground\Matrix\Source\ModelTest" classname="Tests.Unit.GammaMatrix.Playground.Matrix.Source.ModelTest" assertions="1" time="0.003997"/>
        <testcase name="test_verify_model_relationships" file="/app/vendor/gammamatrix/playground-test/src/Unit/Models/ModelCase.php" line="268" class="Tests\Unit\GammaMatrix\Playground\Matrix\Source\ModelTest" classname="Tests.Unit.GammaMatrix.Playground.Matrix.Source.ModelTest" assertions="17" time="0.010202"/>
      </testsuite>
      <testsuite name="Tests\Unit\GammaMatrix\Playground\Matrix\Sprint\ModelTest" file="/app/tests/Unit/Sprint/ModelTest.php" tests="2" assertions="18" errors="0" failures="0" skipped="0" time="0.014221">
        <testcase name="test_model_instance" file="/app/vendor/gammamatrix/playground-test/src/Unit/Models/ModelCase.php" line="100" class="Tests\Unit\GammaMatrix\Playground\Matrix\Sprint\ModelTest" classname="Tests.Unit.GammaMatrix.Playground.Matrix.Sprint.ModelTest" assertions="1" time="0.003935"/>
        <testcase name="test_verify_model_relationships" file="/app/vendor/gammamatrix/playground-test/src/Unit/Models/ModelCase.php" line="268" class="Tests\Unit\GammaMatrix\Playground\Matrix\Sprint\ModelTest" classname="Tests.Unit.GammaMatrix.Playground.Matrix.Sprint.ModelTest" assertions="17" time="0.010286"/>
      </testsuite>
      <testsuite name="Tests\Unit\GammaMatrix\Playground\Matrix\Tag\ModelTest" file="/app/tests/Unit/Tag/ModelTest.php" tests="2" assertions="18" errors="0" failures="0" skipped="0" time="0.014900">
        <testcase name="test_model_instance" file="/app/vendor/gammamatrix/playground-test/src/Unit/Models/ModelCase.php" line="100" class="Tests\Unit\GammaMatrix\Playground\Matrix\Tag\ModelTest" classname="Tests.Unit.GammaMatrix.Playground.Matrix.Tag.ModelTest" assertions="1" time="0.004004"/>
        <testcase name="test_verify_model_relationships" file="/app/vendor/gammamatrix/playground-test/src/Unit/Models/ModelCase.php" line="268" class="Tests\Unit\GammaMatrix\Playground\Matrix\Tag\ModelTest" classname="Tests.Unit.GammaMatrix.Playground.Matrix.Tag.ModelTest" assertions="17" time="0.010897"/>
      </testsuite>
      <testsuite name="Tests\Unit\GammaMatrix\Playground\Matrix\Team\ModelTest" file="/app/tests/Unit/Team/ModelTest.php" tests="2" assertions="18" errors="0" failures="0" skipped="0" time="0.014179">
        <testcase name="test_model_instance" file="/app/vendor/gammamatrix/playground-test/src/Unit/Models/ModelCase.php" line="100" class="Tests\Unit\GammaMatrix\Playground\Matrix\Team\ModelTest" classname="Tests.Unit.GammaMatrix.Playground.Matrix.Team.ModelTest" assertions="1" time="0.003912"/>
        <testcase name="test_verify_model_relationships" file="/app/vendor/gammamatrix/playground-test/src/Unit/Models/ModelCase.php" line="268" class="Tests\Unit\GammaMatrix\Playground\Matrix\Team\ModelTest" classname="Tests.Unit.GammaMatrix.Playground.Matrix.Team.ModelTest" assertions="17" time="0.010267"/>
      </testsuite>
      <testsuite name="Tests\Unit\GammaMatrix\Playground\Matrix\Ticket\ModelTest" file="/app/tests/Unit/Ticket/ModelTest.php" tests="2" assertions="20" errors="0" failures="0" skipped="0" time="0.014679">
        <testcase name="test_model_instance" file="/app/vendor/gammamatrix/playground-test/src/Unit/Models/ModelCase.php" line="100" class="Tests\Unit\GammaMatrix\Playground\Matrix\Ticket\ModelTest" classname="Tests.Unit.GammaMatrix.Playground.Matrix.Ticket.ModelTest" assertions="1" time="0.003970"/>
        <testcase name="test_verify_model_relationships" file="/app/vendor/gammamatrix/playground-test/src/Unit/Models/ModelCase.php" line="268" class="Tests\Unit\GammaMatrix\Playground\Matrix\Ticket\ModelTest" classname="Tests.Unit.GammaMatrix.Playground.Matrix.Ticket.ModelTest" assertions="19" time="0.010709"/>
      </testsuite>
      <testsuite name="Tests\Unit\GammaMatrix\Playground\Matrix\Version\ModelTest" file="/app/tests/Unit/Version/ModelTest.php" tests="2" assertions="18" errors="0" failures="0" skipped="0" time="0.014246">
        <testcase name="test_model_instance" file="/app/vendor/gammamatrix/playground-test/src/Unit/Models/ModelCase.php" line="100" class="Tests\Unit\GammaMatrix\Playground\Matrix\Version\ModelTest" classname="Tests.Unit.GammaMatrix.Playground.Matrix.Version.ModelTest" assertions="1" time="0.003925"/>
        <testcase name="test_verify_model_relationships" file="/app/vendor/gammamatrix/playground-test/src/Unit/Models/ModelCase.php" line="268" class="Tests\Unit\GammaMatrix\Playground\Matrix\Version\ModelTest" classname="Tests.Unit.GammaMatrix.Playground.Matrix.Version.ModelTest" assertions="17" time="0.010321"/>
      </testsuite>
    </testsuite>
    <testsuite name="Feature" tests="30" assertions="1405" errors="0" failures="0" skipped="0" time="5.641685">
      <testsuite name="Tests\Feature\GammaMatrix\Playground\Matrix\Backlog\ModelTest" file="/app/tests/Feature/Backlog/ModelTest.php" tests="2" assertions="109" errors="0" failures="0" skipped="0" time="0.472166">
        <testcase name="test_model_instance" file="/app/vendor/gammamatrix/playground-test/src/Feature/Models/ModelCase.php" line="102" class="Tests\Feature\GammaMatrix\Playground\Matrix\Backlog\ModelTest" classname="Tests.Feature.GammaMatrix.Playground.Matrix.Backlog.ModelTest" assertions="1" time="0.074804"/>
        <testcase name="testVerifyRelationships" file="/app/vendor/gammamatrix/playground-test/src/Feature/Models/ModelCase.php" line="483" class="Tests\Feature\GammaMatrix\Playground\Matrix\Backlog\ModelTest" classname="Tests.Feature.GammaMatrix.Playground.Matrix.Backlog.ModelTest" assertions="108" time="0.397362"/>
      </testsuite>
      <testsuite name="Tests\Feature\GammaMatrix\Playground\Matrix\Board\ModelTest" file="/app/tests/Feature/Board/ModelTest.php" tests="2" assertions="103" errors="0" failures="0" skipped="0" time="0.453433">
        <testcase name="test_model_instance" file="/app/vendor/gammamatrix/playground-test/src/Feature/Models/ModelCase.php" line="102" class="Tests\Feature\GammaMatrix\Playground\Matrix\Board\ModelTest" classname="Tests.Feature.GammaMatrix.Playground.Matrix.Board.ModelTest" assertions="1" time="0.077739"/>
        <testcase name="testVerifyRelationships" file="/app/vendor/gammamatrix/playground-test/src/Feature/Models/ModelCase.php" line="483" class="Tests\Feature\GammaMatrix\Playground\Matrix\Board\ModelTest" classname="Tests.Feature.GammaMatrix.Playground.Matrix.Board.ModelTest" assertions="102" time="0.375695"/>
      </testsuite>
      <testsuite name="Tests\Feature\GammaMatrix\Playground\Matrix\Epic\ModelTest" file="/app/tests/Feature/Epic/ModelTest.php" tests="2" assertions="103" errors="0" failures="0" skipped="0" time="0.417932">
        <testcase name="test_model_instance" file="/app/vendor/gammamatrix/playground-test/src/Feature/Models/ModelCase.php" line="102" class="Tests\Feature\GammaMatrix\Playground\Matrix\Epic\ModelTest" classname="Tests.Feature.GammaMatrix.Playground.Matrix.Epic.ModelTest" assertions="1" time="0.073668"/>
        <testcase name="testVerifyRelationships" file="/app/vendor/gammamatrix/playground-test/src/Feature/Models/ModelCase.php" line="483" class="Tests\Feature\GammaMatrix\Playground\Matrix\Epic\ModelTest" classname="Tests.Feature.GammaMatrix.Playground.Matrix.Epic.ModelTest" assertions="102" time="0.344264"/>
      </testsuite>
      <testsuite name="Tests\Feature\GammaMatrix\Playground\Matrix\Flow\ModelTest" file="/app/tests/Feature/Flow/ModelTest.php" tests="2" assertions="43" errors="0" failures="0" skipped="0" time="0.223050">
        <testcase name="test_model_instance" file="/app/vendor/gammamatrix/playground-test/src/Feature/Models/ModelCase.php" line="102" class="Tests\Feature\GammaMatrix\Playground\Matrix\Flow\ModelTest" classname="Tests.Feature.GammaMatrix.Playground.Matrix.Flow.ModelTest" assertions="1" time="0.072999"/>
        <testcase name="testVerifyRelationships" file="/app/vendor/gammamatrix/playground-test/src/Feature/Models/ModelCase.php" line="483" class="Tests\Feature\GammaMatrix\Playground\Matrix\Flow\ModelTest" classname="Tests.Feature.GammaMatrix.Playground.Matrix.Flow.ModelTest" assertions="42" time="0.150051"/>
      </testsuite>
      <testsuite name="Tests\Feature\GammaMatrix\Playground\Matrix\Milestone\ModelTest" file="/app/tests/Feature/Milestone/ModelTest.php" tests="2" assertions="103" errors="0" failures="0" skipped="0" time="0.368945">
        <testcase name="test_model_instance" file="/app/vendor/gammamatrix/playground-test/src/Feature/Models/ModelCase.php" line="102" class="Tests\Feature\GammaMatrix\Playground\Matrix\Milestone\ModelTest" classname="Tests.Feature.GammaMatrix.Playground.Matrix.Milestone.ModelTest" assertions="1" time="0.073964"/>
        <testcase name="testVerifyRelationships" file="/app/vendor/gammamatrix/playground-test/src/Feature/Models/ModelCase.php" line="483" class="Tests\Feature\GammaMatrix\Playground\Matrix\Milestone\ModelTest" classname="Tests.Feature.GammaMatrix.Playground.Matrix.Milestone.ModelTest" assertions="102" time="0.294981"/>
      </testsuite>
      <testsuite name="Tests\Feature\GammaMatrix\Playground\Matrix\Note\ModelTest" file="/app/tests/Feature/Note/ModelTest.php" tests="2" assertions="5" errors="0" failures="0" skipped="0" time="0.146369">
        <testcase name="test_model_instance" file="/app/vendor/gammamatrix/playground-test/src/Feature/Models/ModelCase.php" line="102" class="Tests\Feature\GammaMatrix\Playground\Matrix\Note\ModelTest" classname="Tests.Feature.GammaMatrix.Playground.Matrix.Note.ModelTest" assertions="1" time="0.073508"/>
        <testcase name="testVerifyRelationships" file="/app/vendor/gammamatrix/playground-test/src/Feature/Models/ModelCase.php" line="483" class="Tests\Feature\GammaMatrix\Playground\Matrix\Note\ModelTest" classname="Tests.Feature.GammaMatrix.Playground.Matrix.Note.ModelTest" assertions="4" time="0.072861"/>
      </testsuite>
      <testsuite name="Tests\Feature\GammaMatrix\Playground\Matrix\Project\ModelTest" file="/app/tests/Feature/Project/ModelTest.php" tests="2" assertions="103" errors="0" failures="0" skipped="0" time="0.367263">
        <testcase name="test_model_instance" file="/app/vendor/gammamatrix/playground-test/src/Feature/Models/ModelCase.php" line="102" class="Tests\Feature\GammaMatrix\Playground\Matrix\Project\ModelTest" classname="Tests.Feature.GammaMatrix.Playground.Matrix.Project.ModelTest" assertions="1" time="0.074001"/>
        <testcase name="testVerifyRelationships" file="/app/vendor/gammamatrix/playground-test/src/Feature/Models/ModelCase.php" line="483" class="Tests\Feature\GammaMatrix\Playground\Matrix\Project\ModelTest" classname="Tests.Feature.GammaMatrix.Playground.Matrix.Project.ModelTest" assertions="102" time="0.293261"/>
      </testsuite>
      <testsuite name="Tests\Feature\GammaMatrix\Playground\Matrix\Release\ModelTest" file="/app/tests/Feature/Release/ModelTest.php" tests="2" assertions="103" errors="0" failures="0" skipped="0" time="0.425873">
        <testcase name="test_model_instance" file="/app/vendor/gammamatrix/playground-test/src/Feature/Models/ModelCase.php" line="102" class="Tests\Feature\GammaMatrix\Playground\Matrix\Release\ModelTest" classname="Tests.Feature.GammaMatrix.Playground.Matrix.Release.ModelTest" assertions="1" time="0.072622"/>
        <testcase name="testVerifyRelationships" file="/app/vendor/gammamatrix/playground-test/src/Feature/Models/ModelCase.php" line="483" class="Tests\Feature\GammaMatrix\Playground\Matrix\Release\ModelTest" classname="Tests.Feature.GammaMatrix.Playground.Matrix.Release.ModelTest" assertions="102" time="0.353251"/>
      </testsuite>
      <testsuite name="Tests\Feature\GammaMatrix\Playground\Matrix\Roadmap\ModelTest" file="/app/tests/Feature/Roadmap/ModelTest.php" tests="2" assertions="103" errors="0" failures="0" skipped="0" time="0.372983">
        <testcase name="test_model_instance" file="/app/vendor/gammamatrix/playground-test/src/Feature/Models/ModelCase.php" line="102" class="Tests\Feature\GammaMatrix\Playground\Matrix\Roadmap\ModelTest" classname="Tests.Feature.GammaMatrix.Playground.Matrix.Roadmap.ModelTest" assertions="1" time="0.073476"/>
        <testcase name="testVerifyRelationships" file="/app/vendor/gammamatrix/playground-test/src/Feature/Models/ModelCase.php" line="483" class="Tests\Feature\GammaMatrix\Playground\Matrix\Roadmap\ModelTest" classname="Tests.Feature.GammaMatrix.Playground.Matrix.Roadmap.ModelTest" assertions="102" time="0.299507"/>
      </testsuite>
      <testsuite name="Tests\Feature\GammaMatrix\Playground\Matrix\Source\ModelTest" file="/app/tests/Feature/Source/ModelTest.php" tests="2" assertions="103" errors="0" failures="0" skipped="0" time="0.375515">
        <testcase name="test_model_instance" file="/app/vendor/gammamatrix/playground-test/src/Feature/Models/ModelCase.php" line="102" class="Tests\Feature\GammaMatrix\Playground\Matrix\Source\ModelTest" classname="Tests.Feature.GammaMatrix.Playground.Matrix.Source.ModelTest" assertions="1" time="0.072185"/>
        <testcase name="testVerifyRelationships" file="/app/vendor/gammamatrix/playground-test/src/Feature/Models/ModelCase.php" line="483" class="Tests\Feature\GammaMatrix\Playground\Matrix\Source\ModelTest" classname="Tests.Feature.GammaMatrix.Playground.Matrix.Source.ModelTest" assertions="102" time="0.303330"/>
      </testsuite>
      <testsuite name="Tests\Feature\GammaMatrix\Playground\Matrix\Sprint\ModelTest" file="/app/tests/Feature/Sprint/ModelTest.php" tests="2" assertions="103" errors="0" failures="0" skipped="0" time="0.363011">
        <testcase name="test_model_instance" file="/app/vendor/gammamatrix/playground-test/src/Feature/Models/ModelCase.php" line="102" class="Tests\Feature\GammaMatrix\Playground\Matrix\Sprint\ModelTest" classname="Tests.Feature.GammaMatrix.Playground.Matrix.Sprint.ModelTest" assertions="1" time="0.072071"/>
        <testcase name="testVerifyRelationships" file="/app/vendor/gammamatrix/playground-test/src/Feature/Models/ModelCase.php" line="483" class="Tests\Feature\GammaMatrix\Playground\Matrix\Sprint\ModelTest" classname="Tests.Feature.GammaMatrix.Playground.Matrix.Sprint.ModelTest" assertions="102" time="0.290940"/>
      </testsuite>
      <testsuite name="Tests\Feature\GammaMatrix\Playground\Matrix\Tag\ModelTest" file="/app/tests/Feature/Tag/ModelTest.php" tests="2" assertions="103" errors="0" failures="0" skipped="0" time="0.362083">
        <testcase name="test_model_instance" file="/app/vendor/gammamatrix/playground-test/src/Feature/Models/ModelCase.php" line="102" class="Tests\Feature\GammaMatrix\Playground\Matrix\Tag\ModelTest" classname="Tests.Feature.GammaMatrix.Playground.Matrix.Tag.ModelTest" assertions="1" time="0.072279"/>
        <testcase name="testVerifyRelationships" file="/app/vendor/gammamatrix/playground-test/src/Feature/Models/ModelCase.php" line="483" class="Tests\Feature\GammaMatrix\Playground\Matrix\Tag\ModelTest" classname="Tests.Feature.GammaMatrix.Playground.Matrix.Tag.ModelTest" assertions="102" time="0.289804"/>
      </testsuite>
      <testsuite name="Tests\Feature\GammaMatrix\Playground\Matrix\Team\ModelTest" file="/app/tests/Feature/Team/ModelTest.php" tests="2" assertions="103" errors="0" failures="0" skipped="0" time="0.449123">
        <testcase name="test_model_instance" file="/app/vendor/gammamatrix/playground-test/src/Feature/Models/ModelCase.php" line="102" class="Tests\Feature\GammaMatrix\Playground\Matrix\Team\ModelTest" classname="Tests.Feature.GammaMatrix.Playground.Matrix.Team.ModelTest" assertions="1" time="0.071663"/>
        <testcase name="testVerifyRelationships" file="/app/vendor/gammamatrix/playground-test/src/Feature/Models/ModelCase.php" line="483" class="Tests\Feature\GammaMatrix\Playground\Matrix\Team\ModelTest" classname="Tests.Feature.GammaMatrix.Playground.Matrix.Team.ModelTest" assertions="102" time="0.377461"/>
      </testsuite>
      <testsuite name="Tests\Feature\GammaMatrix\Playground\Matrix\Ticket\ModelTest" file="/app/tests/Feature/Ticket/ModelTest.php" tests="2" assertions="115" errors="0" failures="0" skipped="0" time="0.475802">
        <testcase name="test_model_instance" file="/app/vendor/gammamatrix/playground-test/src/Feature/Models/ModelCase.php" line="102" class="Tests\Feature\GammaMatrix\Playground\Matrix\Ticket\ModelTest" classname="Tests.Feature.GammaMatrix.Playground.Matrix.Ticket.ModelTest" assertions="1" time="0.073169"/>
        <testcase name="testVerifyRelationships" file="/app/vendor/gammamatrix/playground-test/src/Feature/Models/ModelCase.php" line="483" class="Tests\Feature\GammaMatrix\Playground\Matrix\Ticket\ModelTest" classname="Tests.Feature.GammaMatrix.Playground.Matrix.Ticket.ModelTest" assertions="114" time="0.402633"/>
      </testsuite>
      <testsuite name="Tests\Feature\GammaMatrix\Playground\Matrix\Version\ModelTest" file="/app/tests/Feature/Version/ModelTest.php" tests="2" assertions="103" errors="0" failures="0" skipped="0" time="0.368135">
        <testcase name="test_model_instance" file="/app/vendor/gammamatrix/playground-test/src/Feature/Models/ModelCase.php" line="102" class="Tests\Feature\GammaMatrix\Playground\Matrix\Version\ModelTest" classname="Tests.Feature.GammaMatrix.Playground.Matrix.Version.ModelTest" assertions="1" time="0.073628"/>
        <testcase name="testVerifyRelationships" file="/app/vendor/gammamatrix/playground-test/src/Feature/Models/ModelCase.php" line="483" class="Tests\Feature\GammaMatrix\Playground\Matrix\Version\ModelTest" classname="Tests.Feature.GammaMatrix.Playground.Matrix.Version.ModelTest" assertions="102" time="0.294508"/>
      </testsuite>
    </testsuite>
  </testsuite>
</testsuites>
