<?xml version="1.0" encoding="UTF-8"?>
<testsuites>
  <testsuite name="/app/phpunit.xml.dist" tests="90" assertions="1746" errors="0" failures="0" skipped="0" time="23.186941">
    <testsuite name="Unit" tests="45" assertions="296" errors="0" failures="0" skipped="0" time="1.703985">
      <testsuite name="Tests\Unit\Playground\Matrix\Models\Backlog\ModelTest" file="/app/tests/Unit/Models/Backlog/ModelTest.php" tests="3" assertions="22" errors="0" failures="0" skipped="0" time="0.752942">
        <testcase name="test_model_instance" file="/app/vendor/gammamatrix/playground-test/src/Unit/Models/ModelCase.php" line="100" class="Tests\Unit\Playground\Matrix\Models\Backlog\ModelTest" classname="Tests.Unit.Playground.Matrix.Models.Backlog.ModelTest" assertions="1" time="0.235342"/>
        <testcase name="test_verify_model_relationships" file="/app/vendor/gammamatrix/playground-test/src/Unit/Models/ModelCase.php" line="261" class="Tests\Unit\Playground\Matrix\Models\Backlog\ModelTest" classname="Tests.Unit.Playground.Matrix.Models.Backlog.ModelTest" assertions="18" time="0.486931"/>
        <testcase name="test_model_factory_make" file="/app/vendor/gammamatrix/playground-test/src/Unit/Models/ModelCase.php" line="277" class="Tests\Unit\Playground\Matrix\Models\Backlog\ModelTest" classname="Tests.Unit.Playground.Matrix.Models.Backlog.ModelTest" assertions="3" time="0.030669"/>
      </testsuite>
      <testsuite name="Tests\Unit\Playground\Matrix\Models\Board\ModelTest" file="/app/tests/Unit/Models/Board/ModelTest.php" tests="3" assertions="21" errors="0" failures="0" skipped="0" time="0.068034">
        <testcase name="test_model_instance" file="/app/vendor/gammamatrix/playground-test/src/Unit/Models/ModelCase.php" line="100" class="Tests\Unit\Playground\Matrix\Models\Board\ModelTest" classname="Tests.Unit.Playground.Matrix.Models.Board.ModelTest" assertions="1" time="0.018812"/>
        <testcase name="test_verify_model_relationships" file="/app/vendor/gammamatrix/playground-test/src/Unit/Models/ModelCase.php" line="261" class="Tests\Unit\Playground\Matrix\Models\Board\ModelTest" classname="Tests.Unit.Playground.Matrix.Models.Board.ModelTest" assertions="17" time="0.028618"/>
        <testcase name="test_model_factory_make" file="/app/vendor/gammamatrix/playground-test/src/Unit/Models/ModelCase.php" line="277" class="Tests\Unit\Playground\Matrix\Models\Board\ModelTest" classname="Tests.Unit.Playground.Matrix.Models.Board.ModelTest" assertions="3" time="0.020604"/>
      </testsuite>
      <testsuite name="Tests\Unit\Playground\Matrix\Models\Epic\ModelTest" file="/app/tests/Unit/Models/Epic/ModelTest.php" tests="3" assertions="21" errors="0" failures="0" skipped="0" time="0.068505">
        <testcase name="test_model_instance" file="/app/vendor/gammamatrix/playground-test/src/Unit/Models/ModelCase.php" line="100" class="Tests\Unit\Playground\Matrix\Models\Epic\ModelTest" classname="Tests.Unit.Playground.Matrix.Models.Epic.ModelTest" assertions="1" time="0.018597"/>
        <testcase name="test_verify_model_relationships" file="/app/vendor/gammamatrix/playground-test/src/Unit/Models/ModelCase.php" line="261" class="Tests\Unit\Playground\Matrix\Models\Epic\ModelTest" classname="Tests.Unit.Playground.Matrix.Models.Epic.ModelTest" assertions="17" time="0.029874"/>
        <testcase name="test_model_factory_make" file="/app/vendor/gammamatrix/playground-test/src/Unit/Models/ModelCase.php" line="277" class="Tests\Unit\Playground\Matrix\Models\Epic\ModelTest" classname="Tests.Unit.Playground.Matrix.Models.Epic.ModelTest" assertions="3" time="0.020034"/>
      </testsuite>
      <testsuite name="Tests\Unit\Playground\Matrix\Models\Flow\ModelTest" file="/app/tests/Unit/Models/Flow/ModelTest.php" tests="3" assertions="11" errors="0" failures="0" skipped="0" time="0.062166">
        <testcase name="test_model_instance" file="/app/vendor/gammamatrix/playground-test/src/Unit/Models/ModelCase.php" line="100" class="Tests\Unit\Playground\Matrix\Models\Flow\ModelTest" classname="Tests.Unit.Playground.Matrix.Models.Flow.ModelTest" assertions="1" time="0.018463"/>
        <testcase name="test_verify_model_relationships" file="/app/vendor/gammamatrix/playground-test/src/Unit/Models/ModelCase.php" line="261" class="Tests\Unit\Playground\Matrix\Models\Flow\ModelTest" classname="Tests.Unit.Playground.Matrix.Models.Flow.ModelTest" assertions="7" time="0.023617"/>
        <testcase name="test_model_factory_make" file="/app/vendor/gammamatrix/playground-test/src/Unit/Models/ModelCase.php" line="277" class="Tests\Unit\Playground\Matrix\Models\Flow\ModelTest" classname="Tests.Unit.Playground.Matrix.Models.Flow.ModelTest" assertions="3" time="0.020086"/>
      </testsuite>
      <testsuite name="Tests\Unit\Playground\Matrix\Models\Milestone\ModelTest" file="/app/tests/Unit/Models/Milestone/ModelTest.php" tests="3" assertions="21" errors="0" failures="0" skipped="0" time="0.065570">
        <testcase name="test_model_instance" file="/app/vendor/gammamatrix/playground-test/src/Unit/Models/ModelCase.php" line="100" class="Tests\Unit\Playground\Matrix\Models\Milestone\ModelTest" classname="Tests.Unit.Playground.Matrix.Models.Milestone.ModelTest" assertions="1" time="0.018445"/>
        <testcase name="test_verify_model_relationships" file="/app/vendor/gammamatrix/playground-test/src/Unit/Models/ModelCase.php" line="261" class="Tests\Unit\Playground\Matrix\Models\Milestone\ModelTest" classname="Tests.Unit.Playground.Matrix.Models.Milestone.ModelTest" assertions="17" time="0.027249"/>
        <testcase name="test_model_factory_make" file="/app/vendor/gammamatrix/playground-test/src/Unit/Models/ModelCase.php" line="277" class="Tests\Unit\Playground\Matrix\Models\Milestone\ModelTest" classname="Tests.Unit.Playground.Matrix.Models.Milestone.ModelTest" assertions="3" time="0.019876"/>
      </testsuite>
      <testsuite name="Tests\Unit\Playground\Matrix\Models\Note\ModelTest" file="/app/tests/Unit/Models/Note/ModelTest.php" tests="3" assertions="9" errors="0" failures="0" skipped="0" time="0.059703">
        <testcase name="test_model_instance" file="/app/vendor/gammamatrix/playground-test/src/Unit/Models/ModelCase.php" line="100" class="Tests\Unit\Playground\Matrix\Models\Note\ModelTest" classname="Tests.Unit.Playground.Matrix.Models.Note.ModelTest" assertions="1" time="0.018791"/>
        <testcase name="test_verify_model_relationships" file="/app/vendor/gammamatrix/playground-test/src/Unit/Models/ModelCase.php" line="261" class="Tests\Unit\Playground\Matrix\Models\Note\ModelTest" classname="Tests.Unit.Playground.Matrix.Models.Note.ModelTest" assertions="5" time="0.019268"/>
        <testcase name="test_model_factory_make" file="/app/vendor/gammamatrix/playground-test/src/Unit/Models/ModelCase.php" line="277" class="Tests\Unit\Playground\Matrix\Models\Note\ModelTest" classname="Tests.Unit.Playground.Matrix.Models.Note.ModelTest" assertions="3" time="0.021644"/>
      </testsuite>
      <testsuite name="Tests\Unit\Playground\Matrix\Models\Project\ModelTest" file="/app/tests/Unit/Models/Project/ModelTest.php" tests="3" assertions="21" errors="0" failures="0" skipped="0" time="0.068159">
        <testcase name="test_model_instance" file="/app/vendor/gammamatrix/playground-test/src/Unit/Models/ModelCase.php" line="100" class="Tests\Unit\Playground\Matrix\Models\Project\ModelTest" classname="Tests.Unit.Playground.Matrix.Models.Project.ModelTest" assertions="1" time="0.020340"/>
        <testcase name="test_verify_model_relationships" file="/app/vendor/gammamatrix/playground-test/src/Unit/Models/ModelCase.php" line="261" class="Tests\Unit\Playground\Matrix\Models\Project\ModelTest" classname="Tests.Unit.Playground.Matrix.Models.Project.ModelTest" assertions="17" time="0.027588"/>
        <testcase name="test_model_factory_make" file="/app/vendor/gammamatrix/playground-test/src/Unit/Models/ModelCase.php" line="277" class="Tests\Unit\Playground\Matrix\Models\Project\ModelTest" classname="Tests.Unit.Playground.Matrix.Models.Project.ModelTest" assertions="3" time="0.020231"/>
      </testsuite>
      <testsuite name="Tests\Unit\Playground\Matrix\Models\Release\ModelTest" file="/app/tests/Unit/Models/Release/ModelTest.php" tests="3" assertions="21" errors="0" failures="0" skipped="0" time="0.071185">
        <testcase name="test_model_instance" file="/app/vendor/gammamatrix/playground-test/src/Unit/Models/ModelCase.php" line="100" class="Tests\Unit\Playground\Matrix\Models\Release\ModelTest" classname="Tests.Unit.Playground.Matrix.Models.Release.ModelTest" assertions="1" time="0.021113"/>
        <testcase name="test_verify_model_relationships" file="/app/vendor/gammamatrix/playground-test/src/Unit/Models/ModelCase.php" line="261" class="Tests\Unit\Playground\Matrix\Models\Release\ModelTest" classname="Tests.Unit.Playground.Matrix.Models.Release.ModelTest" assertions="17" time="0.028779"/>
        <testcase name="test_model_factory_make" file="/app/vendor/gammamatrix/playground-test/src/Unit/Models/ModelCase.php" line="277" class="Tests\Unit\Playground\Matrix\Models\Release\ModelTest" classname="Tests.Unit.Playground.Matrix.Models.Release.ModelTest" assertions="3" time="0.021292"/>
      </testsuite>
      <testsuite name="Tests\Unit\Playground\Matrix\Models\Roadmap\ModelTest" file="/app/tests/Unit/Models/Roadmap/ModelTest.php" tests="3" assertions="21" errors="0" failures="0" skipped="0" time="0.067708">
        <testcase name="test_model_instance" file="/app/vendor/gammamatrix/playground-test/src/Unit/Models/ModelCase.php" line="100" class="Tests\Unit\Playground\Matrix\Models\Roadmap\ModelTest" classname="Tests.Unit.Playground.Matrix.Models.Roadmap.ModelTest" assertions="1" time="0.018809"/>
        <testcase name="test_verify_model_relationships" file="/app/vendor/gammamatrix/playground-test/src/Unit/Models/ModelCase.php" line="261" class="Tests\Unit\Playground\Matrix\Models\Roadmap\ModelTest" classname="Tests.Unit.Playground.Matrix.Models.Roadmap.ModelTest" assertions="17" time="0.027947"/>
        <testcase name="test_model_factory_make" file="/app/vendor/gammamatrix/playground-test/src/Unit/Models/ModelCase.php" line="277" class="Tests\Unit\Playground\Matrix\Models\Roadmap\ModelTest" classname="Tests.Unit.Playground.Matrix.Models.Roadmap.ModelTest" assertions="3" time="0.020952"/>
      </testsuite>
      <testsuite name="Tests\Unit\Playground\Matrix\Models\Source\ModelTest" file="/app/tests/Unit/Models/Source/ModelTest.php" tests="3" assertions="21" errors="0" failures="0" skipped="0" time="0.074916">
        <testcase name="test_model_instance" file="/app/vendor/gammamatrix/playground-test/src/Unit/Models/ModelCase.php" line="100" class="Tests\Unit\Playground\Matrix\Models\Source\ModelTest" classname="Tests.Unit.Playground.Matrix.Models.Source.ModelTest" assertions="1" time="0.018755"/>
        <testcase name="test_verify_model_relationships" file="/app/vendor/gammamatrix/playground-test/src/Unit/Models/ModelCase.php" line="261" class="Tests\Unit\Playground\Matrix\Models\Source\ModelTest" classname="Tests.Unit.Playground.Matrix.Models.Source.ModelTest" assertions="17" time="0.033633"/>
        <testcase name="test_model_factory_make" file="/app/vendor/gammamatrix/playground-test/src/Unit/Models/ModelCase.php" line="277" class="Tests\Unit\Playground\Matrix\Models\Source\ModelTest" classname="Tests.Unit.Playground.Matrix.Models.Source.ModelTest" assertions="3" time="0.022528"/>
      </testsuite>
      <testsuite name="Tests\Unit\Playground\Matrix\Models\Sprint\ModelTest" file="/app/tests/Unit/Models/Sprint/ModelTest.php" tests="3" assertions="21" errors="0" failures="0" skipped="0" time="0.068198">
        <testcase name="test_model_instance" file="/app/vendor/gammamatrix/playground-test/src/Unit/Models/ModelCase.php" line="100" class="Tests\Unit\Playground\Matrix\Models\Sprint\ModelTest" classname="Tests.Unit.Playground.Matrix.Models.Sprint.ModelTest" assertions="1" time="0.018819"/>
        <testcase name="test_verify_model_relationships" file="/app/vendor/gammamatrix/playground-test/src/Unit/Models/ModelCase.php" line="261" class="Tests\Unit\Playground\Matrix\Models\Sprint\ModelTest" classname="Tests.Unit.Playground.Matrix.Models.Sprint.ModelTest" assertions="17" time="0.029064"/>
        <testcase name="test_model_factory_make" file="/app/vendor/gammamatrix/playground-test/src/Unit/Models/ModelCase.php" line="277" class="Tests\Unit\Playground\Matrix\Models\Sprint\ModelTest" classname="Tests.Unit.Playground.Matrix.Models.Sprint.ModelTest" assertions="3" time="0.020314"/>
      </testsuite>
      <testsuite name="Tests\Unit\Playground\Matrix\Models\Tag\ModelTest" file="/app/tests/Unit/Models/Tag/ModelTest.php" tests="3" assertions="21" errors="0" failures="0" skipped="0" time="0.065896">
        <testcase name="test_model_instance" file="/app/vendor/gammamatrix/playground-test/src/Unit/Models/ModelCase.php" line="100" class="Tests\Unit\Playground\Matrix\Models\Tag\ModelTest" classname="Tests.Unit.Playground.Matrix.Models.Tag.ModelTest" assertions="1" time="0.018412"/>
        <testcase name="test_verify_model_relationships" file="/app/vendor/gammamatrix/playground-test/src/Unit/Models/ModelCase.php" line="261" class="Tests\Unit\Playground\Matrix\Models\Tag\ModelTest" classname="Tests.Unit.Playground.Matrix.Models.Tag.ModelTest" assertions="17" time="0.027390"/>
        <testcase name="test_model_factory_make" file="/app/vendor/gammamatrix/playground-test/src/Unit/Models/ModelCase.php" line="277" class="Tests\Unit\Playground\Matrix\Models\Tag\ModelTest" classname="Tests.Unit.Playground.Matrix.Models.Tag.ModelTest" assertions="3" time="0.020094"/>
      </testsuite>
      <testsuite name="Tests\Unit\Playground\Matrix\Models\Team\ModelTest" file="/app/tests/Unit/Models/Team/ModelTest.php" tests="3" assertions="21" errors="0" failures="0" skipped="0" time="0.068283">
        <testcase name="test_model_instance" file="/app/vendor/gammamatrix/playground-test/src/Unit/Models/ModelCase.php" line="100" class="Tests\Unit\Playground\Matrix\Models\Team\ModelTest" classname="Tests.Unit.Playground.Matrix.Models.Team.ModelTest" assertions="1" time="0.020585"/>
        <testcase name="test_verify_model_relationships" file="/app/vendor/gammamatrix/playground-test/src/Unit/Models/ModelCase.php" line="261" class="Tests\Unit\Playground\Matrix\Models\Team\ModelTest" classname="Tests.Unit.Playground.Matrix.Models.Team.ModelTest" assertions="17" time="0.027397"/>
        <testcase name="test_model_factory_make" file="/app/vendor/gammamatrix/playground-test/src/Unit/Models/ModelCase.php" line="277" class="Tests\Unit\Playground\Matrix\Models\Team\ModelTest" classname="Tests.Unit.Playground.Matrix.Models.Team.ModelTest" assertions="3" time="0.020301"/>
      </testsuite>
      <testsuite name="Tests\Unit\Playground\Matrix\Models\Ticket\ModelTest" file="/app/tests/Unit/Models/Ticket/ModelTest.php" tests="3" assertions="23" errors="0" failures="0" skipped="0" time="0.070352">
        <testcase name="test_model_instance" file="/app/vendor/gammamatrix/playground-test/src/Unit/Models/ModelCase.php" line="100" class="Tests\Unit\Playground\Matrix\Models\Ticket\ModelTest" classname="Tests.Unit.Playground.Matrix.Models.Ticket.ModelTest" assertions="1" time="0.018598"/>
        <testcase name="test_verify_model_relationships" file="/app/vendor/gammamatrix/playground-test/src/Unit/Models/ModelCase.php" line="261" class="Tests\Unit\Playground\Matrix\Models\Ticket\ModelTest" classname="Tests.Unit.Playground.Matrix.Models.Ticket.ModelTest" assertions="19" time="0.028883"/>
        <testcase name="test_model_factory_make" file="/app/vendor/gammamatrix/playground-test/src/Unit/Models/ModelCase.php" line="277" class="Tests\Unit\Playground\Matrix\Models\Ticket\ModelTest" classname="Tests.Unit.Playground.Matrix.Models.Ticket.ModelTest" assertions="3" time="0.022871"/>
      </testsuite>
      <testsuite name="Tests\Unit\Playground\Matrix\Models\Version\ModelTest" file="/app/tests/Unit/Models/Version/ModelTest.php" tests="3" assertions="21" errors="0" failures="0" skipped="0" time="0.072368">
        <testcase name="test_model_instance" file="/app/vendor/gammamatrix/playground-test/src/Unit/Models/ModelCase.php" line="100" class="Tests\Unit\Playground\Matrix\Models\Version\ModelTest" classname="Tests.Unit.Playground.Matrix.Models.Version.ModelTest" assertions="1" time="0.018589"/>
        <testcase name="test_verify_model_relationships" file="/app/vendor/gammamatrix/playground-test/src/Unit/Models/ModelCase.php" line="261" class="Tests\Unit\Playground\Matrix\Models\Version\ModelTest" classname="Tests.Unit.Playground.Matrix.Models.Version.ModelTest" assertions="17" time="0.028895"/>
        <testcase name="test_model_factory_make" file="/app/vendor/gammamatrix/playground-test/src/Unit/Models/ModelCase.php" line="277" class="Tests\Unit\Playground\Matrix\Models\Version\ModelTest" classname="Tests.Unit.Playground.Matrix.Models.Version.ModelTest" assertions="3" time="0.024884"/>
      </testsuite>
    </testsuite>
    <testsuite name="Feature" tests="45" assertions="1450" errors="0" failures="0" skipped="0" time="21.482957">
      <testsuite name="Tests\Feature\Playground\Matrix\Models\Backlog\ModelTest" file="/app/tests/Feature/Models/Backlog/ModelTest.php" tests="3" assertions="112" errors="0" failures="0" skipped="0" time="1.540408">
        <testcase name="test_model_instance" file="/app/vendor/gammamatrix/playground-test/src/Feature/Models/ModelCase.php" line="106" class="Tests\Feature\Playground\Matrix\Models\Backlog\ModelTest" classname="Tests.Feature.Playground.Matrix.Models.Backlog.ModelTest" assertions="1" time="0.424864"/>
        <testcase name="test_verify_model_relationships" file="/app/vendor/gammamatrix/playground-test/src/Feature/Models/ModelCase.php" line="525" class="Tests\Feature\Playground\Matrix\Models\Backlog\ModelTest" classname="Tests.Feature.Playground.Matrix.Models.Backlog.ModelTest" assertions="108" time="0.749118"/>
        <testcase name="test_factory_create" file="/app/vendor/gammamatrix/playground-test/src/Feature/Models/ModelCase.php" line="541" class="Tests\Feature\Playground\Matrix\Models\Backlog\ModelTest" classname="Tests.Feature.Playground.Matrix.Models.Backlog.ModelTest" assertions="3" time="0.366426"/>
      </testsuite>
      <testsuite name="Tests\Feature\Playground\Matrix\Models\Board\ModelTest" file="/app/tests/Feature/Models/Board/ModelTest.php" tests="3" assertions="106" errors="0" failures="0" skipped="0" time="1.426230">
        <testcase name="test_model_instance" file="/app/vendor/gammamatrix/playground-test/src/Feature/Models/ModelCase.php" line="106" class="Tests\Feature\Playground\Matrix\Models\Board\ModelTest" classname="Tests.Feature.Playground.Matrix.Models.Board.ModelTest" assertions="1" time="0.360212"/>
        <testcase name="test_verify_model_relationships" file="/app/vendor/gammamatrix/playground-test/src/Feature/Models/ModelCase.php" line="525" class="Tests\Feature\Playground\Matrix\Models\Board\ModelTest" classname="Tests.Feature.Playground.Matrix.Models.Board.ModelTest" assertions="102" time="0.700205"/>
        <testcase name="test_factory_create" file="/app/vendor/gammamatrix/playground-test/src/Feature/Models/ModelCase.php" line="541" class="Tests\Feature\Playground\Matrix\Models\Board\ModelTest" classname="Tests.Feature.Playground.Matrix.Models.Board.ModelTest" assertions="3" time="0.365812"/>
      </testsuite>
      <testsuite name="Tests\Feature\Playground\Matrix\Models\Epic\ModelTest" file="/app/tests/Feature/Models/Epic/ModelTest.php" tests="3" assertions="106" errors="0" failures="0" skipped="0" time="1.427868">
        <testcase name="test_model_instance" file="/app/vendor/gammamatrix/playground-test/src/Feature/Models/ModelCase.php" line="106" class="Tests\Feature\Playground\Matrix\Models\Epic\ModelTest" classname="Tests.Feature.Playground.Matrix.Models.Epic.ModelTest" assertions="1" time="0.358244"/>
        <testcase name="test_verify_model_relationships" file="/app/vendor/gammamatrix/playground-test/src/Feature/Models/ModelCase.php" line="525" class="Tests\Feature\Playground\Matrix\Models\Epic\ModelTest" classname="Tests.Feature.Playground.Matrix.Models.Epic.ModelTest" assertions="102" time="0.709686"/>
        <testcase name="test_factory_create" file="/app/vendor/gammamatrix/playground-test/src/Feature/Models/ModelCase.php" line="541" class="Tests\Feature\Playground\Matrix\Models\Epic\ModelTest" classname="Tests.Feature.Playground.Matrix.Models.Epic.ModelTest" assertions="3" time="0.359939"/>
      </testsuite>
      <testsuite name="Tests\Feature\Playground\Matrix\Models\Flow\ModelTest" file="/app/tests/Feature/Models/Flow/ModelTest.php" tests="3" assertions="46" errors="0" failures="0" skipped="0" time="1.204052">
        <testcase name="test_model_instance" file="/app/vendor/gammamatrix/playground-test/src/Feature/Models/ModelCase.php" line="106" class="Tests\Feature\Playground\Matrix\Models\Flow\ModelTest" classname="Tests.Feature.Playground.Matrix.Models.Flow.ModelTest" assertions="1" time="0.357338"/>
        <testcase name="test_verify_model_relationships" file="/app/vendor/gammamatrix/playground-test/src/Feature/Models/ModelCase.php" line="525" class="Tests\Feature\Playground\Matrix\Models\Flow\ModelTest" classname="Tests.Feature.Playground.Matrix.Models.Flow.ModelTest" assertions="42" time="0.477648"/>
        <testcase name="test_factory_create" file="/app/vendor/gammamatrix/playground-test/src/Feature/Models/ModelCase.php" line="541" class="Tests\Feature\Playground\Matrix\Models\Flow\ModelTest" classname="Tests.Feature.Playground.Matrix.Models.Flow.ModelTest" assertions="3" time="0.369066"/>
      </testsuite>
      <testsuite name="Tests\Feature\Playground\Matrix\Models\Milestone\ModelTest" file="/app/tests/Feature/Models/Milestone/ModelTest.php" tests="3" assertions="106" errors="0" failures="0" skipped="0" time="1.437536">
        <testcase name="test_model_instance" file="/app/vendor/gammamatrix/playground-test/src/Feature/Models/ModelCase.php" line="106" class="Tests\Feature\Playground\Matrix\Models\Milestone\ModelTest" classname="Tests.Feature.Playground.Matrix.Models.Milestone.ModelTest" assertions="1" time="0.360357"/>
        <testcase name="test_verify_model_relationships" file="/app/vendor/gammamatrix/playground-test/src/Feature/Models/ModelCase.php" line="525" class="Tests\Feature\Playground\Matrix\Models\Milestone\ModelTest" classname="Tests.Feature.Playground.Matrix.Models.Milestone.ModelTest" assertions="102" time="0.706172"/>
        <testcase name="test_factory_create" file="/app/vendor/gammamatrix/playground-test/src/Feature/Models/ModelCase.php" line="541" class="Tests\Feature\Playground\Matrix\Models\Milestone\ModelTest" classname="Tests.Feature.Playground.Matrix.Models.Milestone.ModelTest" assertions="3" time="0.371008"/>
      </testsuite>
      <testsuite name="Tests\Feature\Playground\Matrix\Models\Note\ModelTest" file="/app/tests/Feature/Models/Note/ModelTest.php" tests="3" assertions="8" errors="0" failures="0" skipped="0" time="1.083910">
        <testcase name="test_model_instance" file="/app/vendor/gammamatrix/playground-test/src/Feature/Models/ModelCase.php" line="106" class="Tests\Feature\Playground\Matrix\Models\Note\ModelTest" classname="Tests.Feature.Playground.Matrix.Models.Note.ModelTest" assertions="1" time="0.357942"/>
        <testcase name="test_verify_model_relationships" file="/app/vendor/gammamatrix/playground-test/src/Feature/Models/ModelCase.php" line="525" class="Tests\Feature\Playground\Matrix\Models\Note\ModelTest" classname="Tests.Feature.Playground.Matrix.Models.Note.ModelTest" assertions="4" time="0.358603"/>
        <testcase name="test_factory_create" file="/app/vendor/gammamatrix/playground-test/src/Feature/Models/ModelCase.php" line="541" class="Tests\Feature\Playground\Matrix\Models\Note\ModelTest" classname="Tests.Feature.Playground.Matrix.Models.Note.ModelTest" assertions="3" time="0.367364"/>
      </testsuite>
      <testsuite name="Tests\Feature\Playground\Matrix\Models\Project\ModelTest" file="/app/tests/Feature/Models/Project/ModelTest.php" tests="3" assertions="106" errors="0" failures="0" skipped="0" time="1.442697">
        <testcase name="test_model_instance" file="/app/vendor/gammamatrix/playground-test/src/Feature/Models/ModelCase.php" line="106" class="Tests\Feature\Playground\Matrix\Models\Project\ModelTest" classname="Tests.Feature.Playground.Matrix.Models.Project.ModelTest" assertions="1" time="0.358793"/>
        <testcase name="test_verify_model_relationships" file="/app/vendor/gammamatrix/playground-test/src/Feature/Models/ModelCase.php" line="525" class="Tests\Feature\Playground\Matrix\Models\Project\ModelTest" classname="Tests.Feature.Playground.Matrix.Models.Project.ModelTest" assertions="102" time="0.715199"/>
        <testcase name="test_factory_create" file="/app/vendor/gammamatrix/playground-test/src/Feature/Models/ModelCase.php" line="541" class="Tests\Feature\Playground\Matrix\Models\Project\ModelTest" classname="Tests.Feature.Playground.Matrix.Models.Project.ModelTest" assertions="3" time="0.368705"/>
      </testsuite>
      <testsuite name="Tests\Feature\Playground\Matrix\Models\Release\ModelTest" file="/app/tests/Feature/Models/Release/ModelTest.php" tests="3" assertions="106" errors="0" failures="0" skipped="0" time="1.541975">
        <testcase name="test_model_instance" file="/app/vendor/gammamatrix/playground-test/src/Feature/Models/ModelCase.php" line="106" class="Tests\Feature\Playground\Matrix\Models\Release\ModelTest" classname="Tests.Feature.Playground.Matrix.Models.Release.ModelTest" assertions="1" time="0.354860"/>
        <testcase name="test_verify_model_relationships" file="/app/vendor/gammamatrix/playground-test/src/Feature/Models/ModelCase.php" line="525" class="Tests\Feature\Playground\Matrix\Models\Release\ModelTest" classname="Tests.Feature.Playground.Matrix.Models.Release.ModelTest" assertions="102" time="0.821691"/>
        <testcase name="test_factory_create" file="/app/vendor/gammamatrix/playground-test/src/Feature/Models/ModelCase.php" line="541" class="Tests\Feature\Playground\Matrix\Models\Release\ModelTest" classname="Tests.Feature.Playground.Matrix.Models.Release.ModelTest" assertions="3" time="0.365423"/>
      </testsuite>
      <testsuite name="Tests\Feature\Playground\Matrix\Models\Roadmap\ModelTest" file="/app/tests/Feature/Models/Roadmap/ModelTest.php" tests="3" assertions="106" errors="0" failures="0" skipped="0" time="1.605077">
        <testcase name="test_model_instance" file="/app/vendor/gammamatrix/playground-test/src/Feature/Models/ModelCase.php" line="106" class="Tests\Feature\Playground\Matrix\Models\Roadmap\ModelTest" classname="Tests.Feature.Playground.Matrix.Models.Roadmap.ModelTest" assertions="1" time="0.361176"/>
        <testcase name="test_verify_model_relationships" file="/app/vendor/gammamatrix/playground-test/src/Feature/Models/ModelCase.php" line="525" class="Tests\Feature\Playground\Matrix\Models\Roadmap\ModelTest" classname="Tests.Feature.Playground.Matrix.Models.Roadmap.ModelTest" assertions="102" time="0.874735"/>
        <testcase name="test_factory_create" file="/app/vendor/gammamatrix/playground-test/src/Feature/Models/ModelCase.php" line="541" class="Tests\Feature\Playground\Matrix\Models\Roadmap\ModelTest" classname="Tests.Feature.Playground.Matrix.Models.Roadmap.ModelTest" assertions="3" time="0.369167"/>
      </testsuite>
      <testsuite name="Tests\Feature\Playground\Matrix\Models\Source\ModelTest" file="/app/tests/Feature/Models/Source/ModelTest.php" tests="3" assertions="106" errors="0" failures="0" skipped="0" time="1.539474">
        <testcase name="test_model_instance" file="/app/vendor/gammamatrix/playground-test/src/Feature/Models/ModelCase.php" line="106" class="Tests\Feature\Playground\Matrix\Models\Source\ModelTest" classname="Tests.Feature.Playground.Matrix.Models.Source.ModelTest" assertions="1" time="0.357980"/>
        <testcase name="test_verify_model_relationships" file="/app/vendor/gammamatrix/playground-test/src/Feature/Models/ModelCase.php" line="525" class="Tests\Feature\Playground\Matrix\Models\Source\ModelTest" classname="Tests.Feature.Playground.Matrix.Models.Source.ModelTest" assertions="102" time="0.815024"/>
        <testcase name="test_factory_create" file="/app/vendor/gammamatrix/playground-test/src/Feature/Models/ModelCase.php" line="541" class="Tests\Feature\Playground\Matrix\Models\Source\ModelTest" classname="Tests.Feature.Playground.Matrix.Models.Source.ModelTest" assertions="3" time="0.366470"/>
      </testsuite>
      <testsuite name="Tests\Feature\Playground\Matrix\Models\Sprint\ModelTest" file="/app/tests/Feature/Models/Sprint/ModelTest.php" tests="3" assertions="106" errors="0" failures="0" skipped="0" time="1.450508">
        <testcase name="test_model_instance" file="/app/vendor/gammamatrix/playground-test/src/Feature/Models/ModelCase.php" line="106" class="Tests\Feature\Playground\Matrix\Models\Sprint\ModelTest" classname="Tests.Feature.Playground.Matrix.Models.Sprint.ModelTest" assertions="1" time="0.359926"/>
        <testcase name="test_verify_model_relationships" file="/app/vendor/gammamatrix/playground-test/src/Feature/Models/ModelCase.php" line="525" class="Tests\Feature\Playground\Matrix\Models\Sprint\ModelTest" classname="Tests.Feature.Playground.Matrix.Models.Sprint.ModelTest" assertions="102" time="0.718988"/>
        <testcase name="test_factory_create" file="/app/vendor/gammamatrix/playground-test/src/Feature/Models/ModelCase.php" line="541" class="Tests\Feature\Playground\Matrix\Models\Sprint\ModelTest" classname="Tests.Feature.Playground.Matrix.Models.Sprint.ModelTest" assertions="3" time="0.371594"/>
      </testsuite>
      <testsuite name="Tests\Feature\Playground\Matrix\Models\Tag\ModelTest" file="/app/tests/Feature/Models/Tag/ModelTest.php" tests="3" assertions="106" errors="0" failures="0" skipped="0" time="1.426359">
        <testcase name="test_model_instance" file="/app/vendor/gammamatrix/playground-test/src/Feature/Models/ModelCase.php" line="106" class="Tests\Feature\Playground\Matrix\Models\Tag\ModelTest" classname="Tests.Feature.Playground.Matrix.Models.Tag.ModelTest" assertions="1" time="0.351486"/>
        <testcase name="test_verify_model_relationships" file="/app/vendor/gammamatrix/playground-test/src/Feature/Models/ModelCase.php" line="525" class="Tests\Feature\Playground\Matrix\Models\Tag\ModelTest" classname="Tests.Feature.Playground.Matrix.Models.Tag.ModelTest" assertions="102" time="0.709198"/>
        <testcase name="test_factory_create" file="/app/vendor/gammamatrix/playground-test/src/Feature/Models/ModelCase.php" line="541" class="Tests\Feature\Playground\Matrix\Models\Tag\ModelTest" classname="Tests.Feature.Playground.Matrix.Models.Tag.ModelTest" assertions="3" time="0.365675"/>
      </testsuite>
      <testsuite name="Tests\Feature\Playground\Matrix\Models\Team\ModelTest" file="/app/tests/Feature/Models/Team/ModelTest.php" tests="3" assertions="106" errors="0" failures="0" skipped="0" time="1.430735">
        <testcase name="test_model_instance" file="/app/vendor/gammamatrix/playground-test/src/Feature/Models/ModelCase.php" line="106" class="Tests\Feature\Playground\Matrix\Models\Team\ModelTest" classname="Tests.Feature.Playground.Matrix.Models.Team.ModelTest" assertions="1" time="0.352899"/>
        <testcase name="test_verify_model_relationships" file="/app/vendor/gammamatrix/playground-test/src/Feature/Models/ModelCase.php" line="525" class="Tests\Feature\Playground\Matrix\Models\Team\ModelTest" classname="Tests.Feature.Playground.Matrix.Models.Team.ModelTest" assertions="102" time="0.708144"/>
        <testcase name="test_factory_create" file="/app/vendor/gammamatrix/playground-test/src/Feature/Models/ModelCase.php" line="541" class="Tests\Feature\Playground\Matrix\Models\Team\ModelTest" classname="Tests.Feature.Playground.Matrix.Models.Team.ModelTest" assertions="3" time="0.369692"/>
      </testsuite>
      <testsuite name="Tests\Feature\Playground\Matrix\Models\Ticket\ModelTest" file="/app/tests/Feature/Models/Ticket/ModelTest.php" tests="3" assertions="118" errors="0" failures="0" skipped="0" time="1.486651">
        <testcase name="test_model_instance" file="/app/vendor/gammamatrix/playground-test/src/Feature/Models/ModelCase.php" line="106" class="Tests\Feature\Playground\Matrix\Models\Ticket\ModelTest" classname="Tests.Feature.Playground.Matrix.Models.Ticket.ModelTest" assertions="1" time="0.354881"/>
        <testcase name="test_verify_model_relationships" file="/app/vendor/gammamatrix/playground-test/src/Feature/Models/ModelCase.php" line="525" class="Tests\Feature\Playground\Matrix\Models\Ticket\ModelTest" classname="Tests.Feature.Playground.Matrix.Models.Ticket.ModelTest" assertions="114" time="0.764931"/>
        <testcase name="test_factory_create" file="/app/vendor/gammamatrix/playground-test/src/Feature/Models/ModelCase.php" line="541" class="Tests\Feature\Playground\Matrix\Models\Ticket\ModelTest" classname="Tests.Feature.Playground.Matrix.Models.Ticket.ModelTest" assertions="3" time="0.366838"/>
      </testsuite>
      <testsuite name="Tests\Feature\Playground\Matrix\Models\Version\ModelTest" file="/app/tests/Feature/Models/Version/ModelTest.php" tests="3" assertions="106" errors="0" failures="0" skipped="0" time="1.439476">
        <testcase name="test_model_instance" file="/app/vendor/gammamatrix/playground-test/src/Feature/Models/ModelCase.php" line="106" class="Tests\Feature\Playground\Matrix\Models\Version\ModelTest" classname="Tests.Feature.Playground.Matrix.Models.Version.ModelTest" assertions="1" time="0.358181"/>
        <testcase name="test_verify_model_relationships" file="/app/vendor/gammamatrix/playground-test/src/Feature/Models/ModelCase.php" line="525" class="Tests\Feature\Playground\Matrix\Models\Version\ModelTest" classname="Tests.Feature.Playground.Matrix.Models.Version.ModelTest" assertions="102" time="0.716087"/>
        <testcase name="test_factory_create" file="/app/vendor/gammamatrix/playground-test/src/Feature/Models/ModelCase.php" line="541" class="Tests\Feature\Playground\Matrix\Models\Version\ModelTest" classname="Tests.Feature.Playground.Matrix.Models.Version.ModelTest" assertions="3" time="0.365208"/>
      </testsuite>
    </testsuite>
  </testsuite>
</testsuites>
