<?xml version="1.0" encoding="UTF-8"?>
<testsuites>
  <testsuite name="/app/phpunit.xml.dist" tests="90" assertions="1746" errors="0" failures="0" skipped="0" time="24.803477">
    <testsuite name="Unit" tests="45" assertions="296" errors="0" failures="0" skipped="0" time="1.818473">
      <testsuite name="Tests\Unit\Playground\Matrix\Models\Backlog\ModelTest" file="/app/tests/Unit/Models/Backlog/ModelTest.php" tests="3" assertions="22" errors="0" failures="0" skipped="0" time="0.810063">
        <testcase name="test_model_instance" file="/app/vendor/gammamatrix/playground-test/src/Unit/Models/ModelCase.php" line="114" class="Tests\Unit\Playground\Matrix\Models\Backlog\ModelTest" classname="Tests.Unit.Playground.Matrix.Models.Backlog.ModelTest" assertions="1" time="0.241795"/>
        <testcase name="test_verify_model_relationships" file="/app/vendor/gammamatrix/playground-test/src/Unit/Models/ModelCase.php" line="275" class="Tests\Unit\Playground\Matrix\Models\Backlog\ModelTest" classname="Tests.Unit.Playground.Matrix.Models.Backlog.ModelTest" assertions="18" time="0.537541"/>
        <testcase name="test_model_factory_make" file="/app/vendor/gammamatrix/playground-test/src/Unit/Models/ModelCase.php" line="291" class="Tests\Unit\Playground\Matrix\Models\Backlog\ModelTest" classname="Tests.Unit.Playground.Matrix.Models.Backlog.ModelTest" assertions="3" time="0.030727"/>
      </testsuite>
      <testsuite name="Tests\Unit\Playground\Matrix\Models\Board\ModelTest" file="/app/tests/Unit/Models/Board/ModelTest.php" tests="3" assertions="21" errors="0" failures="0" skipped="0" time="0.073271">
        <testcase name="test_model_instance" file="/app/vendor/gammamatrix/playground-test/src/Unit/Models/ModelCase.php" line="114" class="Tests\Unit\Playground\Matrix\Models\Board\ModelTest" classname="Tests.Unit.Playground.Matrix.Models.Board.ModelTest" assertions="1" time="0.021817"/>
        <testcase name="test_verify_model_relationships" file="/app/vendor/gammamatrix/playground-test/src/Unit/Models/ModelCase.php" line="275" class="Tests\Unit\Playground\Matrix\Models\Board\ModelTest" classname="Tests.Unit.Playground.Matrix.Models.Board.ModelTest" assertions="17" time="0.029970"/>
        <testcase name="test_model_factory_make" file="/app/vendor/gammamatrix/playground-test/src/Unit/Models/ModelCase.php" line="291" class="Tests\Unit\Playground\Matrix\Models\Board\ModelTest" classname="Tests.Unit.Playground.Matrix.Models.Board.ModelTest" assertions="3" time="0.021484"/>
      </testsuite>
      <testsuite name="Tests\Unit\Playground\Matrix\Models\Epic\ModelTest" file="/app/tests/Unit/Models/Epic/ModelTest.php" tests="3" assertions="21" errors="0" failures="0" skipped="0" time="0.072326">
        <testcase name="test_model_instance" file="/app/vendor/gammamatrix/playground-test/src/Unit/Models/ModelCase.php" line="114" class="Tests\Unit\Playground\Matrix\Models\Epic\ModelTest" classname="Tests.Unit.Playground.Matrix.Models.Epic.ModelTest" assertions="1" time="0.020885"/>
        <testcase name="test_verify_model_relationships" file="/app/vendor/gammamatrix/playground-test/src/Unit/Models/ModelCase.php" line="275" class="Tests\Unit\Playground\Matrix\Models\Epic\ModelTest" classname="Tests.Unit.Playground.Matrix.Models.Epic.ModelTest" assertions="17" time="0.030051"/>
        <testcase name="test_model_factory_make" file="/app/vendor/gammamatrix/playground-test/src/Unit/Models/ModelCase.php" line="291" class="Tests\Unit\Playground\Matrix\Models\Epic\ModelTest" classname="Tests.Unit.Playground.Matrix.Models.Epic.ModelTest" assertions="3" time="0.021390"/>
      </testsuite>
      <testsuite name="Tests\Unit\Playground\Matrix\Models\Flow\ModelTest" file="/app/tests/Unit/Models/Flow/ModelTest.php" tests="3" assertions="11" errors="0" failures="0" skipped="0" time="0.068338">
        <testcase name="test_model_instance" file="/app/vendor/gammamatrix/playground-test/src/Unit/Models/ModelCase.php" line="114" class="Tests\Unit\Playground\Matrix\Models\Flow\ModelTest" classname="Tests.Unit.Playground.Matrix.Models.Flow.ModelTest" assertions="1" time="0.021660"/>
        <testcase name="test_verify_model_relationships" file="/app/vendor/gammamatrix/playground-test/src/Unit/Models/ModelCase.php" line="275" class="Tests\Unit\Playground\Matrix\Models\Flow\ModelTest" classname="Tests.Unit.Playground.Matrix.Models.Flow.ModelTest" assertions="7" time="0.024067"/>
        <testcase name="test_model_factory_make" file="/app/vendor/gammamatrix/playground-test/src/Unit/Models/ModelCase.php" line="291" class="Tests\Unit\Playground\Matrix\Models\Flow\ModelTest" classname="Tests.Unit.Playground.Matrix.Models.Flow.ModelTest" assertions="3" time="0.022611"/>
      </testsuite>
      <testsuite name="Tests\Unit\Playground\Matrix\Models\Milestone\ModelTest" file="/app/tests/Unit/Models/Milestone/ModelTest.php" tests="3" assertions="21" errors="0" failures="0" skipped="0" time="0.074905">
        <testcase name="test_model_instance" file="/app/vendor/gammamatrix/playground-test/src/Unit/Models/ModelCase.php" line="114" class="Tests\Unit\Playground\Matrix\Models\Milestone\ModelTest" classname="Tests.Unit.Playground.Matrix.Models.Milestone.ModelTest" assertions="1" time="0.022697"/>
        <testcase name="test_verify_model_relationships" file="/app/vendor/gammamatrix/playground-test/src/Unit/Models/ModelCase.php" line="275" class="Tests\Unit\Playground\Matrix\Models\Milestone\ModelTest" classname="Tests.Unit.Playground.Matrix.Models.Milestone.ModelTest" assertions="17" time="0.030715"/>
        <testcase name="test_model_factory_make" file="/app/vendor/gammamatrix/playground-test/src/Unit/Models/ModelCase.php" line="291" class="Tests\Unit\Playground\Matrix\Models\Milestone\ModelTest" classname="Tests.Unit.Playground.Matrix.Models.Milestone.ModelTest" assertions="3" time="0.021492"/>
      </testsuite>
      <testsuite name="Tests\Unit\Playground\Matrix\Models\Note\ModelTest" file="/app/tests/Unit/Models/Note/ModelTest.php" tests="3" assertions="9" errors="0" failures="0" skipped="0" time="0.062547">
        <testcase name="test_model_instance" file="/app/vendor/gammamatrix/playground-test/src/Unit/Models/ModelCase.php" line="114" class="Tests\Unit\Playground\Matrix\Models\Note\ModelTest" classname="Tests.Unit.Playground.Matrix.Models.Note.ModelTest" assertions="1" time="0.020351"/>
        <testcase name="test_verify_model_relationships" file="/app/vendor/gammamatrix/playground-test/src/Unit/Models/ModelCase.php" line="275" class="Tests\Unit\Playground\Matrix\Models\Note\ModelTest" classname="Tests.Unit.Playground.Matrix.Models.Note.ModelTest" assertions="5" time="0.020495"/>
        <testcase name="test_model_factory_make" file="/app/vendor/gammamatrix/playground-test/src/Unit/Models/ModelCase.php" line="291" class="Tests\Unit\Playground\Matrix\Models\Note\ModelTest" classname="Tests.Unit.Playground.Matrix.Models.Note.ModelTest" assertions="3" time="0.021700"/>
      </testsuite>
      <testsuite name="Tests\Unit\Playground\Matrix\Models\Project\ModelTest" file="/app/tests/Unit/Models/Project/ModelTest.php" tests="3" assertions="21" errors="0" failures="0" skipped="0" time="0.071769">
        <testcase name="test_model_instance" file="/app/vendor/gammamatrix/playground-test/src/Unit/Models/ModelCase.php" line="114" class="Tests\Unit\Playground\Matrix\Models\Project\ModelTest" classname="Tests.Unit.Playground.Matrix.Models.Project.ModelTest" assertions="1" time="0.020458"/>
        <testcase name="test_verify_model_relationships" file="/app/vendor/gammamatrix/playground-test/src/Unit/Models/ModelCase.php" line="275" class="Tests\Unit\Playground\Matrix\Models\Project\ModelTest" classname="Tests.Unit.Playground.Matrix.Models.Project.ModelTest" assertions="17" time="0.029869"/>
        <testcase name="test_model_factory_make" file="/app/vendor/gammamatrix/playground-test/src/Unit/Models/ModelCase.php" line="291" class="Tests\Unit\Playground\Matrix\Models\Project\ModelTest" classname="Tests.Unit.Playground.Matrix.Models.Project.ModelTest" assertions="3" time="0.021442"/>
      </testsuite>
      <testsuite name="Tests\Unit\Playground\Matrix\Models\Release\ModelTest" file="/app/tests/Unit/Models/Release/ModelTest.php" tests="3" assertions="21" errors="0" failures="0" skipped="0" time="0.072183">
        <testcase name="test_model_instance" file="/app/vendor/gammamatrix/playground-test/src/Unit/Models/ModelCase.php" line="114" class="Tests\Unit\Playground\Matrix\Models\Release\ModelTest" classname="Tests.Unit.Playground.Matrix.Models.Release.ModelTest" assertions="1" time="0.020335"/>
        <testcase name="test_verify_model_relationships" file="/app/vendor/gammamatrix/playground-test/src/Unit/Models/ModelCase.php" line="275" class="Tests\Unit\Playground\Matrix\Models\Release\ModelTest" classname="Tests.Unit.Playground.Matrix.Models.Release.ModelTest" assertions="17" time="0.030271"/>
        <testcase name="test_model_factory_make" file="/app/vendor/gammamatrix/playground-test/src/Unit/Models/ModelCase.php" line="291" class="Tests\Unit\Playground\Matrix\Models\Release\ModelTest" classname="Tests.Unit.Playground.Matrix.Models.Release.ModelTest" assertions="3" time="0.021577"/>
      </testsuite>
      <testsuite name="Tests\Unit\Playground\Matrix\Models\Roadmap\ModelTest" file="/app/tests/Unit/Models/Roadmap/ModelTest.php" tests="3" assertions="21" errors="0" failures="0" skipped="0" time="0.071951">
        <testcase name="test_model_instance" file="/app/vendor/gammamatrix/playground-test/src/Unit/Models/ModelCase.php" line="114" class="Tests\Unit\Playground\Matrix\Models\Roadmap\ModelTest" classname="Tests.Unit.Playground.Matrix.Models.Roadmap.ModelTest" assertions="1" time="0.020402"/>
        <testcase name="test_verify_model_relationships" file="/app/vendor/gammamatrix/playground-test/src/Unit/Models/ModelCase.php" line="275" class="Tests\Unit\Playground\Matrix\Models\Roadmap\ModelTest" classname="Tests.Unit.Playground.Matrix.Models.Roadmap.ModelTest" assertions="17" time="0.029978"/>
        <testcase name="test_model_factory_make" file="/app/vendor/gammamatrix/playground-test/src/Unit/Models/ModelCase.php" line="291" class="Tests\Unit\Playground\Matrix\Models\Roadmap\ModelTest" classname="Tests.Unit.Playground.Matrix.Models.Roadmap.ModelTest" assertions="3" time="0.021571"/>
      </testsuite>
      <testsuite name="Tests\Unit\Playground\Matrix\Models\Source\ModelTest" file="/app/tests/Unit/Models/Source/ModelTest.php" tests="3" assertions="21" errors="0" failures="0" skipped="0" time="0.074398">
        <testcase name="test_model_instance" file="/app/vendor/gammamatrix/playground-test/src/Unit/Models/ModelCase.php" line="114" class="Tests\Unit\Playground\Matrix\Models\Source\ModelTest" classname="Tests.Unit.Playground.Matrix.Models.Source.ModelTest" assertions="1" time="0.020353"/>
        <testcase name="test_verify_model_relationships" file="/app/vendor/gammamatrix/playground-test/src/Unit/Models/ModelCase.php" line="275" class="Tests\Unit\Playground\Matrix\Models\Source\ModelTest" classname="Tests.Unit.Playground.Matrix.Models.Source.ModelTest" assertions="17" time="0.032289"/>
        <testcase name="test_model_factory_make" file="/app/vendor/gammamatrix/playground-test/src/Unit/Models/ModelCase.php" line="291" class="Tests\Unit\Playground\Matrix\Models\Source\ModelTest" classname="Tests.Unit.Playground.Matrix.Models.Source.ModelTest" assertions="3" time="0.021756"/>
      </testsuite>
      <testsuite name="Tests\Unit\Playground\Matrix\Models\Sprint\ModelTest" file="/app/tests/Unit/Models/Sprint/ModelTest.php" tests="3" assertions="21" errors="0" failures="0" skipped="0" time="0.073269">
        <testcase name="test_model_instance" file="/app/vendor/gammamatrix/playground-test/src/Unit/Models/ModelCase.php" line="114" class="Tests\Unit\Playground\Matrix\Models\Sprint\ModelTest" classname="Tests.Unit.Playground.Matrix.Models.Sprint.ModelTest" assertions="1" time="0.020386"/>
        <testcase name="test_verify_model_relationships" file="/app/vendor/gammamatrix/playground-test/src/Unit/Models/ModelCase.php" line="275" class="Tests\Unit\Playground\Matrix\Models\Sprint\ModelTest" classname="Tests.Unit.Playground.Matrix.Models.Sprint.ModelTest" assertions="17" time="0.029829"/>
        <testcase name="test_model_factory_make" file="/app/vendor/gammamatrix/playground-test/src/Unit/Models/ModelCase.php" line="291" class="Tests\Unit\Playground\Matrix\Models\Sprint\ModelTest" classname="Tests.Unit.Playground.Matrix.Models.Sprint.ModelTest" assertions="3" time="0.023055"/>
      </testsuite>
      <testsuite name="Tests\Unit\Playground\Matrix\Models\Tag\ModelTest" file="/app/tests/Unit/Models/Tag/ModelTest.php" tests="3" assertions="21" errors="0" failures="0" skipped="0" time="0.074916">
        <testcase name="test_model_instance" file="/app/vendor/gammamatrix/playground-test/src/Unit/Models/ModelCase.php" line="114" class="Tests\Unit\Playground\Matrix\Models\Tag\ModelTest" classname="Tests.Unit.Playground.Matrix.Models.Tag.ModelTest" assertions="1" time="0.020250"/>
        <testcase name="test_verify_model_relationships" file="/app/vendor/gammamatrix/playground-test/src/Unit/Models/ModelCase.php" line="275" class="Tests\Unit\Playground\Matrix\Models\Tag\ModelTest" classname="Tests.Unit.Playground.Matrix.Models.Tag.ModelTest" assertions="17" time="0.029942"/>
        <testcase name="test_model_factory_make" file="/app/vendor/gammamatrix/playground-test/src/Unit/Models/ModelCase.php" line="291" class="Tests\Unit\Playground\Matrix\Models\Tag\ModelTest" classname="Tests.Unit.Playground.Matrix.Models.Tag.ModelTest" assertions="3" time="0.024724"/>
      </testsuite>
      <testsuite name="Tests\Unit\Playground\Matrix\Models\Team\ModelTest" file="/app/tests/Unit/Models/Team/ModelTest.php" tests="3" assertions="21" errors="0" failures="0" skipped="0" time="0.072154">
        <testcase name="test_model_instance" file="/app/vendor/gammamatrix/playground-test/src/Unit/Models/ModelCase.php" line="114" class="Tests\Unit\Playground\Matrix\Models\Team\ModelTest" classname="Tests.Unit.Playground.Matrix.Models.Team.ModelTest" assertions="1" time="0.020340"/>
        <testcase name="test_verify_model_relationships" file="/app/vendor/gammamatrix/playground-test/src/Unit/Models/ModelCase.php" line="275" class="Tests\Unit\Playground\Matrix\Models\Team\ModelTest" classname="Tests.Unit.Playground.Matrix.Models.Team.ModelTest" assertions="17" time="0.030265"/>
        <testcase name="test_model_factory_make" file="/app/vendor/gammamatrix/playground-test/src/Unit/Models/ModelCase.php" line="291" class="Tests\Unit\Playground\Matrix\Models\Team\ModelTest" classname="Tests.Unit.Playground.Matrix.Models.Team.ModelTest" assertions="3" time="0.021548"/>
      </testsuite>
      <testsuite name="Tests\Unit\Playground\Matrix\Models\Ticket\ModelTest" file="/app/tests/Unit/Models/Ticket/ModelTest.php" tests="3" assertions="23" errors="0" failures="0" skipped="0" time="0.073191">
        <testcase name="test_model_instance" file="/app/vendor/gammamatrix/playground-test/src/Unit/Models/ModelCase.php" line="114" class="Tests\Unit\Playground\Matrix\Models\Ticket\ModelTest" classname="Tests.Unit.Playground.Matrix.Models.Ticket.ModelTest" assertions="1" time="0.020357"/>
        <testcase name="test_verify_model_relationships" file="/app/vendor/gammamatrix/playground-test/src/Unit/Models/ModelCase.php" line="275" class="Tests\Unit\Playground\Matrix\Models\Ticket\ModelTest" classname="Tests.Unit.Playground.Matrix.Models.Ticket.ModelTest" assertions="19" time="0.031345"/>
        <testcase name="test_model_factory_make" file="/app/vendor/gammamatrix/playground-test/src/Unit/Models/ModelCase.php" line="291" class="Tests\Unit\Playground\Matrix\Models\Ticket\ModelTest" classname="Tests.Unit.Playground.Matrix.Models.Ticket.ModelTest" assertions="3" time="0.021489"/>
      </testsuite>
      <testsuite name="Tests\Unit\Playground\Matrix\Models\Version\ModelTest" file="/app/tests/Unit/Models/Version/ModelTest.php" tests="3" assertions="21" errors="0" failures="0" skipped="0" time="0.073193">
        <testcase name="test_model_instance" file="/app/vendor/gammamatrix/playground-test/src/Unit/Models/ModelCase.php" line="114" class="Tests\Unit\Playground\Matrix\Models\Version\ModelTest" classname="Tests.Unit.Playground.Matrix.Models.Version.ModelTest" assertions="1" time="0.020424"/>
        <testcase name="test_verify_model_relationships" file="/app/vendor/gammamatrix/playground-test/src/Unit/Models/ModelCase.php" line="275" class="Tests\Unit\Playground\Matrix\Models\Version\ModelTest" classname="Tests.Unit.Playground.Matrix.Models.Version.ModelTest" assertions="17" time="0.031236"/>
        <testcase name="test_model_factory_make" file="/app/vendor/gammamatrix/playground-test/src/Unit/Models/ModelCase.php" line="291" class="Tests\Unit\Playground\Matrix\Models\Version\ModelTest" classname="Tests.Unit.Playground.Matrix.Models.Version.ModelTest" assertions="3" time="0.021533"/>
      </testsuite>
    </testsuite>
    <testsuite name="Feature" tests="45" assertions="1450" errors="0" failures="0" skipped="0" time="22.985004">
      <testsuite name="Tests\Feature\Playground\Matrix\Models\Backlog\ModelTest" file="/app/tests/Feature/Models/Backlog/ModelTest.php" tests="3" assertions="112" errors="0" failures="0" skipped="0" time="1.675581">
        <testcase name="test_model_instance" file="/app/vendor/gammamatrix/playground-test/src/Feature/Models/ModelCase.php" line="108" class="Tests\Feature\Playground\Matrix\Models\Backlog\ModelTest" classname="Tests.Feature.Playground.Matrix.Models.Backlog.ModelTest" assertions="1" time="0.461144"/>
        <testcase name="test_verify_model_relationships" file="/app/vendor/gammamatrix/playground-test/src/Feature/Models/ModelCase.php" line="527" class="Tests\Feature\Playground\Matrix\Models\Backlog\ModelTest" classname="Tests.Feature.Playground.Matrix.Models.Backlog.ModelTest" assertions="108" time="0.825639"/>
        <testcase name="test_factory_create" file="/app/vendor/gammamatrix/playground-test/src/Feature/Models/ModelCase.php" line="543" class="Tests\Feature\Playground\Matrix\Models\Backlog\ModelTest" classname="Tests.Feature.Playground.Matrix.Models.Backlog.ModelTest" assertions="3" time="0.388798"/>
      </testsuite>
      <testsuite name="Tests\Feature\Playground\Matrix\Models\Board\ModelTest" file="/app/tests/Feature/Models/Board/ModelTest.php" tests="3" assertions="106" errors="0" failures="0" skipped="0" time="1.534128">
        <testcase name="test_model_instance" file="/app/vendor/gammamatrix/playground-test/src/Feature/Models/ModelCase.php" line="108" class="Tests\Feature\Playground\Matrix\Models\Board\ModelTest" classname="Tests.Feature.Playground.Matrix.Models.Board.ModelTest" assertions="1" time="0.380030"/>
        <testcase name="test_verify_model_relationships" file="/app/vendor/gammamatrix/playground-test/src/Feature/Models/ModelCase.php" line="527" class="Tests\Feature\Playground\Matrix\Models\Board\ModelTest" classname="Tests.Feature.Playground.Matrix.Models.Board.ModelTest" assertions="102" time="0.768263"/>
        <testcase name="test_factory_create" file="/app/vendor/gammamatrix/playground-test/src/Feature/Models/ModelCase.php" line="543" class="Tests\Feature\Playground\Matrix\Models\Board\ModelTest" classname="Tests.Feature.Playground.Matrix.Models.Board.ModelTest" assertions="3" time="0.385835"/>
      </testsuite>
      <testsuite name="Tests\Feature\Playground\Matrix\Models\Epic\ModelTest" file="/app/tests/Feature/Models/Epic/ModelTest.php" tests="3" assertions="106" errors="0" failures="0" skipped="0" time="1.536707">
        <testcase name="test_model_instance" file="/app/vendor/gammamatrix/playground-test/src/Feature/Models/ModelCase.php" line="108" class="Tests\Feature\Playground\Matrix\Models\Epic\ModelTest" classname="Tests.Feature.Playground.Matrix.Models.Epic.ModelTest" assertions="1" time="0.386379"/>
        <testcase name="test_verify_model_relationships" file="/app/vendor/gammamatrix/playground-test/src/Feature/Models/ModelCase.php" line="527" class="Tests\Feature\Playground\Matrix\Models\Epic\ModelTest" classname="Tests.Feature.Playground.Matrix.Models.Epic.ModelTest" assertions="102" time="0.764907"/>
        <testcase name="test_factory_create" file="/app/vendor/gammamatrix/playground-test/src/Feature/Models/ModelCase.php" line="543" class="Tests\Feature\Playground\Matrix\Models\Epic\ModelTest" classname="Tests.Feature.Playground.Matrix.Models.Epic.ModelTest" assertions="3" time="0.385421"/>
      </testsuite>
      <testsuite name="Tests\Feature\Playground\Matrix\Models\Flow\ModelTest" file="/app/tests/Feature/Models/Flow/ModelTest.php" tests="3" assertions="46" errors="0" failures="0" skipped="0" time="1.284136">
        <testcase name="test_model_instance" file="/app/vendor/gammamatrix/playground-test/src/Feature/Models/ModelCase.php" line="108" class="Tests\Feature\Playground\Matrix\Models\Flow\ModelTest" classname="Tests.Feature.Playground.Matrix.Models.Flow.ModelTest" assertions="1" time="0.375134"/>
        <testcase name="test_verify_model_relationships" file="/app/vendor/gammamatrix/playground-test/src/Feature/Models/ModelCase.php" line="527" class="Tests\Feature\Playground\Matrix\Models\Flow\ModelTest" classname="Tests.Feature.Playground.Matrix.Models.Flow.ModelTest" assertions="42" time="0.524462"/>
        <testcase name="test_factory_create" file="/app/vendor/gammamatrix/playground-test/src/Feature/Models/ModelCase.php" line="543" class="Tests\Feature\Playground\Matrix\Models\Flow\ModelTest" classname="Tests.Feature.Playground.Matrix.Models.Flow.ModelTest" assertions="3" time="0.384541"/>
      </testsuite>
      <testsuite name="Tests\Feature\Playground\Matrix\Models\Milestone\ModelTest" file="/app/tests/Feature/Models/Milestone/ModelTest.php" tests="3" assertions="106" errors="0" failures="0" skipped="0" time="1.528494">
        <testcase name="test_model_instance" file="/app/vendor/gammamatrix/playground-test/src/Feature/Models/ModelCase.php" line="108" class="Tests\Feature\Playground\Matrix\Models\Milestone\ModelTest" classname="Tests.Feature.Playground.Matrix.Models.Milestone.ModelTest" assertions="1" time="0.378989"/>
        <testcase name="test_verify_model_relationships" file="/app/vendor/gammamatrix/playground-test/src/Feature/Models/ModelCase.php" line="527" class="Tests\Feature\Playground\Matrix\Models\Milestone\ModelTest" classname="Tests.Feature.Playground.Matrix.Models.Milestone.ModelTest" assertions="102" time="0.758991"/>
        <testcase name="test_factory_create" file="/app/vendor/gammamatrix/playground-test/src/Feature/Models/ModelCase.php" line="543" class="Tests\Feature\Playground\Matrix\Models\Milestone\ModelTest" classname="Tests.Feature.Playground.Matrix.Models.Milestone.ModelTest" assertions="3" time="0.390514"/>
      </testsuite>
      <testsuite name="Tests\Feature\Playground\Matrix\Models\Note\ModelTest" file="/app/tests/Feature/Models/Note/ModelTest.php" tests="3" assertions="8" errors="0" failures="0" skipped="0" time="1.136969">
        <testcase name="test_model_instance" file="/app/vendor/gammamatrix/playground-test/src/Feature/Models/ModelCase.php" line="108" class="Tests\Feature\Playground\Matrix\Models\Note\ModelTest" classname="Tests.Feature.Playground.Matrix.Models.Note.ModelTest" assertions="1" time="0.376370"/>
        <testcase name="test_verify_model_relationships" file="/app/vendor/gammamatrix/playground-test/src/Feature/Models/ModelCase.php" line="527" class="Tests\Feature\Playground\Matrix\Models\Note\ModelTest" classname="Tests.Feature.Playground.Matrix.Models.Note.ModelTest" assertions="4" time="0.373229"/>
        <testcase name="test_factory_create" file="/app/vendor/gammamatrix/playground-test/src/Feature/Models/ModelCase.php" line="543" class="Tests\Feature\Playground\Matrix\Models\Note\ModelTest" classname="Tests.Feature.Playground.Matrix.Models.Note.ModelTest" assertions="3" time="0.387370"/>
      </testsuite>
      <testsuite name="Tests\Feature\Playground\Matrix\Models\Project\ModelTest" file="/app/tests/Feature/Models/Project/ModelTest.php" tests="3" assertions="106" errors="0" failures="0" skipped="0" time="1.531492">
        <testcase name="test_model_instance" file="/app/vendor/gammamatrix/playground-test/src/Feature/Models/ModelCase.php" line="108" class="Tests\Feature\Playground\Matrix\Models\Project\ModelTest" classname="Tests.Feature.Playground.Matrix.Models.Project.ModelTest" assertions="1" time="0.378769"/>
        <testcase name="test_verify_model_relationships" file="/app/vendor/gammamatrix/playground-test/src/Feature/Models/ModelCase.php" line="527" class="Tests\Feature\Playground\Matrix\Models\Project\ModelTest" classname="Tests.Feature.Playground.Matrix.Models.Project.ModelTest" assertions="102" time="0.764653"/>
        <testcase name="test_factory_create" file="/app/vendor/gammamatrix/playground-test/src/Feature/Models/ModelCase.php" line="543" class="Tests\Feature\Playground\Matrix\Models\Project\ModelTest" classname="Tests.Feature.Playground.Matrix.Models.Project.ModelTest" assertions="3" time="0.388070"/>
      </testsuite>
      <testsuite name="Tests\Feature\Playground\Matrix\Models\Release\ModelTest" file="/app/tests/Feature/Models/Release/ModelTest.php" tests="3" assertions="106" errors="0" failures="0" skipped="0" time="1.532030">
        <testcase name="test_model_instance" file="/app/vendor/gammamatrix/playground-test/src/Feature/Models/ModelCase.php" line="108" class="Tests\Feature\Playground\Matrix\Models\Release\ModelTest" classname="Tests.Feature.Playground.Matrix.Models.Release.ModelTest" assertions="1" time="0.377357"/>
        <testcase name="test_verify_model_relationships" file="/app/vendor/gammamatrix/playground-test/src/Feature/Models/ModelCase.php" line="527" class="Tests\Feature\Playground\Matrix\Models\Release\ModelTest" classname="Tests.Feature.Playground.Matrix.Models.Release.ModelTest" assertions="102" time="0.767874"/>
        <testcase name="test_factory_create" file="/app/vendor/gammamatrix/playground-test/src/Feature/Models/ModelCase.php" line="543" class="Tests\Feature\Playground\Matrix\Models\Release\ModelTest" classname="Tests.Feature.Playground.Matrix.Models.Release.ModelTest" assertions="3" time="0.386799"/>
      </testsuite>
      <testsuite name="Tests\Feature\Playground\Matrix\Models\Roadmap\ModelTest" file="/app/tests/Feature/Models/Roadmap/ModelTest.php" tests="3" assertions="106" errors="0" failures="0" skipped="0" time="1.574656">
        <testcase name="test_model_instance" file="/app/vendor/gammamatrix/playground-test/src/Feature/Models/ModelCase.php" line="108" class="Tests\Feature\Playground\Matrix\Models\Roadmap\ModelTest" classname="Tests.Feature.Playground.Matrix.Models.Roadmap.ModelTest" assertions="1" time="0.390426"/>
        <testcase name="test_verify_model_relationships" file="/app/vendor/gammamatrix/playground-test/src/Feature/Models/ModelCase.php" line="527" class="Tests\Feature\Playground\Matrix\Models\Roadmap\ModelTest" classname="Tests.Feature.Playground.Matrix.Models.Roadmap.ModelTest" assertions="102" time="0.792193"/>
        <testcase name="test_factory_create" file="/app/vendor/gammamatrix/playground-test/src/Feature/Models/ModelCase.php" line="543" class="Tests\Feature\Playground\Matrix\Models\Roadmap\ModelTest" classname="Tests.Feature.Playground.Matrix.Models.Roadmap.ModelTest" assertions="3" time="0.392037"/>
      </testsuite>
      <testsuite name="Tests\Feature\Playground\Matrix\Models\Source\ModelTest" file="/app/tests/Feature/Models/Source/ModelTest.php" tests="3" assertions="106" errors="0" failures="0" skipped="0" time="1.603586">
        <testcase name="test_model_instance" file="/app/vendor/gammamatrix/playground-test/src/Feature/Models/ModelCase.php" line="108" class="Tests\Feature\Playground\Matrix\Models\Source\ModelTest" classname="Tests.Feature.Playground.Matrix.Models.Source.ModelTest" assertions="1" time="0.374356"/>
        <testcase name="test_verify_model_relationships" file="/app/vendor/gammamatrix/playground-test/src/Feature/Models/ModelCase.php" line="527" class="Tests\Feature\Playground\Matrix\Models\Source\ModelTest" classname="Tests.Feature.Playground.Matrix.Models.Source.ModelTest" assertions="102" time="0.840977"/>
        <testcase name="test_factory_create" file="/app/vendor/gammamatrix/playground-test/src/Feature/Models/ModelCase.php" line="543" class="Tests\Feature\Playground\Matrix\Models\Source\ModelTest" classname="Tests.Feature.Playground.Matrix.Models.Source.ModelTest" assertions="3" time="0.388253"/>
      </testsuite>
      <testsuite name="Tests\Feature\Playground\Matrix\Models\Sprint\ModelTest" file="/app/tests/Feature/Models/Sprint/ModelTest.php" tests="3" assertions="106" errors="0" failures="0" skipped="0" time="1.589322">
        <testcase name="test_model_instance" file="/app/vendor/gammamatrix/playground-test/src/Feature/Models/ModelCase.php" line="108" class="Tests\Feature\Playground\Matrix\Models\Sprint\ModelTest" classname="Tests.Feature.Playground.Matrix.Models.Sprint.ModelTest" assertions="1" time="0.376403"/>
        <testcase name="test_verify_model_relationships" file="/app/vendor/gammamatrix/playground-test/src/Feature/Models/ModelCase.php" line="527" class="Tests\Feature\Playground\Matrix\Models\Sprint\ModelTest" classname="Tests.Feature.Playground.Matrix.Models.Sprint.ModelTest" assertions="102" time="0.818371"/>
        <testcase name="test_factory_create" file="/app/vendor/gammamatrix/playground-test/src/Feature/Models/ModelCase.php" line="543" class="Tests\Feature\Playground\Matrix\Models\Sprint\ModelTest" classname="Tests.Feature.Playground.Matrix.Models.Sprint.ModelTest" assertions="3" time="0.394549"/>
      </testsuite>
      <testsuite name="Tests\Feature\Playground\Matrix\Models\Tag\ModelTest" file="/app/tests/Feature/Models/Tag/ModelTest.php" tests="3" assertions="106" errors="0" failures="0" skipped="0" time="1.588543">
        <testcase name="test_model_instance" file="/app/vendor/gammamatrix/playground-test/src/Feature/Models/ModelCase.php" line="108" class="Tests\Feature\Playground\Matrix\Models\Tag\ModelTest" classname="Tests.Feature.Playground.Matrix.Models.Tag.ModelTest" assertions="1" time="0.382992"/>
        <testcase name="test_verify_model_relationships" file="/app/vendor/gammamatrix/playground-test/src/Feature/Models/ModelCase.php" line="527" class="Tests\Feature\Playground\Matrix\Models\Tag\ModelTest" classname="Tests.Feature.Playground.Matrix.Models.Tag.ModelTest" assertions="102" time="0.817276"/>
        <testcase name="test_factory_create" file="/app/vendor/gammamatrix/playground-test/src/Feature/Models/ModelCase.php" line="543" class="Tests\Feature\Playground\Matrix\Models\Tag\ModelTest" classname="Tests.Feature.Playground.Matrix.Models.Tag.ModelTest" assertions="3" time="0.388275"/>
      </testsuite>
      <testsuite name="Tests\Feature\Playground\Matrix\Models\Team\ModelTest" file="/app/tests/Feature/Models/Team/ModelTest.php" tests="3" assertions="106" errors="0" failures="0" skipped="0" time="1.596768">
        <testcase name="test_model_instance" file="/app/vendor/gammamatrix/playground-test/src/Feature/Models/ModelCase.php" line="108" class="Tests\Feature\Playground\Matrix\Models\Team\ModelTest" classname="Tests.Feature.Playground.Matrix.Models.Team.ModelTest" assertions="1" time="0.382461"/>
        <testcase name="test_verify_model_relationships" file="/app/vendor/gammamatrix/playground-test/src/Feature/Models/ModelCase.php" line="527" class="Tests\Feature\Playground\Matrix\Models\Team\ModelTest" classname="Tests.Feature.Playground.Matrix.Models.Team.ModelTest" assertions="102" time="0.822550"/>
        <testcase name="test_factory_create" file="/app/vendor/gammamatrix/playground-test/src/Feature/Models/ModelCase.php" line="543" class="Tests\Feature\Playground\Matrix\Models\Team\ModelTest" classname="Tests.Feature.Playground.Matrix.Models.Team.ModelTest" assertions="3" time="0.391757"/>
      </testsuite>
      <testsuite name="Tests\Feature\Playground\Matrix\Models\Ticket\ModelTest" file="/app/tests/Feature/Models/Ticket/ModelTest.php" tests="3" assertions="118" errors="0" failures="0" skipped="0" time="1.664417">
        <testcase name="test_model_instance" file="/app/vendor/gammamatrix/playground-test/src/Feature/Models/ModelCase.php" line="108" class="Tests\Feature\Playground\Matrix\Models\Ticket\ModelTest" classname="Tests.Feature.Playground.Matrix.Models.Ticket.ModelTest" assertions="1" time="0.377841"/>
        <testcase name="test_verify_model_relationships" file="/app/vendor/gammamatrix/playground-test/src/Feature/Models/ModelCase.php" line="527" class="Tests\Feature\Playground\Matrix\Models\Ticket\ModelTest" classname="Tests.Feature.Playground.Matrix.Models.Ticket.ModelTest" assertions="114" time="0.895626"/>
        <testcase name="test_factory_create" file="/app/vendor/gammamatrix/playground-test/src/Feature/Models/ModelCase.php" line="543" class="Tests\Feature\Playground\Matrix\Models\Ticket\ModelTest" classname="Tests.Feature.Playground.Matrix.Models.Ticket.ModelTest" assertions="3" time="0.390951"/>
      </testsuite>
      <testsuite name="Tests\Feature\Playground\Matrix\Models\Version\ModelTest" file="/app/tests/Feature/Models/Version/ModelTest.php" tests="3" assertions="106" errors="0" failures="0" skipped="0" time="1.608175">
        <testcase name="test_model_instance" file="/app/vendor/gammamatrix/playground-test/src/Feature/Models/ModelCase.php" line="108" class="Tests\Feature\Playground\Matrix\Models\Version\ModelTest" classname="Tests.Feature.Playground.Matrix.Models.Version.ModelTest" assertions="1" time="0.379486"/>
        <testcase name="test_verify_model_relationships" file="/app/vendor/gammamatrix/playground-test/src/Feature/Models/ModelCase.php" line="527" class="Tests\Feature\Playground\Matrix\Models\Version\ModelTest" classname="Tests.Feature.Playground.Matrix.Models.Version.ModelTest" assertions="102" time="0.842951"/>
        <testcase name="test_factory_create" file="/app/vendor/gammamatrix/playground-test/src/Feature/Models/ModelCase.php" line="543" class="Tests\Feature\Playground\Matrix\Models\Version\ModelTest" classname="Tests.Feature.Playground.Matrix.Models.Version.ModelTest" assertions="3" time="0.385738"/>
      </testsuite>
    </testsuite>
  </testsuite>
</testsuites>
