<?xml version="1.0" encoding="UTF-8"?>
<testsuites>
  <testsuite name="" tests="60" assertions="1656" errors="0" failures="0" skipped="0" time="6.380266">
    <testsuite name="Unit" tests="30" assertions="251" errors="0" failures="0" skipped="0" time="0.758374">
      <testsuite name="Tests\Unit\GammaMatrix\Playground\Matrix\Backlog\ModelTest" file="/app/tests/Unit/Backlog/ModelTest.php" tests="2" assertions="19" errors="0" failures="0" skipped="0" time="0.565334">
        <testcase name="test_model_instance" file="/app/vendor/gammamatrix/playground-test/src/Unit/Models/ModelCase.php" line="100" class="Tests\Unit\GammaMatrix\Playground\Matrix\Backlog\ModelTest" classname="Tests.Unit.GammaMatrix.Playground.Matrix.Backlog.ModelTest" assertions="1" time="0.173106"/>
        <testcase name="test_verify_model_relationships" file="/app/vendor/gammamatrix/playground-test/src/Unit/Models/ModelCase.php" line="268" class="Tests\Unit\GammaMatrix\Playground\Matrix\Backlog\ModelTest" classname="Tests.Unit.GammaMatrix.Playground.Matrix.Backlog.ModelTest" assertions="18" time="0.392228"/>
      </testsuite>
      <testsuite name="Tests\Unit\GammaMatrix\Playground\Matrix\Board\ModelTest" file="/app/tests/Unit/Board/ModelTest.php" tests="2" assertions="18" errors="0" failures="0" skipped="0" time="0.015040">
        <testcase name="test_model_instance" file="/app/vendor/gammamatrix/playground-test/src/Unit/Models/ModelCase.php" line="100" class="Tests\Unit\GammaMatrix\Playground\Matrix\Board\ModelTest" classname="Tests.Unit.GammaMatrix.Playground.Matrix.Board.ModelTest" assertions="1" time="0.004183"/>
        <testcase name="test_verify_model_relationships" file="/app/vendor/gammamatrix/playground-test/src/Unit/Models/ModelCase.php" line="268" class="Tests\Unit\GammaMatrix\Playground\Matrix\Board\ModelTest" classname="Tests.Unit.GammaMatrix.Playground.Matrix.Board.ModelTest" assertions="17" time="0.010857"/>
      </testsuite>
      <testsuite name="Tests\Unit\GammaMatrix\Playground\Matrix\Epic\ModelTest" file="/app/tests/Unit/Epic/ModelTest.php" tests="2" assertions="18" errors="0" failures="0" skipped="0" time="0.014461">
        <testcase name="test_model_instance" file="/app/vendor/gammamatrix/playground-test/src/Unit/Models/ModelCase.php" line="100" class="Tests\Unit\GammaMatrix\Playground\Matrix\Epic\ModelTest" classname="Tests.Unit.GammaMatrix.Playground.Matrix.Epic.ModelTest" assertions="1" time="0.004075"/>
        <testcase name="test_verify_model_relationships" file="/app/vendor/gammamatrix/playground-test/src/Unit/Models/ModelCase.php" line="268" class="Tests\Unit\GammaMatrix\Playground\Matrix\Epic\ModelTest" classname="Tests.Unit.GammaMatrix.Playground.Matrix.Epic.ModelTest" assertions="17" time="0.010386"/>
      </testsuite>
      <testsuite name="Tests\Unit\GammaMatrix\Playground\Matrix\Flow\ModelTest" file="/app/tests/Unit/Flow/ModelTest.php" tests="2" assertions="8" errors="0" failures="0" skipped="0" time="0.010349">
        <testcase name="test_model_instance" file="/app/vendor/gammamatrix/playground-test/src/Unit/Models/ModelCase.php" line="100" class="Tests\Unit\GammaMatrix\Playground\Matrix\Flow\ModelTest" classname="Tests.Unit.GammaMatrix.Playground.Matrix.Flow.ModelTest" assertions="1" time="0.004065"/>
        <testcase name="test_verify_model_relationships" file="/app/vendor/gammamatrix/playground-test/src/Unit/Models/ModelCase.php" line="268" class="Tests\Unit\GammaMatrix\Playground\Matrix\Flow\ModelTest" classname="Tests.Unit.GammaMatrix.Playground.Matrix.Flow.ModelTest" assertions="7" time="0.006284"/>
      </testsuite>
      <testsuite name="Tests\Unit\GammaMatrix\Playground\Matrix\Milestone\ModelTest" file="/app/tests/Unit/Milestone/ModelTest.php" tests="2" assertions="18" errors="0" failures="0" skipped="0" time="0.014390">
        <testcase name="test_model_instance" file="/app/vendor/gammamatrix/playground-test/src/Unit/Models/ModelCase.php" line="100" class="Tests\Unit\GammaMatrix\Playground\Matrix\Milestone\ModelTest" classname="Tests.Unit.GammaMatrix.Playground.Matrix.Milestone.ModelTest" assertions="1" time="0.004006"/>
        <testcase name="test_verify_model_relationships" file="/app/vendor/gammamatrix/playground-test/src/Unit/Models/ModelCase.php" line="268" class="Tests\Unit\GammaMatrix\Playground\Matrix\Milestone\ModelTest" classname="Tests.Unit.GammaMatrix.Playground.Matrix.Milestone.ModelTest" assertions="17" time="0.010384"/>
      </testsuite>
      <testsuite name="Tests\Unit\GammaMatrix\Playground\Matrix\Note\ModelTest" file="/app/tests/Unit/Note/ModelTest.php" tests="2" assertions="6" errors="0" failures="0" skipped="0" time="0.007830">
        <testcase name="test_model_instance" file="/app/vendor/gammamatrix/playground-test/src/Unit/Models/ModelCase.php" line="100" class="Tests\Unit\GammaMatrix\Playground\Matrix\Note\ModelTest" classname="Tests.Unit.GammaMatrix.Playground.Matrix.Note.ModelTest" assertions="1" time="0.004031"/>
        <testcase name="test_verify_model_relationships" file="/app/vendor/gammamatrix/playground-test/src/Unit/Models/ModelCase.php" line="268" class="Tests\Unit\GammaMatrix\Playground\Matrix\Note\ModelTest" classname="Tests.Unit.GammaMatrix.Playground.Matrix.Note.ModelTest" assertions="5" time="0.003799"/>
      </testsuite>
      <testsuite name="Tests\Unit\GammaMatrix\Playground\Matrix\Project\ModelTest" file="/app/tests/Unit/Project/ModelTest.php" tests="2" assertions="18" errors="0" failures="0" skipped="0" time="0.015009">
        <testcase name="test_model_instance" file="/app/vendor/gammamatrix/playground-test/src/Unit/Models/ModelCase.php" line="100" class="Tests\Unit\GammaMatrix\Playground\Matrix\Project\ModelTest" classname="Tests.Unit.GammaMatrix.Playground.Matrix.Project.ModelTest" assertions="1" time="0.004091"/>
        <testcase name="test_verify_model_relationships" file="/app/vendor/gammamatrix/playground-test/src/Unit/Models/ModelCase.php" line="268" class="Tests\Unit\GammaMatrix\Playground\Matrix\Project\ModelTest" classname="Tests.Unit.GammaMatrix.Playground.Matrix.Project.ModelTest" assertions="17" time="0.010918"/>
      </testsuite>
      <testsuite name="Tests\Unit\GammaMatrix\Playground\Matrix\Release\ModelTest" file="/app/tests/Unit/Release/ModelTest.php" tests="2" assertions="18" errors="0" failures="0" skipped="0" time="0.014388">
        <testcase name="test_model_instance" file="/app/vendor/gammamatrix/playground-test/src/Unit/Models/ModelCase.php" line="100" class="Tests\Unit\GammaMatrix\Playground\Matrix\Release\ModelTest" classname="Tests.Unit.GammaMatrix.Playground.Matrix.Release.ModelTest" assertions="1" time="0.004016"/>
        <testcase name="test_verify_model_relationships" file="/app/vendor/gammamatrix/playground-test/src/Unit/Models/ModelCase.php" line="268" class="Tests\Unit\GammaMatrix\Playground\Matrix\Release\ModelTest" classname="Tests.Unit.GammaMatrix.Playground.Matrix.Release.ModelTest" assertions="17" time="0.010372"/>
      </testsuite>
      <testsuite name="Tests\Unit\GammaMatrix\Playground\Matrix\Roadmap\ModelTest" file="/app/tests/Unit/Roadmap/ModelTest.php" tests="2" assertions="18" errors="0" failures="0" skipped="0" time="0.014274">
        <testcase name="test_model_instance" file="/app/vendor/gammamatrix/playground-test/src/Unit/Models/ModelCase.php" line="100" class="Tests\Unit\GammaMatrix\Playground\Matrix\Roadmap\ModelTest" classname="Tests.Unit.GammaMatrix.Playground.Matrix.Roadmap.ModelTest" assertions="1" time="0.004019"/>
        <testcase name="test_verify_model_relationships" file="/app/vendor/gammamatrix/playground-test/src/Unit/Models/ModelCase.php" line="268" class="Tests\Unit\GammaMatrix\Playground\Matrix\Roadmap\ModelTest" classname="Tests.Unit.GammaMatrix.Playground.Matrix.Roadmap.ModelTest" assertions="17" time="0.010255"/>
      </testsuite>
      <testsuite name="Tests\Unit\GammaMatrix\Playground\Matrix\Source\ModelTest" file="/app/tests/Unit/Source/ModelTest.php" tests="2" assertions="18" errors="0" failures="0" skipped="0" time="0.014365">
        <testcase name="test_model_instance" file="/app/vendor/gammamatrix/playground-test/src/Unit/Models/ModelCase.php" line="100" class="Tests\Unit\GammaMatrix\Playground\Matrix\Source\ModelTest" classname="Tests.Unit.GammaMatrix.Playground.Matrix.Source.ModelTest" assertions="1" time="0.003944"/>
        <testcase name="test_verify_model_relationships" file="/app/vendor/gammamatrix/playground-test/src/Unit/Models/ModelCase.php" line="268" class="Tests\Unit\GammaMatrix\Playground\Matrix\Source\ModelTest" classname="Tests.Unit.GammaMatrix.Playground.Matrix.Source.ModelTest" assertions="17" time="0.010421"/>
      </testsuite>
      <testsuite name="Tests\Unit\GammaMatrix\Playground\Matrix\Sprint\ModelTest" file="/app/tests/Unit/Sprint/ModelTest.php" tests="2" assertions="18" errors="0" failures="0" skipped="0" time="0.014383">
        <testcase name="test_model_instance" file="/app/vendor/gammamatrix/playground-test/src/Unit/Models/ModelCase.php" line="100" class="Tests\Unit\GammaMatrix\Playground\Matrix\Sprint\ModelTest" classname="Tests.Unit.GammaMatrix.Playground.Matrix.Sprint.ModelTest" assertions="1" time="0.003969"/>
        <testcase name="test_verify_model_relationships" file="/app/vendor/gammamatrix/playground-test/src/Unit/Models/ModelCase.php" line="268" class="Tests\Unit\GammaMatrix\Playground\Matrix\Sprint\ModelTest" classname="Tests.Unit.GammaMatrix.Playground.Matrix.Sprint.ModelTest" assertions="17" time="0.010413"/>
      </testsuite>
      <testsuite name="Tests\Unit\GammaMatrix\Playground\Matrix\Tag\ModelTest" file="/app/tests/Unit/Tag/ModelTest.php" tests="2" assertions="18" errors="0" failures="0" skipped="0" time="0.014990">
        <testcase name="test_model_instance" file="/app/vendor/gammamatrix/playground-test/src/Unit/Models/ModelCase.php" line="100" class="Tests\Unit\GammaMatrix\Playground\Matrix\Tag\ModelTest" classname="Tests.Unit.GammaMatrix.Playground.Matrix.Tag.ModelTest" assertions="1" time="0.004059"/>
        <testcase name="test_verify_model_relationships" file="/app/vendor/gammamatrix/playground-test/src/Unit/Models/ModelCase.php" line="268" class="Tests\Unit\GammaMatrix\Playground\Matrix\Tag\ModelTest" classname="Tests.Unit.GammaMatrix.Playground.Matrix.Tag.ModelTest" assertions="17" time="0.010931"/>
      </testsuite>
      <testsuite name="Tests\Unit\GammaMatrix\Playground\Matrix\Team\ModelTest" file="/app/tests/Unit/Team/ModelTest.php" tests="2" assertions="18" errors="0" failures="0" skipped="0" time="0.014353">
        <testcase name="test_model_instance" file="/app/vendor/gammamatrix/playground-test/src/Unit/Models/ModelCase.php" line="100" class="Tests\Unit\GammaMatrix\Playground\Matrix\Team\ModelTest" classname="Tests.Unit.GammaMatrix.Playground.Matrix.Team.ModelTest" assertions="1" time="0.004033"/>
        <testcase name="test_verify_model_relationships" file="/app/vendor/gammamatrix/playground-test/src/Unit/Models/ModelCase.php" line="268" class="Tests\Unit\GammaMatrix\Playground\Matrix\Team\ModelTest" classname="Tests.Unit.GammaMatrix.Playground.Matrix.Team.ModelTest" assertions="17" time="0.010320"/>
      </testsuite>
      <testsuite name="Tests\Unit\GammaMatrix\Playground\Matrix\Ticket\ModelTest" file="/app/tests/Unit/Ticket/ModelTest.php" tests="2" assertions="20" errors="0" failures="0" skipped="0" time="0.014870">
        <testcase name="test_model_instance" file="/app/vendor/gammamatrix/playground-test/src/Unit/Models/ModelCase.php" line="100" class="Tests\Unit\GammaMatrix\Playground\Matrix\Ticket\ModelTest" classname="Tests.Unit.GammaMatrix.Playground.Matrix.Ticket.ModelTest" assertions="1" time="0.004007"/>
        <testcase name="test_verify_model_relationships" file="/app/vendor/gammamatrix/playground-test/src/Unit/Models/ModelCase.php" line="268" class="Tests\Unit\GammaMatrix\Playground\Matrix\Ticket\ModelTest" classname="Tests.Unit.GammaMatrix.Playground.Matrix.Ticket.ModelTest" assertions="19" time="0.010863"/>
      </testsuite>
      <testsuite name="Tests\Unit\GammaMatrix\Playground\Matrix\Version\ModelTest" file="/app/tests/Unit/Version/ModelTest.php" tests="2" assertions="18" errors="0" failures="0" skipped="0" time="0.014340">
        <testcase name="test_model_instance" file="/app/vendor/gammamatrix/playground-test/src/Unit/Models/ModelCase.php" line="100" class="Tests\Unit\GammaMatrix\Playground\Matrix\Version\ModelTest" classname="Tests.Unit.GammaMatrix.Playground.Matrix.Version.ModelTest" assertions="1" time="0.003972"/>
        <testcase name="test_verify_model_relationships" file="/app/vendor/gammamatrix/playground-test/src/Unit/Models/ModelCase.php" line="268" class="Tests\Unit\GammaMatrix\Playground\Matrix\Version\ModelTest" classname="Tests.Unit.GammaMatrix.Playground.Matrix.Version.ModelTest" assertions="17" time="0.010367"/>
      </testsuite>
    </testsuite>
    <testsuite name="Feature" tests="30" assertions="1405" errors="0" failures="0" skipped="0" time="5.621892">
      <testsuite name="Tests\Feature\GammaMatrix\Playground\Matrix\Backlog\ModelTest" file="/app/tests/Feature/Backlog/ModelTest.php" tests="2" assertions="109" errors="0" failures="0" skipped="0" time="0.476970">
        <testcase name="test_model_instance" file="/app/vendor/gammamatrix/playground-test/src/Feature/Models/ModelCase.php" line="102" class="Tests\Feature\GammaMatrix\Playground\Matrix\Backlog\ModelTest" classname="Tests.Feature.GammaMatrix.Playground.Matrix.Backlog.ModelTest" assertions="1" time="0.075396"/>
        <testcase name="testVerifyRelationships" file="/app/vendor/gammamatrix/playground-test/src/Feature/Models/ModelCase.php" line="483" class="Tests\Feature\GammaMatrix\Playground\Matrix\Backlog\ModelTest" classname="Tests.Feature.GammaMatrix.Playground.Matrix.Backlog.ModelTest" assertions="108" time="0.401575"/>
      </testsuite>
      <testsuite name="Tests\Feature\GammaMatrix\Playground\Matrix\Board\ModelTest" file="/app/tests/Feature/Board/ModelTest.php" tests="2" assertions="103" errors="0" failures="0" skipped="0" time="0.383846">
        <testcase name="test_model_instance" file="/app/vendor/gammamatrix/playground-test/src/Feature/Models/ModelCase.php" line="102" class="Tests\Feature\GammaMatrix\Playground\Matrix\Board\ModelTest" classname="Tests.Feature.GammaMatrix.Playground.Matrix.Board.ModelTest" assertions="1" time="0.078998"/>
        <testcase name="testVerifyRelationships" file="/app/vendor/gammamatrix/playground-test/src/Feature/Models/ModelCase.php" line="483" class="Tests\Feature\GammaMatrix\Playground\Matrix\Board\ModelTest" classname="Tests.Feature.GammaMatrix.Playground.Matrix.Board.ModelTest" assertions="102" time="0.304848"/>
      </testsuite>
      <testsuite name="Tests\Feature\GammaMatrix\Playground\Matrix\Epic\ModelTest" file="/app/tests/Feature/Epic/ModelTest.php" tests="2" assertions="103" errors="0" failures="0" skipped="0" time="0.420167">
        <testcase name="test_model_instance" file="/app/vendor/gammamatrix/playground-test/src/Feature/Models/ModelCase.php" line="102" class="Tests\Feature\GammaMatrix\Playground\Matrix\Epic\ModelTest" classname="Tests.Feature.GammaMatrix.Playground.Matrix.Epic.ModelTest" assertions="1" time="0.075014"/>
        <testcase name="testVerifyRelationships" file="/app/vendor/gammamatrix/playground-test/src/Feature/Models/ModelCase.php" line="483" class="Tests\Feature\GammaMatrix\Playground\Matrix\Epic\ModelTest" classname="Tests.Feature.GammaMatrix.Playground.Matrix.Epic.ModelTest" assertions="102" time="0.345152"/>
      </testsuite>
      <testsuite name="Tests\Feature\GammaMatrix\Playground\Matrix\Flow\ModelTest" file="/app/tests/Feature/Flow/ModelTest.php" tests="2" assertions="43" errors="0" failures="0" skipped="0" time="0.229655">
        <testcase name="test_model_instance" file="/app/vendor/gammamatrix/playground-test/src/Feature/Models/ModelCase.php" line="102" class="Tests\Feature\GammaMatrix\Playground\Matrix\Flow\ModelTest" classname="Tests.Feature.GammaMatrix.Playground.Matrix.Flow.ModelTest" assertions="1" time="0.075978"/>
        <testcase name="testVerifyRelationships" file="/app/vendor/gammamatrix/playground-test/src/Feature/Models/ModelCase.php" line="483" class="Tests\Feature\GammaMatrix\Playground\Matrix\Flow\ModelTest" classname="Tests.Feature.GammaMatrix.Playground.Matrix.Flow.ModelTest" assertions="42" time="0.153677"/>
      </testsuite>
      <testsuite name="Tests\Feature\GammaMatrix\Playground\Matrix\Milestone\ModelTest" file="/app/tests/Feature/Milestone/ModelTest.php" tests="2" assertions="103" errors="0" failures="0" skipped="0" time="0.371960">
        <testcase name="test_model_instance" file="/app/vendor/gammamatrix/playground-test/src/Feature/Models/ModelCase.php" line="102" class="Tests\Feature\GammaMatrix\Playground\Matrix\Milestone\ModelTest" classname="Tests.Feature.GammaMatrix.Playground.Matrix.Milestone.ModelTest" assertions="1" time="0.074100"/>
        <testcase name="testVerifyRelationships" file="/app/vendor/gammamatrix/playground-test/src/Feature/Models/ModelCase.php" line="483" class="Tests\Feature\GammaMatrix\Playground\Matrix\Milestone\ModelTest" classname="Tests.Feature.GammaMatrix.Playground.Matrix.Milestone.ModelTest" assertions="102" time="0.297860"/>
      </testsuite>
      <testsuite name="Tests\Feature\GammaMatrix\Playground\Matrix\Note\ModelTest" file="/app/tests/Feature/Note/ModelTest.php" tests="2" assertions="5" errors="0" failures="0" skipped="0" time="0.150407">
        <testcase name="test_model_instance" file="/app/vendor/gammamatrix/playground-test/src/Feature/Models/ModelCase.php" line="102" class="Tests\Feature\GammaMatrix\Playground\Matrix\Note\ModelTest" classname="Tests.Feature.GammaMatrix.Playground.Matrix.Note.ModelTest" assertions="1" time="0.075673"/>
        <testcase name="testVerifyRelationships" file="/app/vendor/gammamatrix/playground-test/src/Feature/Models/ModelCase.php" line="483" class="Tests\Feature\GammaMatrix\Playground\Matrix\Note\ModelTest" classname="Tests.Feature.GammaMatrix.Playground.Matrix.Note.ModelTest" assertions="4" time="0.074734"/>
      </testsuite>
      <testsuite name="Tests\Feature\GammaMatrix\Playground\Matrix\Project\ModelTest" file="/app/tests/Feature/Project/ModelTest.php" tests="2" assertions="103" errors="0" failures="0" skipped="0" time="0.374641">
        <testcase name="test_model_instance" file="/app/vendor/gammamatrix/playground-test/src/Feature/Models/ModelCase.php" line="102" class="Tests\Feature\GammaMatrix\Playground\Matrix\Project\ModelTest" classname="Tests.Feature.GammaMatrix.Playground.Matrix.Project.ModelTest" assertions="1" time="0.077183"/>
        <testcase name="testVerifyRelationships" file="/app/vendor/gammamatrix/playground-test/src/Feature/Models/ModelCase.php" line="483" class="Tests\Feature\GammaMatrix\Playground\Matrix\Project\ModelTest" classname="Tests.Feature.GammaMatrix.Playground.Matrix.Project.ModelTest" assertions="102" time="0.297458"/>
      </testsuite>
      <testsuite name="Tests\Feature\GammaMatrix\Playground\Matrix\Release\ModelTest" file="/app/tests/Feature/Release/ModelTest.php" tests="2" assertions="103" errors="0" failures="0" skipped="0" time="0.429024">
        <testcase name="test_model_instance" file="/app/vendor/gammamatrix/playground-test/src/Feature/Models/ModelCase.php" line="102" class="Tests\Feature\GammaMatrix\Playground\Matrix\Release\ModelTest" classname="Tests.Feature.GammaMatrix.Playground.Matrix.Release.ModelTest" assertions="1" time="0.074005"/>
        <testcase name="testVerifyRelationships" file="/app/vendor/gammamatrix/playground-test/src/Feature/Models/ModelCase.php" line="483" class="Tests\Feature\GammaMatrix\Playground\Matrix\Release\ModelTest" classname="Tests.Feature.GammaMatrix.Playground.Matrix.Release.ModelTest" assertions="102" time="0.355019"/>
      </testsuite>
      <testsuite name="Tests\Feature\GammaMatrix\Playground\Matrix\Roadmap\ModelTest" file="/app/tests/Feature/Roadmap/ModelTest.php" tests="2" assertions="103" errors="0" failures="0" skipped="0" time="0.371996">
        <testcase name="test_model_instance" file="/app/vendor/gammamatrix/playground-test/src/Feature/Models/ModelCase.php" line="102" class="Tests\Feature\GammaMatrix\Playground\Matrix\Roadmap\ModelTest" classname="Tests.Feature.GammaMatrix.Playground.Matrix.Roadmap.ModelTest" assertions="1" time="0.075503"/>
        <testcase name="testVerifyRelationships" file="/app/vendor/gammamatrix/playground-test/src/Feature/Models/ModelCase.php" line="483" class="Tests\Feature\GammaMatrix\Playground\Matrix\Roadmap\ModelTest" classname="Tests.Feature.GammaMatrix.Playground.Matrix.Roadmap.ModelTest" assertions="102" time="0.296493"/>
      </testsuite>
      <testsuite name="Tests\Feature\GammaMatrix\Playground\Matrix\Source\ModelTest" file="/app/tests/Feature/Source/ModelTest.php" tests="2" assertions="103" errors="0" failures="0" skipped="0" time="0.371136">
        <testcase name="test_model_instance" file="/app/vendor/gammamatrix/playground-test/src/Feature/Models/ModelCase.php" line="102" class="Tests\Feature\GammaMatrix\Playground\Matrix\Source\ModelTest" classname="Tests.Feature.GammaMatrix.Playground.Matrix.Source.ModelTest" assertions="1" time="0.072636"/>
        <testcase name="testVerifyRelationships" file="/app/vendor/gammamatrix/playground-test/src/Feature/Models/ModelCase.php" line="483" class="Tests\Feature\GammaMatrix\Playground\Matrix\Source\ModelTest" classname="Tests.Feature.GammaMatrix.Playground.Matrix.Source.ModelTest" assertions="102" time="0.298500"/>
      </testsuite>
      <testsuite name="Tests\Feature\GammaMatrix\Playground\Matrix\Sprint\ModelTest" file="/app/tests/Feature/Sprint/ModelTest.php" tests="2" assertions="103" errors="0" failures="0" skipped="0" time="0.370767">
        <testcase name="test_model_instance" file="/app/vendor/gammamatrix/playground-test/src/Feature/Models/ModelCase.php" line="102" class="Tests\Feature\GammaMatrix\Playground\Matrix\Sprint\ModelTest" classname="Tests.Feature.GammaMatrix.Playground.Matrix.Sprint.ModelTest" assertions="1" time="0.074610"/>
        <testcase name="testVerifyRelationships" file="/app/vendor/gammamatrix/playground-test/src/Feature/Models/ModelCase.php" line="483" class="Tests\Feature\GammaMatrix\Playground\Matrix\Sprint\ModelTest" classname="Tests.Feature.GammaMatrix.Playground.Matrix.Sprint.ModelTest" assertions="102" time="0.296157"/>
      </testsuite>
      <testsuite name="Tests\Feature\GammaMatrix\Playground\Matrix\Tag\ModelTest" file="/app/tests/Feature/Tag/ModelTest.php" tests="2" assertions="103" errors="0" failures="0" skipped="0" time="0.370716">
        <testcase name="test_model_instance" file="/app/vendor/gammamatrix/playground-test/src/Feature/Models/ModelCase.php" line="102" class="Tests\Feature\GammaMatrix\Playground\Matrix\Tag\ModelTest" classname="Tests.Feature.GammaMatrix.Playground.Matrix.Tag.ModelTest" assertions="1" time="0.072614"/>
        <testcase name="testVerifyRelationships" file="/app/vendor/gammamatrix/playground-test/src/Feature/Models/ModelCase.php" line="483" class="Tests\Feature\GammaMatrix\Playground\Matrix\Tag\ModelTest" classname="Tests.Feature.GammaMatrix.Playground.Matrix.Tag.ModelTest" assertions="102" time="0.298103"/>
      </testsuite>
      <testsuite name="Tests\Feature\GammaMatrix\Playground\Matrix\Team\ModelTest" file="/app/tests/Feature/Team/ModelTest.php" tests="2" assertions="103" errors="0" failures="0" skipped="0" time="0.455559">
        <testcase name="test_model_instance" file="/app/vendor/gammamatrix/playground-test/src/Feature/Models/ModelCase.php" line="102" class="Tests\Feature\GammaMatrix\Playground\Matrix\Team\ModelTest" classname="Tests.Feature.GammaMatrix.Playground.Matrix.Team.ModelTest" assertions="1" time="0.074030"/>
        <testcase name="testVerifyRelationships" file="/app/vendor/gammamatrix/playground-test/src/Feature/Models/ModelCase.php" line="483" class="Tests\Feature\GammaMatrix\Playground\Matrix\Team\ModelTest" classname="Tests.Feature.GammaMatrix.Playground.Matrix.Team.ModelTest" assertions="102" time="0.381528"/>
      </testsuite>
      <testsuite name="Tests\Feature\GammaMatrix\Playground\Matrix\Ticket\ModelTest" file="/app/tests/Feature/Ticket/ModelTest.php" tests="2" assertions="115" errors="0" failures="0" skipped="0" time="0.476679">
        <testcase name="test_model_instance" file="/app/vendor/gammamatrix/playground-test/src/Feature/Models/ModelCase.php" line="102" class="Tests\Feature\GammaMatrix\Playground\Matrix\Ticket\ModelTest" classname="Tests.Feature.GammaMatrix.Playground.Matrix.Ticket.ModelTest" assertions="1" time="0.072842"/>
        <testcase name="testVerifyRelationships" file="/app/vendor/gammamatrix/playground-test/src/Feature/Models/ModelCase.php" line="483" class="Tests\Feature\GammaMatrix\Playground\Matrix\Ticket\ModelTest" classname="Tests.Feature.GammaMatrix.Playground.Matrix.Ticket.ModelTest" assertions="114" time="0.403836"/>
      </testsuite>
      <testsuite name="Tests\Feature\GammaMatrix\Playground\Matrix\Version\ModelTest" file="/app/tests/Feature/Version/ModelTest.php" tests="2" assertions="103" errors="0" failures="0" skipped="0" time="0.368369">
        <testcase name="test_model_instance" file="/app/vendor/gammamatrix/playground-test/src/Feature/Models/ModelCase.php" line="102" class="Tests\Feature\GammaMatrix\Playground\Matrix\Version\ModelTest" classname="Tests.Feature.GammaMatrix.Playground.Matrix.Version.ModelTest" assertions="1" time="0.073418"/>
        <testcase name="testVerifyRelationships" file="/app/vendor/gammamatrix/playground-test/src/Feature/Models/ModelCase.php" line="483" class="Tests\Feature\GammaMatrix\Playground\Matrix\Version\ModelTest" classname="Tests.Feature.GammaMatrix.Playground.Matrix.Version.ModelTest" assertions="102" time="0.294951"/>
      </testsuite>
    </testsuite>
  </testsuite>
</testsuites>
