<?xml version="1.0" encoding="UTF-8"?>
<testsuites>
  <testsuite name="" tests="60" assertions="1656" errors="0" failures="0" skipped="0" time="6.331478">
    <testsuite name="Unit" tests="30" assertions="251" errors="0" failures="0" skipped="0" time="0.751370">
      <testsuite name="Tests\Unit\GammaMatrix\Playground\Matrix\Backlog\ModelTest" file="/app/tests/Unit/Backlog/ModelTest.php" tests="2" assertions="19" errors="0" failures="0" skipped="0" time="0.561816">
        <testcase name="test_model_instance" file="/app/vendor/gammamatrix/playground-test/src/Unit/Models/ModelCase.php" line="100" class="Tests\Unit\GammaMatrix\Playground\Matrix\Backlog\ModelTest" classname="Tests.Unit.GammaMatrix.Playground.Matrix.Backlog.ModelTest" assertions="1" time="0.165488"/>
        <testcase name="test_verify_model_relationships" file="/app/vendor/gammamatrix/playground-test/src/Unit/Models/ModelCase.php" line="268" class="Tests\Unit\GammaMatrix\Playground\Matrix\Backlog\ModelTest" classname="Tests.Unit.GammaMatrix.Playground.Matrix.Backlog.ModelTest" assertions="18" time="0.396327"/>
      </testsuite>
      <testsuite name="Tests\Unit\GammaMatrix\Playground\Matrix\Board\ModelTest" file="/app/tests/Unit/Board/ModelTest.php" tests="2" assertions="18" errors="0" failures="0" skipped="0" time="0.015112">
        <testcase name="test_model_instance" file="/app/vendor/gammamatrix/playground-test/src/Unit/Models/ModelCase.php" line="100" class="Tests\Unit\GammaMatrix\Playground\Matrix\Board\ModelTest" classname="Tests.Unit.GammaMatrix.Playground.Matrix.Board.ModelTest" assertions="1" time="0.004105"/>
        <testcase name="test_verify_model_relationships" file="/app/vendor/gammamatrix/playground-test/src/Unit/Models/ModelCase.php" line="268" class="Tests\Unit\GammaMatrix\Playground\Matrix\Board\ModelTest" classname="Tests.Unit.GammaMatrix.Playground.Matrix.Board.ModelTest" assertions="17" time="0.011007"/>
      </testsuite>
      <testsuite name="Tests\Unit\GammaMatrix\Playground\Matrix\Epic\ModelTest" file="/app/tests/Unit/Epic/ModelTest.php" tests="2" assertions="18" errors="0" failures="0" skipped="0" time="0.014176">
        <testcase name="test_model_instance" file="/app/vendor/gammamatrix/playground-test/src/Unit/Models/ModelCase.php" line="100" class="Tests\Unit\GammaMatrix\Playground\Matrix\Epic\ModelTest" classname="Tests.Unit.GammaMatrix.Playground.Matrix.Epic.ModelTest" assertions="1" time="0.003985"/>
        <testcase name="test_verify_model_relationships" file="/app/vendor/gammamatrix/playground-test/src/Unit/Models/ModelCase.php" line="268" class="Tests\Unit\GammaMatrix\Playground\Matrix\Epic\ModelTest" classname="Tests.Unit.GammaMatrix.Playground.Matrix.Epic.ModelTest" assertions="17" time="0.010191"/>
      </testsuite>
      <testsuite name="Tests\Unit\GammaMatrix\Playground\Matrix\Flow\ModelTest" file="/app/tests/Unit/Flow/ModelTest.php" tests="2" assertions="8" errors="0" failures="0" skipped="0" time="0.010198">
        <testcase name="test_model_instance" file="/app/vendor/gammamatrix/playground-test/src/Unit/Models/ModelCase.php" line="100" class="Tests\Unit\GammaMatrix\Playground\Matrix\Flow\ModelTest" classname="Tests.Unit.GammaMatrix.Playground.Matrix.Flow.ModelTest" assertions="1" time="0.003921"/>
        <testcase name="test_verify_model_relationships" file="/app/vendor/gammamatrix/playground-test/src/Unit/Models/ModelCase.php" line="268" class="Tests\Unit\GammaMatrix\Playground\Matrix\Flow\ModelTest" classname="Tests.Unit.GammaMatrix.Playground.Matrix.Flow.ModelTest" assertions="7" time="0.006277"/>
      </testsuite>
      <testsuite name="Tests\Unit\GammaMatrix\Playground\Matrix\Milestone\ModelTest" file="/app/tests/Unit/Milestone/ModelTest.php" tests="2" assertions="18" errors="0" failures="0" skipped="0" time="0.014067">
        <testcase name="test_model_instance" file="/app/vendor/gammamatrix/playground-test/src/Unit/Models/ModelCase.php" line="100" class="Tests\Unit\GammaMatrix\Playground\Matrix\Milestone\ModelTest" classname="Tests.Unit.GammaMatrix.Playground.Matrix.Milestone.ModelTest" assertions="1" time="0.003898"/>
        <testcase name="test_verify_model_relationships" file="/app/vendor/gammamatrix/playground-test/src/Unit/Models/ModelCase.php" line="268" class="Tests\Unit\GammaMatrix\Playground\Matrix\Milestone\ModelTest" classname="Tests.Unit.GammaMatrix.Playground.Matrix.Milestone.ModelTest" assertions="17" time="0.010170"/>
      </testsuite>
      <testsuite name="Tests\Unit\GammaMatrix\Playground\Matrix\Note\ModelTest" file="/app/tests/Unit/Note/ModelTest.php" tests="2" assertions="6" errors="0" failures="0" skipped="0" time="0.007717">
        <testcase name="test_model_instance" file="/app/vendor/gammamatrix/playground-test/src/Unit/Models/ModelCase.php" line="100" class="Tests\Unit\GammaMatrix\Playground\Matrix\Note\ModelTest" classname="Tests.Unit.GammaMatrix.Playground.Matrix.Note.ModelTest" assertions="1" time="0.003891"/>
        <testcase name="test_verify_model_relationships" file="/app/vendor/gammamatrix/playground-test/src/Unit/Models/ModelCase.php" line="268" class="Tests\Unit\GammaMatrix\Playground\Matrix\Note\ModelTest" classname="Tests.Unit.GammaMatrix.Playground.Matrix.Note.ModelTest" assertions="5" time="0.003826"/>
      </testsuite>
      <testsuite name="Tests\Unit\GammaMatrix\Playground\Matrix\Project\ModelTest" file="/app/tests/Unit/Project/ModelTest.php" tests="2" assertions="18" errors="0" failures="0" skipped="0" time="0.014674">
        <testcase name="test_model_instance" file="/app/vendor/gammamatrix/playground-test/src/Unit/Models/ModelCase.php" line="100" class="Tests\Unit\GammaMatrix\Playground\Matrix\Project\ModelTest" classname="Tests.Unit.GammaMatrix.Playground.Matrix.Project.ModelTest" assertions="1" time="0.003933"/>
        <testcase name="test_verify_model_relationships" file="/app/vendor/gammamatrix/playground-test/src/Unit/Models/ModelCase.php" line="268" class="Tests\Unit\GammaMatrix\Playground\Matrix\Project\ModelTest" classname="Tests.Unit.GammaMatrix.Playground.Matrix.Project.ModelTest" assertions="17" time="0.010741"/>
      </testsuite>
      <testsuite name="Tests\Unit\GammaMatrix\Playground\Matrix\Release\ModelTest" file="/app/tests/Unit/Release/ModelTest.php" tests="2" assertions="18" errors="0" failures="0" skipped="0" time="0.014098">
        <testcase name="test_model_instance" file="/app/vendor/gammamatrix/playground-test/src/Unit/Models/ModelCase.php" line="100" class="Tests\Unit\GammaMatrix\Playground\Matrix\Release\ModelTest" classname="Tests.Unit.GammaMatrix.Playground.Matrix.Release.ModelTest" assertions="1" time="0.003902"/>
        <testcase name="test_verify_model_relationships" file="/app/vendor/gammamatrix/playground-test/src/Unit/Models/ModelCase.php" line="268" class="Tests\Unit\GammaMatrix\Playground\Matrix\Release\ModelTest" classname="Tests.Unit.GammaMatrix.Playground.Matrix.Release.ModelTest" assertions="17" time="0.010195"/>
      </testsuite>
      <testsuite name="Tests\Unit\GammaMatrix\Playground\Matrix\Roadmap\ModelTest" file="/app/tests/Unit/Roadmap/ModelTest.php" tests="2" assertions="18" errors="0" failures="0" skipped="0" time="0.014000">
        <testcase name="test_model_instance" file="/app/vendor/gammamatrix/playground-test/src/Unit/Models/ModelCase.php" line="100" class="Tests\Unit\GammaMatrix\Playground\Matrix\Roadmap\ModelTest" classname="Tests.Unit.GammaMatrix.Playground.Matrix.Roadmap.ModelTest" assertions="1" time="0.003925"/>
        <testcase name="test_verify_model_relationships" file="/app/vendor/gammamatrix/playground-test/src/Unit/Models/ModelCase.php" line="268" class="Tests\Unit\GammaMatrix\Playground\Matrix\Roadmap\ModelTest" classname="Tests.Unit.GammaMatrix.Playground.Matrix.Roadmap.ModelTest" assertions="17" time="0.010075"/>
      </testsuite>
      <testsuite name="Tests\Unit\GammaMatrix\Playground\Matrix\Source\ModelTest" file="/app/tests/Unit/Source/ModelTest.php" tests="2" assertions="18" errors="0" failures="0" skipped="0" time="0.014067">
        <testcase name="test_model_instance" file="/app/vendor/gammamatrix/playground-test/src/Unit/Models/ModelCase.php" line="100" class="Tests\Unit\GammaMatrix\Playground\Matrix\Source\ModelTest" classname="Tests.Unit.GammaMatrix.Playground.Matrix.Source.ModelTest" assertions="1" time="0.003940"/>
        <testcase name="test_verify_model_relationships" file="/app/vendor/gammamatrix/playground-test/src/Unit/Models/ModelCase.php" line="268" class="Tests\Unit\GammaMatrix\Playground\Matrix\Source\ModelTest" classname="Tests.Unit.GammaMatrix.Playground.Matrix.Source.ModelTest" assertions="17" time="0.010127"/>
      </testsuite>
      <testsuite name="Tests\Unit\GammaMatrix\Playground\Matrix\Sprint\ModelTest" file="/app/tests/Unit/Sprint/ModelTest.php" tests="2" assertions="18" errors="0" failures="0" skipped="0" time="0.014102">
        <testcase name="test_model_instance" file="/app/vendor/gammamatrix/playground-test/src/Unit/Models/ModelCase.php" line="100" class="Tests\Unit\GammaMatrix\Playground\Matrix\Sprint\ModelTest" classname="Tests.Unit.GammaMatrix.Playground.Matrix.Sprint.ModelTest" assertions="1" time="0.003851"/>
        <testcase name="test_verify_model_relationships" file="/app/vendor/gammamatrix/playground-test/src/Unit/Models/ModelCase.php" line="268" class="Tests\Unit\GammaMatrix\Playground\Matrix\Sprint\ModelTest" classname="Tests.Unit.GammaMatrix.Playground.Matrix.Sprint.ModelTest" assertions="17" time="0.010251"/>
      </testsuite>
      <testsuite name="Tests\Unit\GammaMatrix\Playground\Matrix\Tag\ModelTest" file="/app/tests/Unit/Tag/ModelTest.php" tests="2" assertions="18" errors="0" failures="0" skipped="0" time="0.014671">
        <testcase name="test_model_instance" file="/app/vendor/gammamatrix/playground-test/src/Unit/Models/ModelCase.php" line="100" class="Tests\Unit\GammaMatrix\Playground\Matrix\Tag\ModelTest" classname="Tests.Unit.GammaMatrix.Playground.Matrix.Tag.ModelTest" assertions="1" time="0.003949"/>
        <testcase name="test_verify_model_relationships" file="/app/vendor/gammamatrix/playground-test/src/Unit/Models/ModelCase.php" line="268" class="Tests\Unit\GammaMatrix\Playground\Matrix\Tag\ModelTest" classname="Tests.Unit.GammaMatrix.Playground.Matrix.Tag.ModelTest" assertions="17" time="0.010722"/>
      </testsuite>
      <testsuite name="Tests\Unit\GammaMatrix\Playground\Matrix\Team\ModelTest" file="/app/tests/Unit/Team/ModelTest.php" tests="2" assertions="18" errors="0" failures="0" skipped="0" time="0.013958">
        <testcase name="test_model_instance" file="/app/vendor/gammamatrix/playground-test/src/Unit/Models/ModelCase.php" line="100" class="Tests\Unit\GammaMatrix\Playground\Matrix\Team\ModelTest" classname="Tests.Unit.GammaMatrix.Playground.Matrix.Team.ModelTest" assertions="1" time="0.003889"/>
        <testcase name="test_verify_model_relationships" file="/app/vendor/gammamatrix/playground-test/src/Unit/Models/ModelCase.php" line="268" class="Tests\Unit\GammaMatrix\Playground\Matrix\Team\ModelTest" classname="Tests.Unit.GammaMatrix.Playground.Matrix.Team.ModelTest" assertions="17" time="0.010069"/>
      </testsuite>
      <testsuite name="Tests\Unit\GammaMatrix\Playground\Matrix\Ticket\ModelTest" file="/app/tests/Unit/Ticket/ModelTest.php" tests="2" assertions="20" errors="0" failures="0" skipped="0" time="0.014577">
        <testcase name="test_model_instance" file="/app/vendor/gammamatrix/playground-test/src/Unit/Models/ModelCase.php" line="100" class="Tests\Unit\GammaMatrix\Playground\Matrix\Ticket\ModelTest" classname="Tests.Unit.GammaMatrix.Playground.Matrix.Ticket.ModelTest" assertions="1" time="0.003911"/>
        <testcase name="test_verify_model_relationships" file="/app/vendor/gammamatrix/playground-test/src/Unit/Models/ModelCase.php" line="268" class="Tests\Unit\GammaMatrix\Playground\Matrix\Ticket\ModelTest" classname="Tests.Unit.GammaMatrix.Playground.Matrix.Ticket.ModelTest" assertions="19" time="0.010667"/>
      </testsuite>
      <testsuite name="Tests\Unit\GammaMatrix\Playground\Matrix\Version\ModelTest" file="/app/tests/Unit/Version/ModelTest.php" tests="2" assertions="18" errors="0" failures="0" skipped="0" time="0.014136">
        <testcase name="test_model_instance" file="/app/vendor/gammamatrix/playground-test/src/Unit/Models/ModelCase.php" line="100" class="Tests\Unit\GammaMatrix\Playground\Matrix\Version\ModelTest" classname="Tests.Unit.GammaMatrix.Playground.Matrix.Version.ModelTest" assertions="1" time="0.003983"/>
        <testcase name="test_verify_model_relationships" file="/app/vendor/gammamatrix/playground-test/src/Unit/Models/ModelCase.php" line="268" class="Tests\Unit\GammaMatrix\Playground\Matrix\Version\ModelTest" classname="Tests.Unit.GammaMatrix.Playground.Matrix.Version.ModelTest" assertions="17" time="0.010153"/>
      </testsuite>
    </testsuite>
    <testsuite name="Feature" tests="30" assertions="1405" errors="0" failures="0" skipped="0" time="5.580108">
      <testsuite name="Tests\Feature\GammaMatrix\Playground\Matrix\Backlog\ModelTest" file="/app/tests/Feature/Backlog/ModelTest.php" tests="2" assertions="109" errors="0" failures="0" skipped="0" time="0.471658">
        <testcase name="test_model_instance" file="/app/vendor/gammamatrix/playground-test/src/Feature/Models/ModelCase.php" line="102" class="Tests\Feature\GammaMatrix\Playground\Matrix\Backlog\ModelTest" classname="Tests.Feature.GammaMatrix.Playground.Matrix.Backlog.ModelTest" assertions="1" time="0.075063"/>
        <testcase name="testVerifyRelationships" file="/app/vendor/gammamatrix/playground-test/src/Feature/Models/ModelCase.php" line="483" class="Tests\Feature\GammaMatrix\Playground\Matrix\Backlog\ModelTest" classname="Tests.Feature.GammaMatrix.Playground.Matrix.Backlog.ModelTest" assertions="108" time="0.396595"/>
      </testsuite>
      <testsuite name="Tests\Feature\GammaMatrix\Playground\Matrix\Board\ModelTest" file="/app/tests/Feature/Board/ModelTest.php" tests="2" assertions="103" errors="0" failures="0" skipped="0" time="0.383092">
        <testcase name="test_model_instance" file="/app/vendor/gammamatrix/playground-test/src/Feature/Models/ModelCase.php" line="102" class="Tests\Feature\GammaMatrix\Playground\Matrix\Board\ModelTest" classname="Tests.Feature.GammaMatrix.Playground.Matrix.Board.ModelTest" assertions="1" time="0.077701"/>
        <testcase name="testVerifyRelationships" file="/app/vendor/gammamatrix/playground-test/src/Feature/Models/ModelCase.php" line="483" class="Tests\Feature\GammaMatrix\Playground\Matrix\Board\ModelTest" classname="Tests.Feature.GammaMatrix.Playground.Matrix.Board.ModelTest" assertions="102" time="0.305390"/>
      </testsuite>
      <testsuite name="Tests\Feature\GammaMatrix\Playground\Matrix\Epic\ModelTest" file="/app/tests/Feature/Epic/ModelTest.php" tests="2" assertions="103" errors="0" failures="0" skipped="0" time="0.417312">
        <testcase name="test_model_instance" file="/app/vendor/gammamatrix/playground-test/src/Feature/Models/ModelCase.php" line="102" class="Tests\Feature\GammaMatrix\Playground\Matrix\Epic\ModelTest" classname="Tests.Feature.GammaMatrix.Playground.Matrix.Epic.ModelTest" assertions="1" time="0.073678"/>
        <testcase name="testVerifyRelationships" file="/app/vendor/gammamatrix/playground-test/src/Feature/Models/ModelCase.php" line="483" class="Tests\Feature\GammaMatrix\Playground\Matrix\Epic\ModelTest" classname="Tests.Feature.GammaMatrix.Playground.Matrix.Epic.ModelTest" assertions="102" time="0.343634"/>
      </testsuite>
      <testsuite name="Tests\Feature\GammaMatrix\Playground\Matrix\Flow\ModelTest" file="/app/tests/Feature/Flow/ModelTest.php" tests="2" assertions="43" errors="0" failures="0" skipped="0" time="0.224358">
        <testcase name="test_model_instance" file="/app/vendor/gammamatrix/playground-test/src/Feature/Models/ModelCase.php" line="102" class="Tests\Feature\GammaMatrix\Playground\Matrix\Flow\ModelTest" classname="Tests.Feature.GammaMatrix.Playground.Matrix.Flow.ModelTest" assertions="1" time="0.073597"/>
        <testcase name="testVerifyRelationships" file="/app/vendor/gammamatrix/playground-test/src/Feature/Models/ModelCase.php" line="483" class="Tests\Feature\GammaMatrix\Playground\Matrix\Flow\ModelTest" classname="Tests.Feature.GammaMatrix.Playground.Matrix.Flow.ModelTest" assertions="42" time="0.150761"/>
      </testsuite>
      <testsuite name="Tests\Feature\GammaMatrix\Playground\Matrix\Milestone\ModelTest" file="/app/tests/Feature/Milestone/ModelTest.php" tests="2" assertions="103" errors="0" failures="0" skipped="0" time="0.368003">
        <testcase name="test_model_instance" file="/app/vendor/gammamatrix/playground-test/src/Feature/Models/ModelCase.php" line="102" class="Tests\Feature\GammaMatrix\Playground\Matrix\Milestone\ModelTest" classname="Tests.Feature.GammaMatrix.Playground.Matrix.Milestone.ModelTest" assertions="1" time="0.075093"/>
        <testcase name="testVerifyRelationships" file="/app/vendor/gammamatrix/playground-test/src/Feature/Models/ModelCase.php" line="483" class="Tests\Feature\GammaMatrix\Playground\Matrix\Milestone\ModelTest" classname="Tests.Feature.GammaMatrix.Playground.Matrix.Milestone.ModelTest" assertions="102" time="0.292910"/>
      </testsuite>
      <testsuite name="Tests\Feature\GammaMatrix\Playground\Matrix\Note\ModelTest" file="/app/tests/Feature/Note/ModelTest.php" tests="2" assertions="5" errors="0" failures="0" skipped="0" time="0.152843">
        <testcase name="test_model_instance" file="/app/vendor/gammamatrix/playground-test/src/Feature/Models/ModelCase.php" line="102" class="Tests\Feature\GammaMatrix\Playground\Matrix\Note\ModelTest" classname="Tests.Feature.GammaMatrix.Playground.Matrix.Note.ModelTest" assertions="1" time="0.072935"/>
        <testcase name="testVerifyRelationships" file="/app/vendor/gammamatrix/playground-test/src/Feature/Models/ModelCase.php" line="483" class="Tests\Feature\GammaMatrix\Playground\Matrix\Note\ModelTest" classname="Tests.Feature.GammaMatrix.Playground.Matrix.Note.ModelTest" assertions="4" time="0.079908"/>
      </testsuite>
      <testsuite name="Tests\Feature\GammaMatrix\Playground\Matrix\Project\ModelTest" file="/app/tests/Feature/Project/ModelTest.php" tests="2" assertions="103" errors="0" failures="0" skipped="0" time="0.372532">
        <testcase name="test_model_instance" file="/app/vendor/gammamatrix/playground-test/src/Feature/Models/ModelCase.php" line="102" class="Tests\Feature\GammaMatrix\Playground\Matrix\Project\ModelTest" classname="Tests.Feature.GammaMatrix.Playground.Matrix.Project.ModelTest" assertions="1" time="0.073446"/>
        <testcase name="testVerifyRelationships" file="/app/vendor/gammamatrix/playground-test/src/Feature/Models/ModelCase.php" line="483" class="Tests\Feature\GammaMatrix\Playground\Matrix\Project\ModelTest" classname="Tests.Feature.GammaMatrix.Playground.Matrix.Project.ModelTest" assertions="102" time="0.299085"/>
      </testsuite>
      <testsuite name="Tests\Feature\GammaMatrix\Playground\Matrix\Release\ModelTest" file="/app/tests/Feature/Release/ModelTest.php" tests="2" assertions="103" errors="0" failures="0" skipped="0" time="0.428840">
        <testcase name="test_model_instance" file="/app/vendor/gammamatrix/playground-test/src/Feature/Models/ModelCase.php" line="102" class="Tests\Feature\GammaMatrix\Playground\Matrix\Release\ModelTest" classname="Tests.Feature.GammaMatrix.Playground.Matrix.Release.ModelTest" assertions="1" time="0.073192"/>
        <testcase name="testVerifyRelationships" file="/app/vendor/gammamatrix/playground-test/src/Feature/Models/ModelCase.php" line="483" class="Tests\Feature\GammaMatrix\Playground\Matrix\Release\ModelTest" classname="Tests.Feature.GammaMatrix.Playground.Matrix.Release.ModelTest" assertions="102" time="0.355647"/>
      </testsuite>
      <testsuite name="Tests\Feature\GammaMatrix\Playground\Matrix\Roadmap\ModelTest" file="/app/tests/Feature/Roadmap/ModelTest.php" tests="2" assertions="103" errors="0" failures="0" skipped="0" time="0.368244">
        <testcase name="test_model_instance" file="/app/vendor/gammamatrix/playground-test/src/Feature/Models/ModelCase.php" line="102" class="Tests\Feature\GammaMatrix\Playground\Matrix\Roadmap\ModelTest" classname="Tests.Feature.GammaMatrix.Playground.Matrix.Roadmap.ModelTest" assertions="1" time="0.073165"/>
        <testcase name="testVerifyRelationships" file="/app/vendor/gammamatrix/playground-test/src/Feature/Models/ModelCase.php" line="483" class="Tests\Feature\GammaMatrix\Playground\Matrix\Roadmap\ModelTest" classname="Tests.Feature.GammaMatrix.Playground.Matrix.Roadmap.ModelTest" assertions="102" time="0.295078"/>
      </testsuite>
      <testsuite name="Tests\Feature\GammaMatrix\Playground\Matrix\Source\ModelTest" file="/app/tests/Feature/Source/ModelTest.php" tests="2" assertions="103" errors="0" failures="0" skipped="0" time="0.368375">
        <testcase name="test_model_instance" file="/app/vendor/gammamatrix/playground-test/src/Feature/Models/ModelCase.php" line="102" class="Tests\Feature\GammaMatrix\Playground\Matrix\Source\ModelTest" classname="Tests.Feature.GammaMatrix.Playground.Matrix.Source.ModelTest" assertions="1" time="0.072688"/>
        <testcase name="testVerifyRelationships" file="/app/vendor/gammamatrix/playground-test/src/Feature/Models/ModelCase.php" line="483" class="Tests\Feature\GammaMatrix\Playground\Matrix\Source\ModelTest" classname="Tests.Feature.GammaMatrix.Playground.Matrix.Source.ModelTest" assertions="102" time="0.295687"/>
      </testsuite>
      <testsuite name="Tests\Feature\GammaMatrix\Playground\Matrix\Sprint\ModelTest" file="/app/tests/Feature/Sprint/ModelTest.php" tests="2" assertions="103" errors="0" failures="0" skipped="0" time="0.365662">
        <testcase name="test_model_instance" file="/app/vendor/gammamatrix/playground-test/src/Feature/Models/ModelCase.php" line="102" class="Tests\Feature\GammaMatrix\Playground\Matrix\Sprint\ModelTest" classname="Tests.Feature.GammaMatrix.Playground.Matrix.Sprint.ModelTest" assertions="1" time="0.072995"/>
        <testcase name="testVerifyRelationships" file="/app/vendor/gammamatrix/playground-test/src/Feature/Models/ModelCase.php" line="483" class="Tests\Feature\GammaMatrix\Playground\Matrix\Sprint\ModelTest" classname="Tests.Feature.GammaMatrix.Playground.Matrix.Sprint.ModelTest" assertions="102" time="0.292666"/>
      </testsuite>
      <testsuite name="Tests\Feature\GammaMatrix\Playground\Matrix\Tag\ModelTest" file="/app/tests/Feature/Tag/ModelTest.php" tests="2" assertions="103" errors="0" failures="0" skipped="0" time="0.365228">
        <testcase name="test_model_instance" file="/app/vendor/gammamatrix/playground-test/src/Feature/Models/ModelCase.php" line="102" class="Tests\Feature\GammaMatrix\Playground\Matrix\Tag\ModelTest" classname="Tests.Feature.GammaMatrix.Playground.Matrix.Tag.ModelTest" assertions="1" time="0.073271"/>
        <testcase name="testVerifyRelationships" file="/app/vendor/gammamatrix/playground-test/src/Feature/Models/ModelCase.php" line="483" class="Tests\Feature\GammaMatrix\Playground\Matrix\Tag\ModelTest" classname="Tests.Feature.GammaMatrix.Playground.Matrix.Tag.ModelTest" assertions="102" time="0.291957"/>
      </testsuite>
      <testsuite name="Tests\Feature\GammaMatrix\Playground\Matrix\Team\ModelTest" file="/app/tests/Feature/Team/ModelTest.php" tests="2" assertions="103" errors="0" failures="0" skipped="0" time="0.450328">
        <testcase name="test_model_instance" file="/app/vendor/gammamatrix/playground-test/src/Feature/Models/ModelCase.php" line="102" class="Tests\Feature\GammaMatrix\Playground\Matrix\Team\ModelTest" classname="Tests.Feature.GammaMatrix.Playground.Matrix.Team.ModelTest" assertions="1" time="0.072770"/>
        <testcase name="testVerifyRelationships" file="/app/vendor/gammamatrix/playground-test/src/Feature/Models/ModelCase.php" line="483" class="Tests\Feature\GammaMatrix\Playground\Matrix\Team\ModelTest" classname="Tests.Feature.GammaMatrix.Playground.Matrix.Team.ModelTest" assertions="102" time="0.377558"/>
      </testsuite>
      <testsuite name="Tests\Feature\GammaMatrix\Playground\Matrix\Ticket\ModelTest" file="/app/tests/Feature/Ticket/ModelTest.php" tests="2" assertions="115" errors="0" failures="0" skipped="0" time="0.475231">
        <testcase name="test_model_instance" file="/app/vendor/gammamatrix/playground-test/src/Feature/Models/ModelCase.php" line="102" class="Tests\Feature\GammaMatrix\Playground\Matrix\Ticket\ModelTest" classname="Tests.Feature.GammaMatrix.Playground.Matrix.Ticket.ModelTest" assertions="1" time="0.072521"/>
        <testcase name="testVerifyRelationships" file="/app/vendor/gammamatrix/playground-test/src/Feature/Models/ModelCase.php" line="483" class="Tests\Feature\GammaMatrix\Playground\Matrix\Ticket\ModelTest" classname="Tests.Feature.GammaMatrix.Playground.Matrix.Ticket.ModelTest" assertions="114" time="0.402710"/>
      </testsuite>
      <testsuite name="Tests\Feature\GammaMatrix\Playground\Matrix\Version\ModelTest" file="/app/tests/Feature/Version/ModelTest.php" tests="2" assertions="103" errors="0" failures="0" skipped="0" time="0.368404">
        <testcase name="test_model_instance" file="/app/vendor/gammamatrix/playground-test/src/Feature/Models/ModelCase.php" line="102" class="Tests\Feature\GammaMatrix\Playground\Matrix\Version\ModelTest" classname="Tests.Feature.GammaMatrix.Playground.Matrix.Version.ModelTest" assertions="1" time="0.072809"/>
        <testcase name="testVerifyRelationships" file="/app/vendor/gammamatrix/playground-test/src/Feature/Models/ModelCase.php" line="483" class="Tests\Feature\GammaMatrix\Playground\Matrix\Version\ModelTest" classname="Tests.Feature.GammaMatrix.Playground.Matrix.Version.ModelTest" assertions="102" time="0.295595"/>
      </testsuite>
    </testsuite>
  </testsuite>
</testsuites>
