<?xml version="1.0" encoding="UTF-8"?>
<testsuites>
  <testsuite name="/app/phpunit.xml.dist" tests="90" assertions="1746" errors="0" failures="0" skipped="0" time="25.237743">
    <testsuite name="Unit" tests="45" assertions="296" errors="0" failures="0" skipped="0" time="1.865234">
      <testsuite name="Tests\Unit\Playground\Matrix\Models\Backlog\ModelTest" file="/app/tests/Unit/Models/Backlog/ModelTest.php" tests="3" assertions="22" errors="0" failures="0" skipped="0" time="0.815851">
        <testcase name="test_model_instance" file="/app/vendor/gammamatrix/playground-test/src/Unit/Models/ModelCase.php" line="114" class="Tests\Unit\Playground\Matrix\Models\Backlog\ModelTest" classname="Tests.Unit.Playground.Matrix.Models.Backlog.ModelTest" assertions="1" time="0.246809"/>
        <testcase name="test_verify_model_relationships" file="/app/vendor/gammamatrix/playground-test/src/Unit/Models/ModelCase.php" line="275" class="Tests\Unit\Playground\Matrix\Models\Backlog\ModelTest" classname="Tests.Unit.Playground.Matrix.Models.Backlog.ModelTest" assertions="18" time="0.536763"/>
        <testcase name="test_model_factory_make" file="/app/vendor/gammamatrix/playground-test/src/Unit/Models/ModelCase.php" line="291" class="Tests\Unit\Playground\Matrix\Models\Backlog\ModelTest" classname="Tests.Unit.Playground.Matrix.Models.Backlog.ModelTest" assertions="3" time="0.032280"/>
      </testsuite>
      <testsuite name="Tests\Unit\Playground\Matrix\Models\Board\ModelTest" file="/app/tests/Unit/Models/Board/ModelTest.php" tests="3" assertions="21" errors="0" failures="0" skipped="0" time="0.077081">
        <testcase name="test_model_instance" file="/app/vendor/gammamatrix/playground-test/src/Unit/Models/ModelCase.php" line="114" class="Tests\Unit\Playground\Matrix\Models\Board\ModelTest" classname="Tests.Unit.Playground.Matrix.Models.Board.ModelTest" assertions="1" time="0.023559"/>
        <testcase name="test_verify_model_relationships" file="/app/vendor/gammamatrix/playground-test/src/Unit/Models/ModelCase.php" line="275" class="Tests\Unit\Playground\Matrix\Models\Board\ModelTest" classname="Tests.Unit.Playground.Matrix.Models.Board.ModelTest" assertions="17" time="0.031056"/>
        <testcase name="test_model_factory_make" file="/app/vendor/gammamatrix/playground-test/src/Unit/Models/ModelCase.php" line="291" class="Tests\Unit\Playground\Matrix\Models\Board\ModelTest" classname="Tests.Unit.Playground.Matrix.Models.Board.ModelTest" assertions="3" time="0.022467"/>
      </testsuite>
      <testsuite name="Tests\Unit\Playground\Matrix\Models\Epic\ModelTest" file="/app/tests/Unit/Models/Epic/ModelTest.php" tests="3" assertions="21" errors="0" failures="0" skipped="0" time="0.074374">
        <testcase name="test_model_instance" file="/app/vendor/gammamatrix/playground-test/src/Unit/Models/ModelCase.php" line="114" class="Tests\Unit\Playground\Matrix\Models\Epic\ModelTest" classname="Tests.Unit.Playground.Matrix.Models.Epic.ModelTest" assertions="1" time="0.021546"/>
        <testcase name="test_verify_model_relationships" file="/app/vendor/gammamatrix/playground-test/src/Unit/Models/ModelCase.php" line="275" class="Tests\Unit\Playground\Matrix\Models\Epic\ModelTest" classname="Tests.Unit.Playground.Matrix.Models.Epic.ModelTest" assertions="17" time="0.030767"/>
        <testcase name="test_model_factory_make" file="/app/vendor/gammamatrix/playground-test/src/Unit/Models/ModelCase.php" line="291" class="Tests\Unit\Playground\Matrix\Models\Epic\ModelTest" classname="Tests.Unit.Playground.Matrix.Models.Epic.ModelTest" assertions="3" time="0.022062"/>
      </testsuite>
      <testsuite name="Tests\Unit\Playground\Matrix\Models\Flow\ModelTest" file="/app/tests/Unit/Models/Flow/ModelTest.php" tests="3" assertions="11" errors="0" failures="0" skipped="0" time="0.071369">
        <testcase name="test_model_instance" file="/app/vendor/gammamatrix/playground-test/src/Unit/Models/ModelCase.php" line="114" class="Tests\Unit\Playground\Matrix\Models\Flow\ModelTest" classname="Tests.Unit.Playground.Matrix.Models.Flow.ModelTest" assertions="1" time="0.022817"/>
        <testcase name="test_verify_model_relationships" file="/app/vendor/gammamatrix/playground-test/src/Unit/Models/ModelCase.php" line="275" class="Tests\Unit\Playground\Matrix\Models\Flow\ModelTest" classname="Tests.Unit.Playground.Matrix.Models.Flow.ModelTest" assertions="7" time="0.025064"/>
        <testcase name="test_model_factory_make" file="/app/vendor/gammamatrix/playground-test/src/Unit/Models/ModelCase.php" line="291" class="Tests\Unit\Playground\Matrix\Models\Flow\ModelTest" classname="Tests.Unit.Playground.Matrix.Models.Flow.ModelTest" assertions="3" time="0.023488"/>
      </testsuite>
      <testsuite name="Tests\Unit\Playground\Matrix\Models\Milestone\ModelTest" file="/app/tests/Unit/Models/Milestone/ModelTest.php" tests="3" assertions="21" errors="0" failures="0" skipped="0" time="0.077769">
        <testcase name="test_model_instance" file="/app/vendor/gammamatrix/playground-test/src/Unit/Models/ModelCase.php" line="114" class="Tests\Unit\Playground\Matrix\Models\Milestone\ModelTest" classname="Tests.Unit.Playground.Matrix.Models.Milestone.ModelTest" assertions="1" time="0.023560"/>
        <testcase name="test_verify_model_relationships" file="/app/vendor/gammamatrix/playground-test/src/Unit/Models/ModelCase.php" line="275" class="Tests\Unit\Playground\Matrix\Models\Milestone\ModelTest" classname="Tests.Unit.Playground.Matrix.Models.Milestone.ModelTest" assertions="17" time="0.031692"/>
        <testcase name="test_model_factory_make" file="/app/vendor/gammamatrix/playground-test/src/Unit/Models/ModelCase.php" line="291" class="Tests\Unit\Playground\Matrix\Models\Milestone\ModelTest" classname="Tests.Unit.Playground.Matrix.Models.Milestone.ModelTest" assertions="3" time="0.022517"/>
      </testsuite>
      <testsuite name="Tests\Unit\Playground\Matrix\Models\Note\ModelTest" file="/app/tests/Unit/Models/Note/ModelTest.php" tests="3" assertions="9" errors="0" failures="0" skipped="0" time="0.062600">
        <testcase name="test_model_instance" file="/app/vendor/gammamatrix/playground-test/src/Unit/Models/ModelCase.php" line="114" class="Tests\Unit\Playground\Matrix\Models\Note\ModelTest" classname="Tests.Unit.Playground.Matrix.Models.Note.ModelTest" assertions="1" time="0.020517"/>
        <testcase name="test_verify_model_relationships" file="/app/vendor/gammamatrix/playground-test/src/Unit/Models/ModelCase.php" line="275" class="Tests\Unit\Playground\Matrix\Models\Note\ModelTest" classname="Tests.Unit.Playground.Matrix.Models.Note.ModelTest" assertions="5" time="0.020228"/>
        <testcase name="test_model_factory_make" file="/app/vendor/gammamatrix/playground-test/src/Unit/Models/ModelCase.php" line="291" class="Tests\Unit\Playground\Matrix\Models\Note\ModelTest" classname="Tests.Unit.Playground.Matrix.Models.Note.ModelTest" assertions="3" time="0.021855"/>
      </testsuite>
      <testsuite name="Tests\Unit\Playground\Matrix\Models\Project\ModelTest" file="/app/tests/Unit/Models/Project/ModelTest.php" tests="3" assertions="21" errors="0" failures="0" skipped="0" time="0.075197">
        <testcase name="test_model_instance" file="/app/vendor/gammamatrix/playground-test/src/Unit/Models/ModelCase.php" line="114" class="Tests\Unit\Playground\Matrix\Models\Project\ModelTest" classname="Tests.Unit.Playground.Matrix.Models.Project.ModelTest" assertions="1" time="0.021507"/>
        <testcase name="test_verify_model_relationships" file="/app/vendor/gammamatrix/playground-test/src/Unit/Models/ModelCase.php" line="275" class="Tests\Unit\Playground\Matrix\Models\Project\ModelTest" classname="Tests.Unit.Playground.Matrix.Models.Project.ModelTest" assertions="17" time="0.031135"/>
        <testcase name="test_model_factory_make" file="/app/vendor/gammamatrix/playground-test/src/Unit/Models/ModelCase.php" line="291" class="Tests\Unit\Playground\Matrix\Models\Project\ModelTest" classname="Tests.Unit.Playground.Matrix.Models.Project.ModelTest" assertions="3" time="0.022555"/>
      </testsuite>
      <testsuite name="Tests\Unit\Playground\Matrix\Models\Release\ModelTest" file="/app/tests/Unit/Models/Release/ModelTest.php" tests="3" assertions="21" errors="0" failures="0" skipped="0" time="0.074246">
        <testcase name="test_model_instance" file="/app/vendor/gammamatrix/playground-test/src/Unit/Models/ModelCase.php" line="114" class="Tests\Unit\Playground\Matrix\Models\Release\ModelTest" classname="Tests.Unit.Playground.Matrix.Models.Release.ModelTest" assertions="1" time="0.021635"/>
        <testcase name="test_verify_model_relationships" file="/app/vendor/gammamatrix/playground-test/src/Unit/Models/ModelCase.php" line="275" class="Tests\Unit\Playground\Matrix\Models\Release\ModelTest" classname="Tests.Unit.Playground.Matrix.Models.Release.ModelTest" assertions="17" time="0.030848"/>
        <testcase name="test_model_factory_make" file="/app/vendor/gammamatrix/playground-test/src/Unit/Models/ModelCase.php" line="291" class="Tests\Unit\Playground\Matrix\Models\Release\ModelTest" classname="Tests.Unit.Playground.Matrix.Models.Release.ModelTest" assertions="3" time="0.021763"/>
      </testsuite>
      <testsuite name="Tests\Unit\Playground\Matrix\Models\Roadmap\ModelTest" file="/app/tests/Unit/Models/Roadmap/ModelTest.php" tests="3" assertions="21" errors="0" failures="0" skipped="0" time="0.073350">
        <testcase name="test_model_instance" file="/app/vendor/gammamatrix/playground-test/src/Unit/Models/ModelCase.php" line="114" class="Tests\Unit\Playground\Matrix\Models\Roadmap\ModelTest" classname="Tests.Unit.Playground.Matrix.Models.Roadmap.ModelTest" assertions="1" time="0.020942"/>
        <testcase name="test_verify_model_relationships" file="/app/vendor/gammamatrix/playground-test/src/Unit/Models/ModelCase.php" line="275" class="Tests\Unit\Playground\Matrix\Models\Roadmap\ModelTest" classname="Tests.Unit.Playground.Matrix.Models.Roadmap.ModelTest" assertions="17" time="0.030247"/>
        <testcase name="test_model_factory_make" file="/app/vendor/gammamatrix/playground-test/src/Unit/Models/ModelCase.php" line="291" class="Tests\Unit\Playground\Matrix\Models\Roadmap\ModelTest" classname="Tests.Unit.Playground.Matrix.Models.Roadmap.ModelTest" assertions="3" time="0.022161"/>
      </testsuite>
      <testsuite name="Tests\Unit\Playground\Matrix\Models\Source\ModelTest" file="/app/tests/Unit/Models/Source/ModelTest.php" tests="3" assertions="21" errors="0" failures="0" skipped="0" time="0.078520">
        <testcase name="test_model_instance" file="/app/vendor/gammamatrix/playground-test/src/Unit/Models/ModelCase.php" line="114" class="Tests\Unit\Playground\Matrix\Models\Source\ModelTest" classname="Tests.Unit.Playground.Matrix.Models.Source.ModelTest" assertions="1" time="0.021494"/>
        <testcase name="test_verify_model_relationships" file="/app/vendor/gammamatrix/playground-test/src/Unit/Models/ModelCase.php" line="275" class="Tests\Unit\Playground\Matrix\Models\Source\ModelTest" classname="Tests.Unit.Playground.Matrix.Models.Source.ModelTest" assertions="17" time="0.034122"/>
        <testcase name="test_model_factory_make" file="/app/vendor/gammamatrix/playground-test/src/Unit/Models/ModelCase.php" line="291" class="Tests\Unit\Playground\Matrix\Models\Source\ModelTest" classname="Tests.Unit.Playground.Matrix.Models.Source.ModelTest" assertions="3" time="0.022904"/>
      </testsuite>
      <testsuite name="Tests\Unit\Playground\Matrix\Models\Sprint\ModelTest" file="/app/tests/Unit/Models/Sprint/ModelTest.php" tests="3" assertions="21" errors="0" failures="0" skipped="0" time="0.076809">
        <testcase name="test_model_instance" file="/app/vendor/gammamatrix/playground-test/src/Unit/Models/ModelCase.php" line="114" class="Tests\Unit\Playground\Matrix\Models\Sprint\ModelTest" classname="Tests.Unit.Playground.Matrix.Models.Sprint.ModelTest" assertions="1" time="0.021423"/>
        <testcase name="test_verify_model_relationships" file="/app/vendor/gammamatrix/playground-test/src/Unit/Models/ModelCase.php" line="275" class="Tests\Unit\Playground\Matrix\Models\Sprint\ModelTest" classname="Tests.Unit.Playground.Matrix.Models.Sprint.ModelTest" assertions="17" time="0.031227"/>
        <testcase name="test_model_factory_make" file="/app/vendor/gammamatrix/playground-test/src/Unit/Models/ModelCase.php" line="291" class="Tests\Unit\Playground\Matrix\Models\Sprint\ModelTest" classname="Tests.Unit.Playground.Matrix.Models.Sprint.ModelTest" assertions="3" time="0.024159"/>
      </testsuite>
      <testsuite name="Tests\Unit\Playground\Matrix\Models\Tag\ModelTest" file="/app/tests/Unit/Models/Tag/ModelTest.php" tests="3" assertions="21" errors="0" failures="0" skipped="0" time="0.077516">
        <testcase name="test_model_instance" file="/app/vendor/gammamatrix/playground-test/src/Unit/Models/ModelCase.php" line="114" class="Tests\Unit\Playground\Matrix\Models\Tag\ModelTest" classname="Tests.Unit.Playground.Matrix.Models.Tag.ModelTest" assertions="1" time="0.020636"/>
        <testcase name="test_verify_model_relationships" file="/app/vendor/gammamatrix/playground-test/src/Unit/Models/ModelCase.php" line="275" class="Tests\Unit\Playground\Matrix\Models\Tag\ModelTest" classname="Tests.Unit.Playground.Matrix.Models.Tag.ModelTest" assertions="17" time="0.031311"/>
        <testcase name="test_model_factory_make" file="/app/vendor/gammamatrix/playground-test/src/Unit/Models/ModelCase.php" line="291" class="Tests\Unit\Playground\Matrix\Models\Tag\ModelTest" classname="Tests.Unit.Playground.Matrix.Models.Tag.ModelTest" assertions="3" time="0.025568"/>
      </testsuite>
      <testsuite name="Tests\Unit\Playground\Matrix\Models\Team\ModelTest" file="/app/tests/Unit/Models/Team/ModelTest.php" tests="3" assertions="21" errors="0" failures="0" skipped="0" time="0.073801">
        <testcase name="test_model_instance" file="/app/vendor/gammamatrix/playground-test/src/Unit/Models/ModelCase.php" line="114" class="Tests\Unit\Playground\Matrix\Models\Team\ModelTest" classname="Tests.Unit.Playground.Matrix.Models.Team.ModelTest" assertions="1" time="0.021036"/>
        <testcase name="test_verify_model_relationships" file="/app/vendor/gammamatrix/playground-test/src/Unit/Models/ModelCase.php" line="275" class="Tests\Unit\Playground\Matrix\Models\Team\ModelTest" classname="Tests.Unit.Playground.Matrix.Models.Team.ModelTest" assertions="17" time="0.030733"/>
        <testcase name="test_model_factory_make" file="/app/vendor/gammamatrix/playground-test/src/Unit/Models/ModelCase.php" line="291" class="Tests\Unit\Playground\Matrix\Models\Team\ModelTest" classname="Tests.Unit.Playground.Matrix.Models.Team.ModelTest" assertions="3" time="0.022031"/>
      </testsuite>
      <testsuite name="Tests\Unit\Playground\Matrix\Models\Ticket\ModelTest" file="/app/tests/Unit/Models/Ticket/ModelTest.php" tests="3" assertions="23" errors="0" failures="0" skipped="0" time="0.074660">
        <testcase name="test_model_instance" file="/app/vendor/gammamatrix/playground-test/src/Unit/Models/ModelCase.php" line="114" class="Tests\Unit\Playground\Matrix\Models\Ticket\ModelTest" classname="Tests.Unit.Playground.Matrix.Models.Ticket.ModelTest" assertions="1" time="0.020738"/>
        <testcase name="test_verify_model_relationships" file="/app/vendor/gammamatrix/playground-test/src/Unit/Models/ModelCase.php" line="275" class="Tests\Unit\Playground\Matrix\Models\Ticket\ModelTest" classname="Tests.Unit.Playground.Matrix.Models.Ticket.ModelTest" assertions="19" time="0.032072"/>
        <testcase name="test_model_factory_make" file="/app/vendor/gammamatrix/playground-test/src/Unit/Models/ModelCase.php" line="291" class="Tests\Unit\Playground\Matrix\Models\Ticket\ModelTest" classname="Tests.Unit.Playground.Matrix.Models.Ticket.ModelTest" assertions="3" time="0.021849"/>
      </testsuite>
      <testsuite name="Tests\Unit\Playground\Matrix\Models\Version\ModelTest" file="/app/tests/Unit/Models/Version/ModelTest.php" tests="3" assertions="21" errors="0" failures="0" skipped="0" time="0.082091">
        <testcase name="test_model_instance" file="/app/vendor/gammamatrix/playground-test/src/Unit/Models/ModelCase.php" line="114" class="Tests\Unit\Playground\Matrix\Models\Version\ModelTest" classname="Tests.Unit.Playground.Matrix.Models.Version.ModelTest" assertions="1" time="0.025789"/>
        <testcase name="test_verify_model_relationships" file="/app/vendor/gammamatrix/playground-test/src/Unit/Models/ModelCase.php" line="275" class="Tests\Unit\Playground\Matrix\Models\Version\ModelTest" classname="Tests.Unit.Playground.Matrix.Models.Version.ModelTest" assertions="17" time="0.034006"/>
        <testcase name="test_model_factory_make" file="/app/vendor/gammamatrix/playground-test/src/Unit/Models/ModelCase.php" line="291" class="Tests\Unit\Playground\Matrix\Models\Version\ModelTest" classname="Tests.Unit.Playground.Matrix.Models.Version.ModelTest" assertions="3" time="0.022296"/>
      </testsuite>
    </testsuite>
    <testsuite name="Feature" tests="45" assertions="1450" errors="0" failures="0" skipped="0" time="23.372509">
      <testsuite name="Tests\Feature\Playground\Matrix\Models\Backlog\ModelTest" file="/app/tests/Feature/Models/Backlog/ModelTest.php" tests="3" assertions="112" errors="0" failures="0" skipped="0" time="1.689171">
        <testcase name="test_model_instance" file="/app/vendor/gammamatrix/playground-test/src/Feature/Models/ModelCase.php" line="108" class="Tests\Feature\Playground\Matrix\Models\Backlog\ModelTest" classname="Tests.Feature.Playground.Matrix.Models.Backlog.ModelTest" assertions="1" time="0.463253"/>
        <testcase name="test_verify_model_relationships" file="/app/vendor/gammamatrix/playground-test/src/Feature/Models/ModelCase.php" line="527" class="Tests\Feature\Playground\Matrix\Models\Backlog\ModelTest" classname="Tests.Feature.Playground.Matrix.Models.Backlog.ModelTest" assertions="108" time="0.834440"/>
        <testcase name="test_factory_create" file="/app/vendor/gammamatrix/playground-test/src/Feature/Models/ModelCase.php" line="543" class="Tests\Feature\Playground\Matrix\Models\Backlog\ModelTest" classname="Tests.Feature.Playground.Matrix.Models.Backlog.ModelTest" assertions="3" time="0.391478"/>
      </testsuite>
      <testsuite name="Tests\Feature\Playground\Matrix\Models\Board\ModelTest" file="/app/tests/Feature/Models/Board/ModelTest.php" tests="3" assertions="106" errors="0" failures="0" skipped="0" time="1.599949">
        <testcase name="test_model_instance" file="/app/vendor/gammamatrix/playground-test/src/Feature/Models/ModelCase.php" line="108" class="Tests\Feature\Playground\Matrix\Models\Board\ModelTest" classname="Tests.Feature.Playground.Matrix.Models.Board.ModelTest" assertions="1" time="0.384487"/>
        <testcase name="test_verify_model_relationships" file="/app/vendor/gammamatrix/playground-test/src/Feature/Models/ModelCase.php" line="527" class="Tests\Feature\Playground\Matrix\Models\Board\ModelTest" classname="Tests.Feature.Playground.Matrix.Models.Board.ModelTest" assertions="102" time="0.783499"/>
        <testcase name="test_factory_create" file="/app/vendor/gammamatrix/playground-test/src/Feature/Models/ModelCase.php" line="543" class="Tests\Feature\Playground\Matrix\Models\Board\ModelTest" classname="Tests.Feature.Playground.Matrix.Models.Board.ModelTest" assertions="3" time="0.431963"/>
      </testsuite>
      <testsuite name="Tests\Feature\Playground\Matrix\Models\Epic\ModelTest" file="/app/tests/Feature/Models/Epic/ModelTest.php" tests="3" assertions="106" errors="0" failures="0" skipped="0" time="1.551473">
        <testcase name="test_model_instance" file="/app/vendor/gammamatrix/playground-test/src/Feature/Models/ModelCase.php" line="108" class="Tests\Feature\Playground\Matrix\Models\Epic\ModelTest" classname="Tests.Feature.Playground.Matrix.Models.Epic.ModelTest" assertions="1" time="0.388632"/>
        <testcase name="test_verify_model_relationships" file="/app/vendor/gammamatrix/playground-test/src/Feature/Models/ModelCase.php" line="527" class="Tests\Feature\Playground\Matrix\Models\Epic\ModelTest" classname="Tests.Feature.Playground.Matrix.Models.Epic.ModelTest" assertions="102" time="0.772691"/>
        <testcase name="test_factory_create" file="/app/vendor/gammamatrix/playground-test/src/Feature/Models/ModelCase.php" line="543" class="Tests\Feature\Playground\Matrix\Models\Epic\ModelTest" classname="Tests.Feature.Playground.Matrix.Models.Epic.ModelTest" assertions="3" time="0.390150"/>
      </testsuite>
      <testsuite name="Tests\Feature\Playground\Matrix\Models\Flow\ModelTest" file="/app/tests/Feature/Models/Flow/ModelTest.php" tests="3" assertions="46" errors="0" failures="0" skipped="0" time="1.308489">
        <testcase name="test_model_instance" file="/app/vendor/gammamatrix/playground-test/src/Feature/Models/ModelCase.php" line="108" class="Tests\Feature\Playground\Matrix\Models\Flow\ModelTest" classname="Tests.Feature.Playground.Matrix.Models.Flow.ModelTest" assertions="1" time="0.381940"/>
        <testcase name="test_verify_model_relationships" file="/app/vendor/gammamatrix/playground-test/src/Feature/Models/ModelCase.php" line="527" class="Tests\Feature\Playground\Matrix\Models\Flow\ModelTest" classname="Tests.Feature.Playground.Matrix.Models.Flow.ModelTest" assertions="42" time="0.530616"/>
        <testcase name="test_factory_create" file="/app/vendor/gammamatrix/playground-test/src/Feature/Models/ModelCase.php" line="543" class="Tests\Feature\Playground\Matrix\Models\Flow\ModelTest" classname="Tests.Feature.Playground.Matrix.Models.Flow.ModelTest" assertions="3" time="0.395933"/>
      </testsuite>
      <testsuite name="Tests\Feature\Playground\Matrix\Models\Milestone\ModelTest" file="/app/tests/Feature/Models/Milestone/ModelTest.php" tests="3" assertions="106" errors="0" failures="0" skipped="0" time="1.542111">
        <testcase name="test_model_instance" file="/app/vendor/gammamatrix/playground-test/src/Feature/Models/ModelCase.php" line="108" class="Tests\Feature\Playground\Matrix\Models\Milestone\ModelTest" classname="Tests.Feature.Playground.Matrix.Models.Milestone.ModelTest" assertions="1" time="0.381966"/>
        <testcase name="test_verify_model_relationships" file="/app/vendor/gammamatrix/playground-test/src/Feature/Models/ModelCase.php" line="527" class="Tests\Feature\Playground\Matrix\Models\Milestone\ModelTest" classname="Tests.Feature.Playground.Matrix.Models.Milestone.ModelTest" assertions="102" time="0.768230"/>
        <testcase name="test_factory_create" file="/app/vendor/gammamatrix/playground-test/src/Feature/Models/ModelCase.php" line="543" class="Tests\Feature\Playground\Matrix\Models\Milestone\ModelTest" classname="Tests.Feature.Playground.Matrix.Models.Milestone.ModelTest" assertions="3" time="0.391916"/>
      </testsuite>
      <testsuite name="Tests\Feature\Playground\Matrix\Models\Note\ModelTest" file="/app/tests/Feature/Models/Note/ModelTest.php" tests="3" assertions="8" errors="0" failures="0" skipped="0" time="1.157535">
        <testcase name="test_model_instance" file="/app/vendor/gammamatrix/playground-test/src/Feature/Models/ModelCase.php" line="108" class="Tests\Feature\Playground\Matrix\Models\Note\ModelTest" classname="Tests.Feature.Playground.Matrix.Models.Note.ModelTest" assertions="1" time="0.385110"/>
        <testcase name="test_verify_model_relationships" file="/app/vendor/gammamatrix/playground-test/src/Feature/Models/ModelCase.php" line="527" class="Tests\Feature\Playground\Matrix\Models\Note\ModelTest" classname="Tests.Feature.Playground.Matrix.Models.Note.ModelTest" assertions="4" time="0.379732"/>
        <testcase name="test_factory_create" file="/app/vendor/gammamatrix/playground-test/src/Feature/Models/ModelCase.php" line="543" class="Tests\Feature\Playground\Matrix\Models\Note\ModelTest" classname="Tests.Feature.Playground.Matrix.Models.Note.ModelTest" assertions="3" time="0.392692"/>
      </testsuite>
      <testsuite name="Tests\Feature\Playground\Matrix\Models\Project\ModelTest" file="/app/tests/Feature/Models/Project/ModelTest.php" tests="3" assertions="106" errors="0" failures="0" skipped="0" time="1.561330">
        <testcase name="test_model_instance" file="/app/vendor/gammamatrix/playground-test/src/Feature/Models/ModelCase.php" line="108" class="Tests\Feature\Playground\Matrix\Models\Project\ModelTest" classname="Tests.Feature.Playground.Matrix.Models.Project.ModelTest" assertions="1" time="0.391503"/>
        <testcase name="test_verify_model_relationships" file="/app/vendor/gammamatrix/playground-test/src/Feature/Models/ModelCase.php" line="527" class="Tests\Feature\Playground\Matrix\Models\Project\ModelTest" classname="Tests.Feature.Playground.Matrix.Models.Project.ModelTest" assertions="102" time="0.773261"/>
        <testcase name="test_factory_create" file="/app/vendor/gammamatrix/playground-test/src/Feature/Models/ModelCase.php" line="543" class="Tests\Feature\Playground\Matrix\Models\Project\ModelTest" classname="Tests.Feature.Playground.Matrix.Models.Project.ModelTest" assertions="3" time="0.396566"/>
      </testsuite>
      <testsuite name="Tests\Feature\Playground\Matrix\Models\Release\ModelTest" file="/app/tests/Feature/Models/Release/ModelTest.php" tests="3" assertions="106" errors="0" failures="0" skipped="0" time="1.553017">
        <testcase name="test_model_instance" file="/app/vendor/gammamatrix/playground-test/src/Feature/Models/ModelCase.php" line="108" class="Tests\Feature\Playground\Matrix\Models\Release\ModelTest" classname="Tests.Feature.Playground.Matrix.Models.Release.ModelTest" assertions="1" time="0.380032"/>
        <testcase name="test_verify_model_relationships" file="/app/vendor/gammamatrix/playground-test/src/Feature/Models/ModelCase.php" line="527" class="Tests\Feature\Playground\Matrix\Models\Release\ModelTest" classname="Tests.Feature.Playground.Matrix.Models.Release.ModelTest" assertions="102" time="0.774970"/>
        <testcase name="test_factory_create" file="/app/vendor/gammamatrix/playground-test/src/Feature/Models/ModelCase.php" line="543" class="Tests\Feature\Playground\Matrix\Models\Release\ModelTest" classname="Tests.Feature.Playground.Matrix.Models.Release.ModelTest" assertions="3" time="0.398014"/>
      </testsuite>
      <testsuite name="Tests\Feature\Playground\Matrix\Models\Roadmap\ModelTest" file="/app/tests/Feature/Models/Roadmap/ModelTest.php" tests="3" assertions="106" errors="0" failures="0" skipped="0" time="1.564830">
        <testcase name="test_model_instance" file="/app/vendor/gammamatrix/playground-test/src/Feature/Models/ModelCase.php" line="108" class="Tests\Feature\Playground\Matrix\Models\Roadmap\ModelTest" classname="Tests.Feature.Playground.Matrix.Models.Roadmap.ModelTest" assertions="1" time="0.384769"/>
        <testcase name="test_verify_model_relationships" file="/app/vendor/gammamatrix/playground-test/src/Feature/Models/ModelCase.php" line="527" class="Tests\Feature\Playground\Matrix\Models\Roadmap\ModelTest" classname="Tests.Feature.Playground.Matrix.Models.Roadmap.ModelTest" assertions="102" time="0.786191"/>
        <testcase name="test_factory_create" file="/app/vendor/gammamatrix/playground-test/src/Feature/Models/ModelCase.php" line="543" class="Tests\Feature\Playground\Matrix\Models\Roadmap\ModelTest" classname="Tests.Feature.Playground.Matrix.Models.Roadmap.ModelTest" assertions="3" time="0.393870"/>
      </testsuite>
      <testsuite name="Tests\Feature\Playground\Matrix\Models\Source\ModelTest" file="/app/tests/Feature/Models/Source/ModelTest.php" tests="3" assertions="106" errors="0" failures="0" skipped="0" time="1.597049">
        <testcase name="test_model_instance" file="/app/vendor/gammamatrix/playground-test/src/Feature/Models/ModelCase.php" line="108" class="Tests\Feature\Playground\Matrix\Models\Source\ModelTest" classname="Tests.Feature.Playground.Matrix.Models.Source.ModelTest" assertions="1" time="0.382358"/>
        <testcase name="test_verify_model_relationships" file="/app/vendor/gammamatrix/playground-test/src/Feature/Models/ModelCase.php" line="527" class="Tests\Feature\Playground\Matrix\Models\Source\ModelTest" classname="Tests.Feature.Playground.Matrix.Models.Source.ModelTest" assertions="102" time="0.807744"/>
        <testcase name="test_factory_create" file="/app/vendor/gammamatrix/playground-test/src/Feature/Models/ModelCase.php" line="543" class="Tests\Feature\Playground\Matrix\Models\Source\ModelTest" classname="Tests.Feature.Playground.Matrix.Models.Source.ModelTest" assertions="3" time="0.406947"/>
      </testsuite>
      <testsuite name="Tests\Feature\Playground\Matrix\Models\Sprint\ModelTest" file="/app/tests/Feature/Models/Sprint/ModelTest.php" tests="3" assertions="106" errors="0" failures="0" skipped="0" time="1.631294">
        <testcase name="test_model_instance" file="/app/vendor/gammamatrix/playground-test/src/Feature/Models/ModelCase.php" line="108" class="Tests\Feature\Playground\Matrix\Models\Sprint\ModelTest" classname="Tests.Feature.Playground.Matrix.Models.Sprint.ModelTest" assertions="1" time="0.388986"/>
        <testcase name="test_verify_model_relationships" file="/app/vendor/gammamatrix/playground-test/src/Feature/Models/ModelCase.php" line="527" class="Tests\Feature\Playground\Matrix\Models\Sprint\ModelTest" classname="Tests.Feature.Playground.Matrix.Models.Sprint.ModelTest" assertions="102" time="0.841481"/>
        <testcase name="test_factory_create" file="/app/vendor/gammamatrix/playground-test/src/Feature/Models/ModelCase.php" line="543" class="Tests\Feature\Playground\Matrix\Models\Sprint\ModelTest" classname="Tests.Feature.Playground.Matrix.Models.Sprint.ModelTest" assertions="3" time="0.400827"/>
      </testsuite>
      <testsuite name="Tests\Feature\Playground\Matrix\Models\Tag\ModelTest" file="/app/tests/Feature/Models/Tag/ModelTest.php" tests="3" assertions="106" errors="0" failures="0" skipped="0" time="1.621883">
        <testcase name="test_model_instance" file="/app/vendor/gammamatrix/playground-test/src/Feature/Models/ModelCase.php" line="108" class="Tests\Feature\Playground\Matrix\Models\Tag\ModelTest" classname="Tests.Feature.Playground.Matrix.Models.Tag.ModelTest" assertions="1" time="0.390802"/>
        <testcase name="test_verify_model_relationships" file="/app/vendor/gammamatrix/playground-test/src/Feature/Models/ModelCase.php" line="527" class="Tests\Feature\Playground\Matrix\Models\Tag\ModelTest" classname="Tests.Feature.Playground.Matrix.Models.Tag.ModelTest" assertions="102" time="0.835834"/>
        <testcase name="test_factory_create" file="/app/vendor/gammamatrix/playground-test/src/Feature/Models/ModelCase.php" line="543" class="Tests\Feature\Playground\Matrix\Models\Tag\ModelTest" classname="Tests.Feature.Playground.Matrix.Models.Tag.ModelTest" assertions="3" time="0.395247"/>
      </testsuite>
      <testsuite name="Tests\Feature\Playground\Matrix\Models\Team\ModelTest" file="/app/tests/Feature/Models/Team/ModelTest.php" tests="3" assertions="106" errors="0" failures="0" skipped="0" time="1.628003">
        <testcase name="test_model_instance" file="/app/vendor/gammamatrix/playground-test/src/Feature/Models/ModelCase.php" line="108" class="Tests\Feature\Playground\Matrix\Models\Team\ModelTest" classname="Tests.Feature.Playground.Matrix.Models.Team.ModelTest" assertions="1" time="0.384789"/>
        <testcase name="test_verify_model_relationships" file="/app/vendor/gammamatrix/playground-test/src/Feature/Models/ModelCase.php" line="527" class="Tests\Feature\Playground\Matrix\Models\Team\ModelTest" classname="Tests.Feature.Playground.Matrix.Models.Team.ModelTest" assertions="102" time="0.845219"/>
        <testcase name="test_factory_create" file="/app/vendor/gammamatrix/playground-test/src/Feature/Models/ModelCase.php" line="543" class="Tests\Feature\Playground\Matrix\Models\Team\ModelTest" classname="Tests.Feature.Playground.Matrix.Models.Team.ModelTest" assertions="3" time="0.397995"/>
      </testsuite>
      <testsuite name="Tests\Feature\Playground\Matrix\Models\Ticket\ModelTest" file="/app/tests/Feature/Models/Ticket/ModelTest.php" tests="3" assertions="118" errors="0" failures="0" skipped="0" time="1.717005">
        <testcase name="test_model_instance" file="/app/vendor/gammamatrix/playground-test/src/Feature/Models/ModelCase.php" line="108" class="Tests\Feature\Playground\Matrix\Models\Ticket\ModelTest" classname="Tests.Feature.Playground.Matrix.Models.Ticket.ModelTest" assertions="1" time="0.385635"/>
        <testcase name="test_verify_model_relationships" file="/app/vendor/gammamatrix/playground-test/src/Feature/Models/ModelCase.php" line="527" class="Tests\Feature\Playground\Matrix\Models\Ticket\ModelTest" classname="Tests.Feature.Playground.Matrix.Models.Ticket.ModelTest" assertions="114" time="0.929352"/>
        <testcase name="test_factory_create" file="/app/vendor/gammamatrix/playground-test/src/Feature/Models/ModelCase.php" line="543" class="Tests\Feature\Playground\Matrix\Models\Ticket\ModelTest" classname="Tests.Feature.Playground.Matrix.Models.Ticket.ModelTest" assertions="3" time="0.402018"/>
      </testsuite>
      <testsuite name="Tests\Feature\Playground\Matrix\Models\Version\ModelTest" file="/app/tests/Feature/Models/Version/ModelTest.php" tests="3" assertions="106" errors="0" failures="0" skipped="0" time="1.649371">
        <testcase name="test_model_instance" file="/app/vendor/gammamatrix/playground-test/src/Feature/Models/ModelCase.php" line="108" class="Tests\Feature\Playground\Matrix\Models\Version\ModelTest" classname="Tests.Feature.Playground.Matrix.Models.Version.ModelTest" assertions="1" time="0.397961"/>
        <testcase name="test_verify_model_relationships" file="/app/vendor/gammamatrix/playground-test/src/Feature/Models/ModelCase.php" line="527" class="Tests\Feature\Playground\Matrix\Models\Version\ModelTest" classname="Tests.Feature.Playground.Matrix.Models.Version.ModelTest" assertions="102" time="0.857905"/>
        <testcase name="test_factory_create" file="/app/vendor/gammamatrix/playground-test/src/Feature/Models/ModelCase.php" line="543" class="Tests\Feature\Playground\Matrix\Models\Version\ModelTest" classname="Tests.Feature.Playground.Matrix.Models.Version.ModelTest" assertions="3" time="0.393506"/>
      </testsuite>
    </testsuite>
  </testsuite>
</testsuites>
